[0.815s] Invoking command in '/home/user/robot_ws/build/ah_bot_driver': PYTHONPATH=/home/user/robot_ws/build/ah_bot_driver/prefix_override:/usr/lib/python3/dist-packages/colcon_core/task/python/colcon_distutils_commands:/home/user/robot_ws/install/ah_bot_driver/lib/python3.10/site-packages:${PYTHONPATH} /usr/bin/python3 -W ignore:setup.py install is deprecated -W ignore:easy_install command is deprecated setup.py develop --uninstall --editable --build-directory /home/user/robot_ws/build/ah_bot_driver/build
[1.077s] running develop
[1.249s] Removing /home/user/robot_ws/install/ah_bot_driver/lib/python3.10/site-packages/ah-bot-driver.egg-link (link to .)
[1.282s] Invoked command in '/home/user/robot_ws/build/ah_bot_driver' returned '0': PYTHONPATH=/home/user/robot_ws/build/ah_bot_driver/prefix_override:/usr/lib/python3/dist-packages/colcon_core/task/python/colcon_distutils_commands:/home/user/robot_ws/install/ah_bot_driver/lib/python3.10/site-packages:${PYTHONPATH} /usr/bin/python3 -W ignore:setup.py install is deprecated -W ignore:easy_install command is deprecated setup.py develop --uninstall --editable --build-directory /home/user/robot_ws/build/ah_bot_driver/build
[1.283s] Invoking command in '/home/user/robot_ws/src/ah_bot_driver': PYTHONPATH=/home/user/robot_ws/build/ah_bot_driver/prefix_override:/usr/lib/python3/dist-packages/colcon_core/task/python/colcon_distutils_commands:/home/user/robot_ws/install/ah_bot_driver/lib/python3.10/site-packages:${PYTHONPATH} /usr/bin/python3 -W ignore:setup.py install is deprecated -W ignore:easy_install command is deprecated setup.py egg_info --egg-base ../../build/ah_bot_driver build --build-base /home/user/robot_ws/build/ah_bot_driver/build install --record /home/user/robot_ws/build/ah_bot_driver/install.log --single-version-externally-managed install_data --force
[1.580s] running egg_info
[1.581s] writing ../../build/ah_bot_driver/ah_bot_driver.egg-info/PKG-INFO
[1.581s] writing dependency_links to ../../build/ah_bot_driver/ah_bot_driver.egg-info/dependency_links.txt
[1.581s] writing entry points to ../../build/ah_bot_driver/ah_bot_driver.egg-info/entry_points.txt
[1.582s] writing requirements to ../../build/ah_bot_driver/ah_bot_driver.egg-info/requires.txt
[1.582s] writing top-level names to ../../build/ah_bot_driver/ah_bot_driver.egg-info/top_level.txt
[1.584s] reading manifest file '../../build/ah_bot_driver/ah_bot_driver.egg-info/SOURCES.txt'
[1.585s] writing manifest file '../../build/ah_bot_driver/ah_bot_driver.egg-info/SOURCES.txt'
[1.585s] running build
[1.585s] running build_py
[1.585s] creating /home/user/robot_ws/build/ah_bot_driver/build
[1.585s] creating /home/user/robot_ws/build/ah_bot_driver/build/lib
[1.585s] creating /home/user/robot_ws/build/ah_bot_driver/build/lib/ah_bot_driver
[1.585s] copying ah_bot_driver/__init__.py -> /home/user/robot_ws/build/ah_bot_driver/build/lib/ah_bot_driver
[1.585s] copying ah_bot_driver/driver_node.py -> /home/user/robot_ws/build/ah_bot_driver/build/lib/ah_bot_driver
[1.585s] running install
[1.586s] running install_lib
[1.587s] creating /home/user/robot_ws/install/ah_bot_driver/lib/python3.10/site-packages/ah_bot_driver
[1.587s] copying /home/user/robot_ws/build/ah_bot_driver/build/lib/ah_bot_driver/__init__.py -> /home/user/robot_ws/install/ah_bot_driver/lib/python3.10/site-packages/ah_bot_driver
[1.587s] copying /home/user/robot_ws/build/ah_bot_driver/build/lib/ah_bot_driver/driver_node.py -> /home/user/robot_ws/install/ah_bot_driver/lib/python3.10/site-packages/ah_bot_driver
[1.587s] byte-compiling /home/user/robot_ws/install/ah_bot_driver/lib/python3.10/site-packages/ah_bot_driver/__init__.py to __init__.cpython-310.pyc
[1.588s] byte-compiling /home/user/robot_ws/install/ah_bot_driver/lib/python3.10/site-packages/ah_bot_driver/driver_node.py to driver_node.cpython-310.pyc
[1.588s] running install_data
[1.589s] copying resource/ah_bot_driver -> /home/user/robot_ws/install/ah_bot_driver/share/ament_index/resource_index/packages
[1.589s] copying package.xml -> /home/user/robot_ws/install/ah_bot_driver/share/ah_bot_driver
[1.589s] running install_egg_info
[1.591s] Copying ../../build/ah_bot_driver/ah_bot_driver.egg-info to /home/user/robot_ws/install/ah_bot_driver/lib/python3.10/site-packages/ah_bot_driver-0.0.0-py3.10.egg-info
[1.592s] running install_scripts
[1.613s] Installing driver_node script to /home/user/robot_ws/install/ah_bot_driver/lib/ah_bot_driver
[1.614s] writing list of installed files to '/home/user/robot_ws/build/ah_bot_driver/install.log'
[1.639s] Invoked command in '/home/user/robot_ws/src/ah_bot_driver' returned '0': PYTHONPATH=/home/user/robot_ws/build/ah_bot_driver/prefix_override:/usr/lib/python3/dist-packages/colcon_core/task/python/colcon_distutils_commands:/home/user/robot_ws/install/ah_bot_driver/lib/python3.10/site-packages:${PYTHONPATH} /usr/bin/python3 -W ignore:setup.py install is deprecated -W ignore:easy_install command is deprecated setup.py egg_info --egg-base ../../build/ah_bot_driver build --build-base /home/user/robot_ws/build/ah_bot_driver/build install --record /home/user/robot_ws/build/ah_bot_driver/install.log --single-version-externally-managed install_data --force
