running develop
running egg_info
creating ah_bot_dashboard.egg-info
writing ah_bot_dashboard.egg-info/PKG-INFO
writing dependency_links to ah_bot_dashboard.egg-info/dependency_links.txt
writing entry points to ah_bot_dashboard.egg-info/entry_points.txt
writing requirements to ah_bot_dashboard.egg-info/requires.txt
writing top-level names to ah_bot_dashboard.egg-info/top_level.txt
writing manifest file 'ah_bot_dashboard.egg-info/SOURCES.txt'
reading manifest file 'ah_bot_dashboard.egg-info/SOURCES.txt'
writing manifest file 'ah_bot_dashboard.egg-info/SOURCES.txt'
running build_ext
Creating /home/user/robot_ws/install/ah_bot_dashboard/lib/python3.10/site-packages/ah-bot-dashboard.egg-link (link to .)
Installing controller script to /home/user/robot_ws/install/ah_bot_dashboard/lib/ah_bot_dashboard
Installing dashboard script to /home/user/robot_ws/install/ah_bot_dashboard/lib/ah_bot_dashboard
Installing vision_node script to /home/user/robot_ws/install/ah_bot_dashboard/lib/ah_bot_dashboard

Installed /home/user/robot_ws/build/ah_bot_dashboard
running symlink_data
creating /home/user/robot_ws/install/ah_bot_dashboard/share/ament_index
creating /home/user/robot_ws/install/ah_bot_dashboard/share/ament_index/resource_index
creating /home/user/robot_ws/install/ah_bot_dashboard/share/ament_index/resource_index/packages
symbolically linking /home/user/robot_ws/build/ah_bot_dashboard/resource/ah_bot_dashboard -> /home/user/robot_ws/install/ah_bot_dashboard/share/ament_index/resource_index/packages
symbolically linking /home/user/robot_ws/build/ah_bot_dashboard/package.xml -> /home/user/robot_ws/install/ah_bot_dashboard/share/ah_bot_dashboard
