[0.386s] DEBUG:colcon:Command line arguments: ['/usr/bin/colcon', 'build', '--symlink-install']
[0.386s] DEBUG:colcon:Parsed command line arguments: Namespace(log_base=None, log_level=None, verb_name='build', build_base='build', install_base='install', merge_install=False, symlink_install=True, test_result_base=None, continue_on_error=False, executor='parallel', parallel_workers=8, event_handlers=None, ignore_user_meta=False, metas=['./colcon.meta'], base_paths=['.'], packages_ignore=None, packages_ignore_regex=None, paths=None, packages_up_to=None, packages_up_to_regex=None, packages_above=None, packages_above_and_dependencies=None, packages_above_depth=None, packages_select_by_dep=None, packages_skip_by_dep=None, packages_skip_up_to=None, packages_select_build_failed=False, packages_skip_build_finished=False, packages_select_test_failures=False, packages_skip_test_passed=False, packages_select=None, packages_skip=None, packages_select_regex=None, packages_skip_regex=None, packages_start=None, packages_end=None, cmake_args=None, cmake_target=None, cmake_target_skip_unavailable=False, cmake_clean_cache=False, cmake_clean_first=False, cmake_force_configure=False, ament_cmake_args=None, catkin_cmake_args=None, catkin_skip_building_tests=False, mixin_files=None, mixin=None, verb_parser=<colcon_mixin.mixin.mixin_argument.MixinArgumentDecorator object at 0x7a801ef7f3d0>, verb_extension=<colcon_core.verb.build.BuildVerb object at 0x7a801f12c130>, main=<bound method BuildVerb.main of <colcon_core.verb.build.BuildVerb object at 0x7a801f12c130>>, mixin_verb=('build',))
[0.633s] Level 1:colcon.colcon_core.package_discovery:discover_packages(colcon_meta) check parameters
[0.633s] Level 1:colcon.colcon_core.package_discovery:discover_packages(recursive) check parameters
[0.633s] Level 1:colcon.colcon_core.package_discovery:discover_packages(ignore) check parameters
[0.633s] Level 1:colcon.colcon_core.package_discovery:discover_packages(path) check parameters
[0.634s] Level 1:colcon.colcon_core.package_discovery:discover_packages(colcon_meta) discover
[0.634s] Level 1:colcon.colcon_core.package_discovery:discover_packages(recursive) discover
[0.634s] INFO:colcon.colcon_core.package_discovery:Crawling recursively for packages in '/home/user/robot_ws'
[0.634s] Level 1:colcon.colcon_core.package_identification:_identify(.) by extensions ['ignore', 'ignore_ament_install']
[0.634s] Level 1:colcon.colcon_core.package_identification:_identify(.) by extension 'ignore'
[0.634s] Level 1:colcon.colcon_core.package_identification:_identify(.) by extension 'ignore_ament_install'
[0.635s] Level 1:colcon.colcon_core.package_identification:_identify(.) by extensions ['colcon_pkg']
[0.635s] Level 1:colcon.colcon_core.package_identification:_identify(.) by extension 'colcon_pkg'
[0.635s] Level 1:colcon.colcon_core.package_identification:_identify(.) by extensions ['colcon_meta']
[0.635s] Level 1:colcon.colcon_core.package_identification:_identify(.) by extension 'colcon_meta'
[0.635s] Level 1:colcon.colcon_core.package_identification:_identify(.) by extensions ['ros']
[0.635s] Level 1:colcon.colcon_core.package_identification:_identify(.) by extension 'ros'
[0.657s] Level 1:colcon.colcon_core.package_identification:_identify(.) by extensions ['cmake', 'python']
[0.657s] Level 1:colcon.colcon_core.package_identification:_identify(.) by extension 'cmake'
[0.657s] Level 1:colcon.colcon_core.package_identification:_identify(.) by extension 'python'
[0.657s] Level 1:colcon.colcon_core.package_identification:_identify(.) by extensions ['python_setup_py']
[0.657s] Level 1:colcon.colcon_core.package_identification:_identify(.) by extension 'python_setup_py'
[0.658s] Level 1:colcon.colcon_core.package_identification:_identify(AmazingHand-main) by extensions ['ignore', 'ignore_ament_install']
[0.658s] Level 1:colcon.colcon_core.package_identification:_identify(AmazingHand-main) by extension 'ignore'
[0.658s] Level 1:colcon.colcon_core.package_identification:_identify(AmazingHand-main) by extension 'ignore_ament_install'
[0.658s] Level 1:colcon.colcon_core.package_identification:_identify(AmazingHand-main) by extensions ['colcon_pkg']
[0.658s] Level 1:colcon.colcon_core.package_identification:_identify(AmazingHand-main) by extension 'colcon_pkg'
[0.658s] Level 1:colcon.colcon_core.package_identification:_identify(AmazingHand-main) by extensions ['colcon_meta']
[0.658s] Level 1:colcon.colcon_core.package_identification:_identify(AmazingHand-main) by extension 'colcon_meta'
[0.659s] Level 1:colcon.colcon_core.package_identification:_identify(AmazingHand-main) by extensions ['ros']
[0.659s] Level 1:colcon.colcon_core.package_identification:_identify(AmazingHand-main) by extension 'ros'
[0.659s] Level 1:colcon.colcon_core.package_identification:_identify(AmazingHand-main) by extensions ['cmake', 'python']
[0.659s] Level 1:colcon.colcon_core.package_identification:_identify(AmazingHand-main) by extension 'cmake'
[0.659s] Level 1:colcon.colcon_core.package_identification:_identify(AmazingHand-main) by extension 'python'
[0.659s] Level 1:colcon.colcon_core.package_identification:_identify(AmazingHand-main) by extensions ['python_setup_py']
[0.659s] Level 1:colcon.colcon_core.package_identification:_identify(AmazingHand-main) by extension 'python_setup_py'
[0.660s] Level 1:colcon.colcon_core.package_identification:_identify(AmazingHand-main/ArduinoExample) by extensions ['ignore', 'ignore_ament_install']
[0.660s] Level 1:colcon.colcon_core.package_identification:_identify(AmazingHand-main/ArduinoExample) by extension 'ignore'
[0.660s] Level 1:colcon.colcon_core.package_identification:_identify(AmazingHand-main/ArduinoExample) by extension 'ignore_ament_install'
[0.660s] Level 1:colcon.colcon_core.package_identification:_identify(AmazingHand-main/ArduinoExample) by extensions ['colcon_pkg']
[0.660s] Level 1:colcon.colcon_core.package_identification:_identify(AmazingHand-main/ArduinoExample) by extension 'colcon_pkg'
[0.660s] Level 1:colcon.colcon_core.package_identification:_identify(AmazingHand-main/ArduinoExample) by extensions ['colcon_meta']
[0.660s] Level 1:colcon.colcon_core.package_identification:_identify(AmazingHand-main/ArduinoExample) by extension 'colcon_meta'
[0.661s] Level 1:colcon.colcon_core.package_identification:_identify(AmazingHand-main/ArduinoExample) by extensions ['ros']
[0.661s] Level 1:colcon.colcon_core.package_identification:_identify(AmazingHand-main/ArduinoExample) by extension 'ros'
[0.661s] Level 1:colcon.colcon_core.package_identification:_identify(AmazingHand-main/ArduinoExample) by extensions ['cmake', 'python']
[0.661s] Level 1:colcon.colcon_core.package_identification:_identify(AmazingHand-main/ArduinoExample) by extension 'cmake'
[0.661s] Level 1:colcon.colcon_core.package_identification:_identify(AmazingHand-main/ArduinoExample) by extension 'python'
[0.661s] Level 1:colcon.colcon_core.package_identification:_identify(AmazingHand-main/ArduinoExample) by extensions ['python_setup_py']
[0.661s] Level 1:colcon.colcon_core.package_identification:_identify(AmazingHand-main/ArduinoExample) by extension 'python_setup_py'
[0.661s] Level 1:colcon.colcon_core.package_identification:_identify(AmazingHand-main/Demo) by extensions ['ignore', 'ignore_ament_install']
[0.662s] Level 1:colcon.colcon_core.package_identification:_identify(AmazingHand-main/Demo) by extension 'ignore'
[0.662s] Level 1:colcon.colcon_core.package_identification:_identify(AmazingHand-main/Demo) by extension 'ignore_ament_install'
[0.662s] Level 1:colcon.colcon_core.package_identification:_identify(AmazingHand-main/Demo) by extensions ['colcon_pkg']
[0.662s] Level 1:colcon.colcon_core.package_identification:_identify(AmazingHand-main/Demo) by extension 'colcon_pkg'
[0.662s] Level 1:colcon.colcon_core.package_identification:_identify(AmazingHand-main/Demo) by extensions ['colcon_meta']
[0.662s] Level 1:colcon.colcon_core.package_identification:_identify(AmazingHand-main/Demo) by extension 'colcon_meta'
[0.662s] Level 1:colcon.colcon_core.package_identification:_identify(AmazingHand-main/Demo) by extensions ['ros']
[0.662s] Level 1:colcon.colcon_core.package_identification:_identify(AmazingHand-main/Demo) by extension 'ros'
[0.663s] Level 1:colcon.colcon_core.package_identification:_identify(AmazingHand-main/Demo) by extensions ['cmake', 'python']
[0.663s] Level 1:colcon.colcon_core.package_identification:_identify(AmazingHand-main/Demo) by extension 'cmake'
[0.663s] Level 1:colcon.colcon_core.package_identification:_identify(AmazingHand-main/Demo) by extension 'python'
[0.663s] Level 1:colcon.colcon_core.package_identification:_identify(AmazingHand-main/Demo) by extensions ['python_setup_py']
[0.663s] Level 1:colcon.colcon_core.package_identification:_identify(AmazingHand-main/Demo) by extension 'python_setup_py'
[0.663s] Level 1:colcon.colcon_core.package_identification:_identify(AmazingHand-main/Demo/AHControl) by extensions ['ignore', 'ignore_ament_install']
[0.663s] Level 1:colcon.colcon_core.package_identification:_identify(AmazingHand-main/Demo/AHControl) by extension 'ignore'
[0.663s] Level 1:colcon.colcon_core.package_identification:_identify(AmazingHand-main/Demo/AHControl) by extension 'ignore_ament_install'
[0.664s] Level 1:colcon.colcon_core.package_identification:_identify(AmazingHand-main/Demo/AHControl) by extensions ['colcon_pkg']
[0.664s] Level 1:colcon.colcon_core.package_identification:_identify(AmazingHand-main/Demo/AHControl) by extension 'colcon_pkg'
[0.664s] Level 1:colcon.colcon_core.package_identification:_identify(AmazingHand-main/Demo/AHControl) by extensions ['colcon_meta']
[0.664s] Level 1:colcon.colcon_core.package_identification:_identify(AmazingHand-main/Demo/AHControl) by extension 'colcon_meta'
[0.664s] Level 1:colcon.colcon_core.package_identification:_identify(AmazingHand-main/Demo/AHControl) by extensions ['ros']
[0.664s] Level 1:colcon.colcon_core.package_identification:_identify(AmazingHand-main/Demo/AHControl) by extension 'ros'
[0.664s] Level 1:colcon.colcon_core.package_identification:_identify(AmazingHand-main/Demo/AHControl) by extensions ['cmake', 'python']
[0.664s] Level 1:colcon.colcon_core.package_identification:_identify(AmazingHand-main/Demo/AHControl) by extension 'cmake'
[0.664s] Level 1:colcon.colcon_core.package_identification:_identify(AmazingHand-main/Demo/AHControl) by extension 'python'
[0.664s] Level 1:colcon.colcon_core.package_identification:_identify(AmazingHand-main/Demo/AHControl) by extensions ['python_setup_py']
[0.664s] Level 1:colcon.colcon_core.package_identification:_identify(AmazingHand-main/Demo/AHControl) by extension 'python_setup_py'
[0.665s] Level 1:colcon.colcon_core.package_identification:_identify(AmazingHand-main/Demo/AHControl/config) by extensions ['ignore', 'ignore_ament_install']
[0.665s] Level 1:colcon.colcon_core.package_identification:_identify(AmazingHand-main/Demo/AHControl/config) by extension 'ignore'
[0.665s] Level 1:colcon.colcon_core.package_identification:_identify(AmazingHand-main/Demo/AHControl/config) by extension 'ignore_ament_install'
[0.665s] Level 1:colcon.colcon_core.package_identification:_identify(AmazingHand-main/Demo/AHControl/config) by extensions ['colcon_pkg']
[0.665s] Level 1:colcon.colcon_core.package_identification:_identify(AmazingHand-main/Demo/AHControl/config) by extension 'colcon_pkg'
[0.665s] Level 1:colcon.colcon_core.package_identification:_identify(AmazingHand-main/Demo/AHControl/config) by extensions ['colcon_meta']
[0.665s] Level 1:colcon.colcon_core.package_identification:_identify(AmazingHand-main/Demo/AHControl/config) by extension 'colcon_meta'
[0.665s] Level 1:colcon.colcon_core.package_identification:_identify(AmazingHand-main/Demo/AHControl/config) by extensions ['ros']
[0.665s] Level 1:colcon.colcon_core.package_identification:_identify(AmazingHand-main/Demo/AHControl/config) by extension 'ros'
[0.666s] Level 1:colcon.colcon_core.package_identification:_identify(AmazingHand-main/Demo/AHControl/config) by extensions ['cmake', 'python']
[0.666s] Level 1:colcon.colcon_core.package_identification:_identify(AmazingHand-main/Demo/AHControl/config) by extension 'cmake'
[0.666s] Level 1:colcon.colcon_core.package_identification:_identify(AmazingHand-main/Demo/AHControl/config) by extension 'python'
[0.666s] Level 1:colcon.colcon_core.package_identification:_identify(AmazingHand-main/Demo/AHControl/config) by extensions ['python_setup_py']
[0.666s] Level 1:colcon.colcon_core.package_identification:_identify(AmazingHand-main/Demo/AHControl/config) by extension 'python_setup_py'
[0.666s] Level 1:colcon.colcon_core.package_identification:_identify(AmazingHand-main/Demo/AHControl/src) by extensions ['ignore', 'ignore_ament_install']
[0.666s] Level 1:colcon.colcon_core.package_identification:_identify(AmazingHand-main/Demo/AHControl/src) by extension 'ignore'
[0.667s] Level 1:colcon.colcon_core.package_identification:_identify(AmazingHand-main/Demo/AHControl/src) by extension 'ignore_ament_install'
[0.667s] Level 1:colcon.colcon_core.package_identification:_identify(AmazingHand-main/Demo/AHControl/src) by extensions ['colcon_pkg']
[0.667s] Level 1:colcon.colcon_core.package_identification:_identify(AmazingHand-main/Demo/AHControl/src) by extension 'colcon_pkg'
[0.667s] Level 1:colcon.colcon_core.package_identification:_identify(AmazingHand-main/Demo/AHControl/src) by extensions ['colcon_meta']
[0.667s] Level 1:colcon.colcon_core.package_identification:_identify(AmazingHand-main/Demo/AHControl/src) by extension 'colcon_meta'
[0.667s] Level 1:colcon.colcon_core.package_identification:_identify(AmazingHand-main/Demo/AHControl/src) by extensions ['ros']
[0.667s] Level 1:colcon.colcon_core.package_identification:_identify(AmazingHand-main/Demo/AHControl/src) by extension 'ros'
[0.667s] Level 1:colcon.colcon_core.package_identification:_identify(AmazingHand-main/Demo/AHControl/src) by extensions ['cmake', 'python']
[0.667s] Level 1:colcon.colcon_core.package_identification:_identify(AmazingHand-main/Demo/AHControl/src) by extension 'cmake'
[0.667s] Level 1:colcon.colcon_core.package_identification:_identify(AmazingHand-main/Demo/AHControl/src) by extension 'python'
[0.667s] Level 1:colcon.colcon_core.package_identification:_identify(AmazingHand-main/Demo/AHControl/src) by extensions ['python_setup_py']
[0.667s] Level 1:colcon.colcon_core.package_identification:_identify(AmazingHand-main/Demo/AHControl/src) by extension 'python_setup_py'
[0.668s] Level 1:colcon.colcon_core.package_identification:_identify(AmazingHand-main/Demo/AHControl/src/bin) by extensions ['ignore', 'ignore_ament_install']
[0.668s] Level 1:colcon.colcon_core.package_identification:_identify(AmazingHand-main/Demo/AHControl/src/bin) by extension 'ignore'
[0.668s] Level 1:colcon.colcon_core.package_identification:_identify(AmazingHand-main/Demo/AHControl/src/bin) by extension 'ignore_ament_install'
[0.668s] Level 1:colcon.colcon_core.package_identification:_identify(AmazingHand-main/Demo/AHControl/src/bin) by extensions ['colcon_pkg']
[0.668s] Level 1:colcon.colcon_core.package_identification:_identify(AmazingHand-main/Demo/AHControl/src/bin) by extension 'colcon_pkg'
[0.668s] Level 1:colcon.colcon_core.package_identification:_identify(AmazingHand-main/Demo/AHControl/src/bin) by extensions ['colcon_meta']
[0.668s] Level 1:colcon.colcon_core.package_identification:_identify(AmazingHand-main/Demo/AHControl/src/bin) by extension 'colcon_meta'
[0.668s] Level 1:colcon.colcon_core.package_identification:_identify(AmazingHand-main/Demo/AHControl/src/bin) by extensions ['ros']
[0.668s] Level 1:colcon.colcon_core.package_identification:_identify(AmazingHand-main/Demo/AHControl/src/bin) by extension 'ros'
[0.668s] Level 1:colcon.colcon_core.package_identification:_identify(AmazingHand-main/Demo/AHControl/src/bin) by extensions ['cmake', 'python']
[0.668s] Level 1:colcon.colcon_core.package_identification:_identify(AmazingHand-main/Demo/AHControl/src/bin) by extension 'cmake'
[0.668s] Level 1:colcon.colcon_core.package_identification:_identify(AmazingHand-main/Demo/AHControl/src/bin) by extension 'python'
[0.668s] Level 1:colcon.colcon_core.package_identification:_identify(AmazingHand-main/Demo/AHControl/src/bin) by extensions ['python_setup_py']
[0.668s] Level 1:colcon.colcon_core.package_identification:_identify(AmazingHand-main/Demo/AHControl/src/bin) by extension 'python_setup_py'
[0.669s] Level 1:colcon.colcon_core.package_identification:_identify(AmazingHand-main/Demo/AHSimulation) by extensions ['ignore', 'ignore_ament_install']
[0.669s] Level 1:colcon.colcon_core.package_identification:_identify(AmazingHand-main/Demo/AHSimulation) by extension 'ignore'
[0.669s] Level 1:colcon.colcon_core.package_identification:_identify(AmazingHand-main/Demo/AHSimulation) by extension 'ignore_ament_install'
[0.669s] Level 1:colcon.colcon_core.package_identification:_identify(AmazingHand-main/Demo/AHSimulation) by extensions ['colcon_pkg']
[0.669s] Level 1:colcon.colcon_core.package_identification:_identify(AmazingHand-main/Demo/AHSimulation) by extension 'colcon_pkg'
[0.669s] Level 1:colcon.colcon_core.package_identification:_identify(AmazingHand-main/Demo/AHSimulation) by extensions ['colcon_meta']
[0.669s] Level 1:colcon.colcon_core.package_identification:_identify(AmazingHand-main/Demo/AHSimulation) by extension 'colcon_meta'
[0.669s] Level 1:colcon.colcon_core.package_identification:_identify(AmazingHand-main/Demo/AHSimulation) by extensions ['ros']
[0.669s] Level 1:colcon.colcon_core.package_identification:_identify(AmazingHand-main/Demo/AHSimulation) by extension 'ros'
[0.669s] Level 1:colcon.colcon_core.package_identification:_identify(AmazingHand-main/Demo/AHSimulation) by extensions ['cmake', 'python']
[0.669s] Level 1:colcon.colcon_core.package_identification:_identify(AmazingHand-main/Demo/AHSimulation) by extension 'cmake'
[0.669s] Level 1:colcon.colcon_core.package_identification:_identify(AmazingHand-main/Demo/AHSimulation) by extension 'python'
[0.669s] Level 1:colcon.colcon_core.package_identification:_identify(AmazingHand-main/Demo/AHSimulation) by extensions ['python_setup_py']
[0.669s] Level 1:colcon.colcon_core.package_identification:_identify(AmazingHand-main/Demo/AHSimulation) by extension 'python_setup_py'
[0.669s] Level 1:colcon.colcon_core.package_identification:_identify(AmazingHand-main/Demo/AHSimulation/AHSimulation) by extensions ['ignore', 'ignore_ament_install']
[0.670s] Level 1:colcon.colcon_core.package_identification:_identify(AmazingHand-main/Demo/AHSimulation/AHSimulation) by extension 'ignore'
[0.670s] Level 1:colcon.colcon_core.package_identification:_identify(AmazingHand-main/Demo/AHSimulation/AHSimulation) by extension 'ignore_ament_install'
[0.670s] Level 1:colcon.colcon_core.package_identification:_identify(AmazingHand-main/Demo/AHSimulation/AHSimulation) by extensions ['colcon_pkg']
[0.670s] Level 1:colcon.colcon_core.package_identification:_identify(AmazingHand-main/Demo/AHSimulation/AHSimulation) by extension 'colcon_pkg'
[0.670s] Level 1:colcon.colcon_core.package_identification:_identify(AmazingHand-main/Demo/AHSimulation/AHSimulation) by extensions ['colcon_meta']
[0.670s] Level 1:colcon.colcon_core.package_identification:_identify(AmazingHand-main/Demo/AHSimulation/AHSimulation) by extension 'colcon_meta'
[0.670s] Level 1:colcon.colcon_core.package_identification:_identify(AmazingHand-main/Demo/AHSimulation/AHSimulation) by extensions ['ros']
[0.670s] Level 1:colcon.colcon_core.package_identification:_identify(AmazingHand-main/Demo/AHSimulation/AHSimulation) by extension 'ros'
[0.670s] Level 1:colcon.colcon_core.package_identification:_identify(AmazingHand-main/Demo/AHSimulation/AHSimulation) by extensions ['cmake', 'python']
[0.670s] Level 1:colcon.colcon_core.package_identification:_identify(AmazingHand-main/Demo/AHSimulation/AHSimulation) by extension 'cmake'
[0.670s] Level 1:colcon.colcon_core.package_identification:_identify(AmazingHand-main/Demo/AHSimulation/AHSimulation) by extension 'python'
[0.670s] Level 1:colcon.colcon_core.package_identification:_identify(AmazingHand-main/Demo/AHSimulation/AHSimulation) by extensions ['python_setup_py']
[0.670s] Level 1:colcon.colcon_core.package_identification:_identify(AmazingHand-main/Demo/AHSimulation/AHSimulation) by extension 'python_setup_py'
[0.670s] Level 1:colcon.colcon_core.package_identification:_identify(AmazingHand-main/Demo/AHSimulation/AHSimulation/AH_Left) by extensions ['ignore', 'ignore_ament_install']
[0.670s] Level 1:colcon.colcon_core.package_identification:_identify(AmazingHand-main/Demo/AHSimulation/AHSimulation/AH_Left) by extension 'ignore'
[0.670s] Level 1:colcon.colcon_core.package_identification:_identify(AmazingHand-main/Demo/AHSimulation/AHSimulation/AH_Left) by extension 'ignore_ament_install'
[0.670s] Level 1:colcon.colcon_core.package_identification:_identify(AmazingHand-main/Demo/AHSimulation/AHSimulation/AH_Left) by extensions ['colcon_pkg']
[0.670s] Level 1:colcon.colcon_core.package_identification:_identify(AmazingHand-main/Demo/AHSimulation/AHSimulation/AH_Left) by extension 'colcon_pkg'
[0.670s] Level 1:colcon.colcon_core.package_identification:_identify(AmazingHand-main/Demo/AHSimulation/AHSimulation/AH_Left) by extensions ['colcon_meta']
[0.670s] Level 1:colcon.colcon_core.package_identification:_identify(AmazingHand-main/Demo/AHSimulation/AHSimulation/AH_Left) by extension 'colcon_meta'
[0.670s] Level 1:colcon.colcon_core.package_identification:_identify(AmazingHand-main/Demo/AHSimulation/AHSimulation/AH_Left) by extensions ['ros']
[0.671s] Level 1:colcon.colcon_core.package_identification:_identify(AmazingHand-main/Demo/AHSimulation/AHSimulation/AH_Left) by extension 'ros'
[0.671s] Level 1:colcon.colcon_core.package_identification:_identify(AmazingHand-main/Demo/AHSimulation/AHSimulation/AH_Left) by extensions ['cmake', 'python']
[0.671s] Level 1:colcon.colcon_core.package_identification:_identify(AmazingHand-main/Demo/AHSimulation/AHSimulation/AH_Left) by extension 'cmake'
[0.671s] Level 1:colcon.colcon_core.package_identification:_identify(AmazingHand-main/Demo/AHSimulation/AHSimulation/AH_Left) by extension 'python'
[0.671s] Level 1:colcon.colcon_core.package_identification:_identify(AmazingHand-main/Demo/AHSimulation/AHSimulation/AH_Left) by extensions ['python_setup_py']
[0.671s] Level 1:colcon.colcon_core.package_identification:_identify(AmazingHand-main/Demo/AHSimulation/AHSimulation/AH_Left) by extension 'python_setup_py'
[0.671s] Level 1:colcon.colcon_core.package_identification:_identify(AmazingHand-main/Demo/AHSimulation/AHSimulation/AH_Left/mjcf) by extensions ['ignore', 'ignore_ament_install']
[0.671s] Level 1:colcon.colcon_core.package_identification:_identify(AmazingHand-main/Demo/AHSimulation/AHSimulation/AH_Left/mjcf) by extension 'ignore'
[0.671s] Level 1:colcon.colcon_core.package_identification:_identify(AmazingHand-main/Demo/AHSimulation/AHSimulation/AH_Left/mjcf) by extension 'ignore_ament_install'
[0.671s] Level 1:colcon.colcon_core.package_identification:_identify(AmazingHand-main/Demo/AHSimulation/AHSimulation/AH_Left/mjcf) by extensions ['colcon_pkg']
[0.671s] Level 1:colcon.colcon_core.package_identification:_identify(AmazingHand-main/Demo/AHSimulation/AHSimulation/AH_Left/mjcf) by extension 'colcon_pkg'
[0.671s] Level 1:colcon.colcon_core.package_identification:_identify(AmazingHand-main/Demo/AHSimulation/AHSimulation/AH_Left/mjcf) by extensions ['colcon_meta']
[0.671s] Level 1:colcon.colcon_core.package_identification:_identify(AmazingHand-main/Demo/AHSimulation/AHSimulation/AH_Left/mjcf) by extension 'colcon_meta'
[0.671s] Level 1:colcon.colcon_core.package_identification:_identify(AmazingHand-main/Demo/AHSimulation/AHSimulation/AH_Left/mjcf) by extensions ['ros']
[0.671s] Level 1:colcon.colcon_core.package_identification:_identify(AmazingHand-main/Demo/AHSimulation/AHSimulation/AH_Left/mjcf) by extension 'ros'
[0.671s] Level 1:colcon.colcon_core.package_identification:_identify(AmazingHand-main/Demo/AHSimulation/AHSimulation/AH_Left/mjcf) by extensions ['cmake', 'python']
[0.671s] Level 1:colcon.colcon_core.package_identification:_identify(AmazingHand-main/Demo/AHSimulation/AHSimulation/AH_Left/mjcf) by extension 'cmake'
[0.671s] Level 1:colcon.colcon_core.package_identification:_identify(AmazingHand-main/Demo/AHSimulation/AHSimulation/AH_Left/mjcf) by extension 'python'
[0.671s] Level 1:colcon.colcon_core.package_identification:_identify(AmazingHand-main/Demo/AHSimulation/AHSimulation/AH_Left/mjcf) by extensions ['python_setup_py']
[0.671s] Level 1:colcon.colcon_core.package_identification:_identify(AmazingHand-main/Demo/AHSimulation/AHSimulation/AH_Left/mjcf) by extension 'python_setup_py'
[0.672s] Level 1:colcon.colcon_core.package_identification:_identify(AmazingHand-main/Demo/AHSimulation/AHSimulation/AH_Left/mjcf/assets) by extensions ['ignore', 'ignore_ament_install']
[0.672s] Level 1:colcon.colcon_core.package_identification:_identify(AmazingHand-main/Demo/AHSimulation/AHSimulation/AH_Left/mjcf/assets) by extension 'ignore'
[0.672s] Level 1:colcon.colcon_core.package_identification:_identify(AmazingHand-main/Demo/AHSimulation/AHSimulation/AH_Left/mjcf/assets) by extension 'ignore_ament_install'
[0.672s] Level 1:colcon.colcon_core.package_identification:_identify(AmazingHand-main/Demo/AHSimulation/AHSimulation/AH_Left/mjcf/assets) by extensions ['colcon_pkg']
[0.672s] Level 1:colcon.colcon_core.package_identification:_identify(AmazingHand-main/Demo/AHSimulation/AHSimulation/AH_Left/mjcf/assets) by extension 'colcon_pkg'
[0.672s] Level 1:colcon.colcon_core.package_identification:_identify(AmazingHand-main/Demo/AHSimulation/AHSimulation/AH_Left/mjcf/assets) by extensions ['colcon_meta']
[0.672s] Level 1:colcon.colcon_core.package_identification:_identify(AmazingHand-main/Demo/AHSimulation/AHSimulation/AH_Left/mjcf/assets) by extension 'colcon_meta'
[0.672s] Level 1:colcon.colcon_core.package_identification:_identify(AmazingHand-main/Demo/AHSimulation/AHSimulation/AH_Left/mjcf/assets) by extensions ['ros']
[0.672s] Level 1:colcon.colcon_core.package_identification:_identify(AmazingHand-main/Demo/AHSimulation/AHSimulation/AH_Left/mjcf/assets) by extension 'ros'
[0.672s] Level 1:colcon.colcon_core.package_identification:_identify(AmazingHand-main/Demo/AHSimulation/AHSimulation/AH_Left/mjcf/assets) by extensions ['cmake', 'python']
[0.672s] Level 1:colcon.colcon_core.package_identification:_identify(AmazingHand-main/Demo/AHSimulation/AHSimulation/AH_Left/mjcf/assets) by extension 'cmake'
[0.672s] Level 1:colcon.colcon_core.package_identification:_identify(AmazingHand-main/Demo/AHSimulation/AHSimulation/AH_Left/mjcf/assets) by extension 'python'
[0.672s] Level 1:colcon.colcon_core.package_identification:_identify(AmazingHand-main/Demo/AHSimulation/AHSimulation/AH_Left/mjcf/assets) by extensions ['python_setup_py']
[0.672s] Level 1:colcon.colcon_core.package_identification:_identify(AmazingHand-main/Demo/AHSimulation/AHSimulation/AH_Left/mjcf/assets) by extension 'python_setup_py'
[0.673s] Level 1:colcon.colcon_core.package_identification:_identify(AmazingHand-main/Demo/AHSimulation/AHSimulation/AH_Right) by extensions ['ignore', 'ignore_ament_install']
[0.673s] Level 1:colcon.colcon_core.package_identification:_identify(AmazingHand-main/Demo/AHSimulation/AHSimulation/AH_Right) by extension 'ignore'
[0.673s] Level 1:colcon.colcon_core.package_identification:_identify(AmazingHand-main/Demo/AHSimulation/AHSimulation/AH_Right) by extension 'ignore_ament_install'
[0.673s] Level 1:colcon.colcon_core.package_identification:_identify(AmazingHand-main/Demo/AHSimulation/AHSimulation/AH_Right) by extensions ['colcon_pkg']
[0.673s] Level 1:colcon.colcon_core.package_identification:_identify(AmazingHand-main/Demo/AHSimulation/AHSimulation/AH_Right) by extension 'colcon_pkg'
[0.673s] Level 1:colcon.colcon_core.package_identification:_identify(AmazingHand-main/Demo/AHSimulation/AHSimulation/AH_Right) by extensions ['colcon_meta']
[0.673s] Level 1:colcon.colcon_core.package_identification:_identify(AmazingHand-main/Demo/AHSimulation/AHSimulation/AH_Right) by extension 'colcon_meta'
[0.673s] Level 1:colcon.colcon_core.package_identification:_identify(AmazingHand-main/Demo/AHSimulation/AHSimulation/AH_Right) by extensions ['ros']
[0.673s] Level 1:colcon.colcon_core.package_identification:_identify(AmazingHand-main/Demo/AHSimulation/AHSimulation/AH_Right) by extension 'ros'
[0.674s] Level 1:colcon.colcon_core.package_identification:_identify(AmazingHand-main/Demo/AHSimulation/AHSimulation/AH_Right) by extensions ['cmake', 'python']
[0.674s] Level 1:colcon.colcon_core.package_identification:_identify(AmazingHand-main/Demo/AHSimulation/AHSimulation/AH_Right) by extension 'cmake'
[0.674s] Level 1:colcon.colcon_core.package_identification:_identify(AmazingHand-main/Demo/AHSimulation/AHSimulation/AH_Right) by extension 'python'
[0.674s] Level 1:colcon.colcon_core.package_identification:_identify(AmazingHand-main/Demo/AHSimulation/AHSimulation/AH_Right) by extensions ['python_setup_py']
[0.674s] Level 1:colcon.colcon_core.package_identification:_identify(AmazingHand-main/Demo/AHSimulation/AHSimulation/AH_Right) by extension 'python_setup_py'
[0.674s] Level 1:colcon.colcon_core.package_identification:_identify(AmazingHand-main/Demo/AHSimulation/AHSimulation/AH_Right/mjcf) by extensions ['ignore', 'ignore_ament_install']
[0.674s] Level 1:colcon.colcon_core.package_identification:_identify(AmazingHand-main/Demo/AHSimulation/AHSimulation/AH_Right/mjcf) by extension 'ignore'
[0.674s] Level 1:colcon.colcon_core.package_identification:_identify(AmazingHand-main/Demo/AHSimulation/AHSimulation/AH_Right/mjcf) by extension 'ignore_ament_install'
[0.674s] Level 1:colcon.colcon_core.package_identification:_identify(AmazingHand-main/Demo/AHSimulation/AHSimulation/AH_Right/mjcf) by extensions ['colcon_pkg']
[0.674s] Level 1:colcon.colcon_core.package_identification:_identify(AmazingHand-main/Demo/AHSimulation/AHSimulation/AH_Right/mjcf) by extension 'colcon_pkg'
[0.674s] Level 1:colcon.colcon_core.package_identification:_identify(AmazingHand-main/Demo/AHSimulation/AHSimulation/AH_Right/mjcf) by extensions ['colcon_meta']
[0.674s] Level 1:colcon.colcon_core.package_identification:_identify(AmazingHand-main/Demo/AHSimulation/AHSimulation/AH_Right/mjcf) by extension 'colcon_meta'
[0.675s] Level 1:colcon.colcon_core.package_identification:_identify(AmazingHand-main/Demo/AHSimulation/AHSimulation/AH_Right/mjcf) by extensions ['ros']
[0.675s] Level 1:colcon.colcon_core.package_identification:_identify(AmazingHand-main/Demo/AHSimulation/AHSimulation/AH_Right/mjcf) by extension 'ros'
[0.675s] Level 1:colcon.colcon_core.package_identification:_identify(AmazingHand-main/Demo/AHSimulation/AHSimulation/AH_Right/mjcf) by extensions ['cmake', 'python']
[0.675s] Level 1:colcon.colcon_core.package_identification:_identify(AmazingHand-main/Demo/AHSimulation/AHSimulation/AH_Right/mjcf) by extension 'cmake'
[0.675s] Level 1:colcon.colcon_core.package_identification:_identify(AmazingHand-main/Demo/AHSimulation/AHSimulation/AH_Right/mjcf) by extension 'python'
[0.675s] Level 1:colcon.colcon_core.package_identification:_identify(AmazingHand-main/Demo/AHSimulation/AHSimulation/AH_Right/mjcf) by extensions ['python_setup_py']
[0.675s] Level 1:colcon.colcon_core.package_identification:_identify(AmazingHand-main/Demo/AHSimulation/AHSimulation/AH_Right/mjcf) by extension 'python_setup_py'
[0.675s] Level 1:colcon.colcon_core.package_identification:_identify(AmazingHand-main/Demo/AHSimulation/AHSimulation/AH_Right/mjcf/assets) by extensions ['ignore', 'ignore_ament_install']
[0.676s] Level 1:colcon.colcon_core.package_identification:_identify(AmazingHand-main/Demo/AHSimulation/AHSimulation/AH_Right/mjcf/assets) by extension 'ignore'
[0.676s] Level 1:colcon.colcon_core.package_identification:_identify(AmazingHand-main/Demo/AHSimulation/AHSimulation/AH_Right/mjcf/assets) by extension 'ignore_ament_install'
[0.676s] Level 1:colcon.colcon_core.package_identification:_identify(AmazingHand-main/Demo/AHSimulation/AHSimulation/AH_Right/mjcf/assets) by extensions ['colcon_pkg']
[0.676s] Level 1:colcon.colcon_core.package_identification:_identify(AmazingHand-main/Demo/AHSimulation/AHSimulation/AH_Right/mjcf/assets) by extension 'colcon_pkg'
[0.676s] Level 1:colcon.colcon_core.package_identification:_identify(AmazingHand-main/Demo/AHSimulation/AHSimulation/AH_Right/mjcf/assets) by extensions ['colcon_meta']
[0.676s] Level 1:colcon.colcon_core.package_identification:_identify(AmazingHand-main/Demo/AHSimulation/AHSimulation/AH_Right/mjcf/assets) by extension 'colcon_meta'
[0.676s] Level 1:colcon.colcon_core.package_identification:_identify(AmazingHand-main/Demo/AHSimulation/AHSimulation/AH_Right/mjcf/assets) by extensions ['ros']
[0.676s] Level 1:colcon.colcon_core.package_identification:_identify(AmazingHand-main/Demo/AHSimulation/AHSimulation/AH_Right/mjcf/assets) by extension 'ros'
[0.676s] Level 1:colcon.colcon_core.package_identification:_identify(AmazingHand-main/Demo/AHSimulation/AHSimulation/AH_Right/mjcf/assets) by extensions ['cmake', 'python']
[0.676s] Level 1:colcon.colcon_core.package_identification:_identify(AmazingHand-main/Demo/AHSimulation/AHSimulation/AH_Right/mjcf/assets) by extension 'cmake'
[0.676s] Level 1:colcon.colcon_core.package_identification:_identify(AmazingHand-main/Demo/AHSimulation/AHSimulation/AH_Right/mjcf/assets) by extension 'python'
[0.676s] Level 1:colcon.colcon_core.package_identification:_identify(AmazingHand-main/Demo/AHSimulation/AHSimulation/AH_Right/mjcf/assets) by extensions ['python_setup_py']
[0.676s] Level 1:colcon.colcon_core.package_identification:_identify(AmazingHand-main/Demo/AHSimulation/AHSimulation/AH_Right/mjcf/assets) by extension 'python_setup_py'
[0.677s] Level 1:colcon.colcon_core.package_identification:_identify(AmazingHand-main/Demo/AHSimulation/examples) by extensions ['ignore', 'ignore_ament_install']
[0.677s] Level 1:colcon.colcon_core.package_identification:_identify(AmazingHand-main/Demo/AHSimulation/examples) by extension 'ignore'
[0.677s] Level 1:colcon.colcon_core.package_identification:_identify(AmazingHand-main/Demo/AHSimulation/examples) by extension 'ignore_ament_install'
[0.677s] Level 1:colcon.colcon_core.package_identification:_identify(AmazingHand-main/Demo/AHSimulation/examples) by extensions ['colcon_pkg']
[0.677s] Level 1:colcon.colcon_core.package_identification:_identify(AmazingHand-main/Demo/AHSimulation/examples) by extension 'colcon_pkg'
[0.677s] Level 1:colcon.colcon_core.package_identification:_identify(AmazingHand-main/Demo/AHSimulation/examples) by extensions ['colcon_meta']
[0.677s] Level 1:colcon.colcon_core.package_identification:_identify(AmazingHand-main/Demo/AHSimulation/examples) by extension 'colcon_meta'
[0.677s] Level 1:colcon.colcon_core.package_identification:_identify(AmazingHand-main/Demo/AHSimulation/examples) by extensions ['ros']
[0.677s] Level 1:colcon.colcon_core.package_identification:_identify(AmazingHand-main/Demo/AHSimulation/examples) by extension 'ros'
[0.677s] Level 1:colcon.colcon_core.package_identification:_identify(AmazingHand-main/Demo/AHSimulation/examples) by extensions ['cmake', 'python']
[0.677s] Level 1:colcon.colcon_core.package_identification:_identify(AmazingHand-main/Demo/AHSimulation/examples) by extension 'cmake'
[0.677s] Level 1:colcon.colcon_core.package_identification:_identify(AmazingHand-main/Demo/AHSimulation/examples) by extension 'python'
[0.677s] Level 1:colcon.colcon_core.package_identification:_identify(AmazingHand-main/Demo/AHSimulation/examples) by extensions ['python_setup_py']
[0.677s] Level 1:colcon.colcon_core.package_identification:_identify(AmazingHand-main/Demo/AHSimulation/examples) by extension 'python_setup_py'
[0.678s] Level 1:colcon.colcon_core.package_identification:_identify(AmazingHand-main/Demo/HandTracking) by extensions ['ignore', 'ignore_ament_install']
[0.678s] Level 1:colcon.colcon_core.package_identification:_identify(AmazingHand-main/Demo/HandTracking) by extension 'ignore'
[0.678s] Level 1:colcon.colcon_core.package_identification:_identify(AmazingHand-main/Demo/HandTracking) by extension 'ignore_ament_install'
[0.678s] Level 1:colcon.colcon_core.package_identification:_identify(AmazingHand-main/Demo/HandTracking) by extensions ['colcon_pkg']
[0.678s] Level 1:colcon.colcon_core.package_identification:_identify(AmazingHand-main/Demo/HandTracking) by extension 'colcon_pkg'
[0.678s] Level 1:colcon.colcon_core.package_identification:_identify(AmazingHand-main/Demo/HandTracking) by extensions ['colcon_meta']
[0.678s] Level 1:colcon.colcon_core.package_identification:_identify(AmazingHand-main/Demo/HandTracking) by extension 'colcon_meta'
[0.678s] Level 1:colcon.colcon_core.package_identification:_identify(AmazingHand-main/Demo/HandTracking) by extensions ['ros']
[0.678s] Level 1:colcon.colcon_core.package_identification:_identify(AmazingHand-main/Demo/HandTracking) by extension 'ros'
[0.678s] Level 1:colcon.colcon_core.package_identification:_identify(AmazingHand-main/Demo/HandTracking) by extensions ['cmake', 'python']
[0.678s] Level 1:colcon.colcon_core.package_identification:_identify(AmazingHand-main/Demo/HandTracking) by extension 'cmake'
[0.678s] Level 1:colcon.colcon_core.package_identification:_identify(AmazingHand-main/Demo/HandTracking) by extension 'python'
[0.678s] Level 1:colcon.colcon_core.package_identification:_identify(AmazingHand-main/Demo/HandTracking) by extensions ['python_setup_py']
[0.678s] Level 1:colcon.colcon_core.package_identification:_identify(AmazingHand-main/Demo/HandTracking) by extension 'python_setup_py'
[0.679s] Level 1:colcon.colcon_core.package_identification:_identify(AmazingHand-main/Demo/HandTracking/HandTracking) by extensions ['ignore', 'ignore_ament_install']
[0.679s] Level 1:colcon.colcon_core.package_identification:_identify(AmazingHand-main/Demo/HandTracking/HandTracking) by extension 'ignore'
[0.679s] Level 1:colcon.colcon_core.package_identification:_identify(AmazingHand-main/Demo/HandTracking/HandTracking) by extension 'ignore_ament_install'
[0.679s] Level 1:colcon.colcon_core.package_identification:_identify(AmazingHand-main/Demo/HandTracking/HandTracking) by extensions ['colcon_pkg']
[0.679s] Level 1:colcon.colcon_core.package_identification:_identify(AmazingHand-main/Demo/HandTracking/HandTracking) by extension 'colcon_pkg'
[0.679s] Level 1:colcon.colcon_core.package_identification:_identify(AmazingHand-main/Demo/HandTracking/HandTracking) by extensions ['colcon_meta']
[0.679s] Level 1:colcon.colcon_core.package_identification:_identify(AmazingHand-main/Demo/HandTracking/HandTracking) by extension 'colcon_meta'
[0.679s] Level 1:colcon.colcon_core.package_identification:_identify(AmazingHand-main/Demo/HandTracking/HandTracking) by extensions ['ros']
[0.679s] Level 1:colcon.colcon_core.package_identification:_identify(AmazingHand-main/Demo/HandTracking/HandTracking) by extension 'ros'
[0.679s] Level 1:colcon.colcon_core.package_identification:_identify(AmazingHand-main/Demo/HandTracking/HandTracking) by extensions ['cmake', 'python']
[0.679s] Level 1:colcon.colcon_core.package_identification:_identify(AmazingHand-main/Demo/HandTracking/HandTracking) by extension 'cmake'
[0.679s] Level 1:colcon.colcon_core.package_identification:_identify(AmazingHand-main/Demo/HandTracking/HandTracking) by extension 'python'
[0.679s] Level 1:colcon.colcon_core.package_identification:_identify(AmazingHand-main/Demo/HandTracking/HandTracking) by extensions ['python_setup_py']
[0.679s] Level 1:colcon.colcon_core.package_identification:_identify(AmazingHand-main/Demo/HandTracking/HandTracking) by extension 'python_setup_py'
[0.679s] Level 1:colcon.colcon_core.package_identification:_identify(AmazingHand-main/Demo/docs) by extensions ['ignore', 'ignore_ament_install']
[0.679s] Level 1:colcon.colcon_core.package_identification:_identify(AmazingHand-main/Demo/docs) by extension 'ignore'
[0.679s] Level 1:colcon.colcon_core.package_identification:_identify(AmazingHand-main/Demo/docs) by extension 'ignore_ament_install'
[0.679s] Level 1:colcon.colcon_core.package_identification:_identify(AmazingHand-main/Demo/docs) by extensions ['colcon_pkg']
[0.680s] Level 1:colcon.colcon_core.package_identification:_identify(AmazingHand-main/Demo/docs) by extension 'colcon_pkg'
[0.680s] Level 1:colcon.colcon_core.package_identification:_identify(AmazingHand-main/Demo/docs) by extensions ['colcon_meta']
[0.680s] Level 1:colcon.colcon_core.package_identification:_identify(AmazingHand-main/Demo/docs) by extension 'colcon_meta'
[0.680s] Level 1:colcon.colcon_core.package_identification:_identify(AmazingHand-main/Demo/docs) by extensions ['ros']
[0.680s] Level 1:colcon.colcon_core.package_identification:_identify(AmazingHand-main/Demo/docs) by extension 'ros'
[0.680s] Level 1:colcon.colcon_core.package_identification:_identify(AmazingHand-main/Demo/docs) by extensions ['cmake', 'python']
[0.680s] Level 1:colcon.colcon_core.package_identification:_identify(AmazingHand-main/Demo/docs) by extension 'cmake'
[0.680s] Level 1:colcon.colcon_core.package_identification:_identify(AmazingHand-main/Demo/docs) by extension 'python'
[0.680s] Level 1:colcon.colcon_core.package_identification:_identify(AmazingHand-main/Demo/docs) by extensions ['python_setup_py']
[0.680s] Level 1:colcon.colcon_core.package_identification:_identify(AmazingHand-main/Demo/docs) by extension 'python_setup_py'
[0.680s] Level 1:colcon.colcon_core.package_identification:_identify(AmazingHand-main/PythonExample) by extensions ['ignore', 'ignore_ament_install']
[0.680s] Level 1:colcon.colcon_core.package_identification:_identify(AmazingHand-main/PythonExample) by extension 'ignore'
[0.680s] Level 1:colcon.colcon_core.package_identification:_identify(AmazingHand-main/PythonExample) by extension 'ignore_ament_install'
[0.680s] Level 1:colcon.colcon_core.package_identification:_identify(AmazingHand-main/PythonExample) by extensions ['colcon_pkg']
[0.680s] Level 1:colcon.colcon_core.package_identification:_identify(AmazingHand-main/PythonExample) by extension 'colcon_pkg'
[0.680s] Level 1:colcon.colcon_core.package_identification:_identify(AmazingHand-main/PythonExample) by extensions ['colcon_meta']
[0.680s] Level 1:colcon.colcon_core.package_identification:_identify(AmazingHand-main/PythonExample) by extension 'colcon_meta'
[0.680s] Level 1:colcon.colcon_core.package_identification:_identify(AmazingHand-main/PythonExample) by extensions ['ros']
[0.680s] Level 1:colcon.colcon_core.package_identification:_identify(AmazingHand-main/PythonExample) by extension 'ros'
[0.680s] Level 1:colcon.colcon_core.package_identification:_identify(AmazingHand-main/PythonExample) by extensions ['cmake', 'python']
[0.680s] Level 1:colcon.colcon_core.package_identification:_identify(AmazingHand-main/PythonExample) by extension 'cmake'
[0.680s] Level 1:colcon.colcon_core.package_identification:_identify(AmazingHand-main/PythonExample) by extension 'python'
[0.681s] Level 1:colcon.colcon_core.package_identification:_identify(AmazingHand-main/PythonExample) by extensions ['python_setup_py']
[0.681s] Level 1:colcon.colcon_core.package_identification:_identify(AmazingHand-main/PythonExample) by extension 'python_setup_py'
[0.681s] Level 1:colcon.colcon_core.package_identification:_identify(AmazingHand-main/assets) by extensions ['ignore', 'ignore_ament_install']
[0.681s] Level 1:colcon.colcon_core.package_identification:_identify(AmazingHand-main/assets) by extension 'ignore'
[0.681s] Level 1:colcon.colcon_core.package_identification:_identify(AmazingHand-main/assets) by extension 'ignore_ament_install'
[0.681s] Level 1:colcon.colcon_core.package_identification:_identify(AmazingHand-main/assets) by extensions ['colcon_pkg']
[0.681s] Level 1:colcon.colcon_core.package_identification:_identify(AmazingHand-main/assets) by extension 'colcon_pkg'
[0.681s] Level 1:colcon.colcon_core.package_identification:_identify(AmazingHand-main/assets) by extensions ['colcon_meta']
[0.681s] Level 1:colcon.colcon_core.package_identification:_identify(AmazingHand-main/assets) by extension 'colcon_meta'
[0.681s] Level 1:colcon.colcon_core.package_identification:_identify(AmazingHand-main/assets) by extensions ['ros']
[0.681s] Level 1:colcon.colcon_core.package_identification:_identify(AmazingHand-main/assets) by extension 'ros'
[0.681s] Level 1:colcon.colcon_core.package_identification:_identify(AmazingHand-main/assets) by extensions ['cmake', 'python']
[0.681s] Level 1:colcon.colcon_core.package_identification:_identify(AmazingHand-main/assets) by extension 'cmake'
[0.681s] Level 1:colcon.colcon_core.package_identification:_identify(AmazingHand-main/assets) by extension 'python'
[0.681s] Level 1:colcon.colcon_core.package_identification:_identify(AmazingHand-main/assets) by extensions ['python_setup_py']
[0.681s] Level 1:colcon.colcon_core.package_identification:_identify(AmazingHand-main/assets) by extension 'python_setup_py'
[0.681s] Level 1:colcon.colcon_core.package_identification:_identify(AmazingHand-main/cad) by extensions ['ignore', 'ignore_ament_install']
[0.682s] Level 1:colcon.colcon_core.package_identification:_identify(AmazingHand-main/cad) by extension 'ignore'
[0.682s] Level 1:colcon.colcon_core.package_identification:_identify(AmazingHand-main/cad) by extension 'ignore_ament_install'
[0.682s] Level 1:colcon.colcon_core.package_identification:_identify(AmazingHand-main/cad) by extensions ['colcon_pkg']
[0.682s] Level 1:colcon.colcon_core.package_identification:_identify(AmazingHand-main/cad) by extension 'colcon_pkg'
[0.682s] Level 1:colcon.colcon_core.package_identification:_identify(AmazingHand-main/cad) by extensions ['colcon_meta']
[0.682s] Level 1:colcon.colcon_core.package_identification:_identify(AmazingHand-main/cad) by extension 'colcon_meta'
[0.682s] Level 1:colcon.colcon_core.package_identification:_identify(AmazingHand-main/cad) by extensions ['ros']
[0.682s] Level 1:colcon.colcon_core.package_identification:_identify(AmazingHand-main/cad) by extension 'ros'
[0.682s] Level 1:colcon.colcon_core.package_identification:_identify(AmazingHand-main/cad) by extensions ['cmake', 'python']
[0.682s] Level 1:colcon.colcon_core.package_identification:_identify(AmazingHand-main/cad) by extension 'cmake'
[0.682s] Level 1:colcon.colcon_core.package_identification:_identify(AmazingHand-main/cad) by extension 'python'
[0.682s] Level 1:colcon.colcon_core.package_identification:_identify(AmazingHand-main/cad) by extensions ['python_setup_py']
[0.682s] Level 1:colcon.colcon_core.package_identification:_identify(AmazingHand-main/cad) by extension 'python_setup_py'
[0.682s] Level 1:colcon.colcon_core.package_identification:_identify(AmazingHand-main/cad/step) by extensions ['ignore', 'ignore_ament_install']
[0.682s] Level 1:colcon.colcon_core.package_identification:_identify(AmazingHand-main/cad/step) by extension 'ignore'
[0.682s] Level 1:colcon.colcon_core.package_identification:_identify(AmazingHand-main/cad/step) by extension 'ignore_ament_install'
[0.682s] Level 1:colcon.colcon_core.package_identification:_identify(AmazingHand-main/cad/step) by extensions ['colcon_pkg']
[0.682s] Level 1:colcon.colcon_core.package_identification:_identify(AmazingHand-main/cad/step) by extension 'colcon_pkg'
[0.682s] Level 1:colcon.colcon_core.package_identification:_identify(AmazingHand-main/cad/step) by extensions ['colcon_meta']
[0.682s] Level 1:colcon.colcon_core.package_identification:_identify(AmazingHand-main/cad/step) by extension 'colcon_meta'
[0.683s] Level 1:colcon.colcon_core.package_identification:_identify(AmazingHand-main/cad/step) by extensions ['ros']
[0.683s] Level 1:colcon.colcon_core.package_identification:_identify(AmazingHand-main/cad/step) by extension 'ros'
[0.683s] Level 1:colcon.colcon_core.package_identification:_identify(AmazingHand-main/cad/step) by extensions ['cmake', 'python']
[0.683s] Level 1:colcon.colcon_core.package_identification:_identify(AmazingHand-main/cad/step) by extension 'cmake'
[0.683s] Level 1:colcon.colcon_core.package_identification:_identify(AmazingHand-main/cad/step) by extension 'python'
[0.683s] Level 1:colcon.colcon_core.package_identification:_identify(AmazingHand-main/cad/step) by extensions ['python_setup_py']
[0.683s] Level 1:colcon.colcon_core.package_identification:_identify(AmazingHand-main/cad/step) by extension 'python_setup_py'
[0.683s] Level 1:colcon.colcon_core.package_identification:_identify(AmazingHand-main/cad/stl) by extensions ['ignore', 'ignore_ament_install']
[0.683s] Level 1:colcon.colcon_core.package_identification:_identify(AmazingHand-main/cad/stl) by extension 'ignore'
[0.683s] Level 1:colcon.colcon_core.package_identification:_identify(AmazingHand-main/cad/stl) by extension 'ignore_ament_install'
[0.683s] Level 1:colcon.colcon_core.package_identification:_identify(AmazingHand-main/cad/stl) by extensions ['colcon_pkg']
[0.683s] Level 1:colcon.colcon_core.package_identification:_identify(AmazingHand-main/cad/stl) by extension 'colcon_pkg'
[0.683s] Level 1:colcon.colcon_core.package_identification:_identify(AmazingHand-main/cad/stl) by extensions ['colcon_meta']
[0.683s] Level 1:colcon.colcon_core.package_identification:_identify(AmazingHand-main/cad/stl) by extension 'colcon_meta'
[0.683s] Level 1:colcon.colcon_core.package_identification:_identify(AmazingHand-main/cad/stl) by extensions ['ros']
[0.683s] Level 1:colcon.colcon_core.package_identification:_identify(AmazingHand-main/cad/stl) by extension 'ros'
[0.683s] Level 1:colcon.colcon_core.package_identification:_identify(AmazingHand-main/cad/stl) by extensions ['cmake', 'python']
[0.683s] Level 1:colcon.colcon_core.package_identification:_identify(AmazingHand-main/cad/stl) by extension 'cmake'
[0.683s] Level 1:colcon.colcon_core.package_identification:_identify(AmazingHand-main/cad/stl) by extension 'python'
[0.683s] Level 1:colcon.colcon_core.package_identification:_identify(AmazingHand-main/cad/stl) by extensions ['python_setup_py']
[0.683s] Level 1:colcon.colcon_core.package_identification:_identify(AmazingHand-main/cad/stl) by extension 'python_setup_py'
[0.683s] Level 1:colcon.colcon_core.package_identification:_identify(AmazingHand-main/docs) by extensions ['ignore', 'ignore_ament_install']
[0.684s] Level 1:colcon.colcon_core.package_identification:_identify(AmazingHand-main/docs) by extension 'ignore'
[0.684s] Level 1:colcon.colcon_core.package_identification:_identify(AmazingHand-main/docs) by extension 'ignore_ament_install'
[0.684s] Level 1:colcon.colcon_core.package_identification:_identify(AmazingHand-main/docs) by extensions ['colcon_pkg']
[0.684s] Level 1:colcon.colcon_core.package_identification:_identify(AmazingHand-main/docs) by extension 'colcon_pkg'
[0.684s] Level 1:colcon.colcon_core.package_identification:_identify(AmazingHand-main/docs) by extensions ['colcon_meta']
[0.684s] Level 1:colcon.colcon_core.package_identification:_identify(AmazingHand-main/docs) by extension 'colcon_meta'
[0.684s] Level 1:colcon.colcon_core.package_identification:_identify(AmazingHand-main/docs) by extensions ['ros']
[0.684s] Level 1:colcon.colcon_core.package_identification:_identify(AmazingHand-main/docs) by extension 'ros'
[0.684s] Level 1:colcon.colcon_core.package_identification:_identify(AmazingHand-main/docs) by extensions ['cmake', 'python']
[0.684s] Level 1:colcon.colcon_core.package_identification:_identify(AmazingHand-main/docs) by extension 'cmake'
[0.684s] Level 1:colcon.colcon_core.package_identification:_identify(AmazingHand-main/docs) by extension 'python'
[0.684s] Level 1:colcon.colcon_core.package_identification:_identify(AmazingHand-main/docs) by extensions ['python_setup_py']
[0.684s] Level 1:colcon.colcon_core.package_identification:_identify(AmazingHand-main/docs) by extension 'python_setup_py'
[0.684s] Level 1:colcon.colcon_core.package_identification:_identify(build) by extensions ['ignore', 'ignore_ament_install']
[0.684s] Level 1:colcon.colcon_core.package_identification:_identify(build) by extension 'ignore'
[0.684s] Level 1:colcon.colcon_core.package_identification:_identify(build) ignored
[0.684s] Level 1:colcon.colcon_core.package_identification:_identify(install) by extensions ['ignore', 'ignore_ament_install']
[0.684s] Level 1:colcon.colcon_core.package_identification:_identify(install) by extension 'ignore'
[0.684s] Level 1:colcon.colcon_core.package_identification:_identify(install) ignored
[0.684s] Level 1:colcon.colcon_core.package_identification:_identify(log) by extensions ['ignore', 'ignore_ament_install']
[0.685s] Level 1:colcon.colcon_core.package_identification:_identify(log) by extension 'ignore'
[0.685s] Level 1:colcon.colcon_core.package_identification:_identify(log) ignored
[0.685s] Level 1:colcon.colcon_core.package_identification:_identify(src) by extensions ['ignore', 'ignore_ament_install']
[0.685s] Level 1:colcon.colcon_core.package_identification:_identify(src) by extension 'ignore'
[0.685s] Level 1:colcon.colcon_core.package_identification:_identify(src) by extension 'ignore_ament_install'
[0.685s] Level 1:colcon.colcon_core.package_identification:_identify(src) by extensions ['colcon_pkg']
[0.685s] Level 1:colcon.colcon_core.package_identification:_identify(src) by extension 'colcon_pkg'
[0.685s] Level 1:colcon.colcon_core.package_identification:_identify(src) by extensions ['colcon_meta']
[0.685s] Level 1:colcon.colcon_core.package_identification:_identify(src) by extension 'colcon_meta'
[0.685s] Level 1:colcon.colcon_core.package_identification:_identify(src) by extensions ['ros']
[0.685s] Level 1:colcon.colcon_core.package_identification:_identify(src) by extension 'ros'
[0.685s] Level 1:colcon.colcon_core.package_identification:_identify(src) by extensions ['cmake', 'python']
[0.685s] Level 1:colcon.colcon_core.package_identification:_identify(src) by extension 'cmake'
[0.685s] Level 1:colcon.colcon_core.package_identification:_identify(src) by extension 'python'
[0.685s] Level 1:colcon.colcon_core.package_identification:_identify(src) by extensions ['python_setup_py']
[0.685s] Level 1:colcon.colcon_core.package_identification:_identify(src) by extension 'python_setup_py'
[0.685s] Level 1:colcon.colcon_core.package_identification:_identify(src/ah_bot_dashboard) by extensions ['ignore', 'ignore_ament_install']
[0.685s] Level 1:colcon.colcon_core.package_identification:_identify(src/ah_bot_dashboard) by extension 'ignore'
[0.685s] Level 1:colcon.colcon_core.package_identification:_identify(src/ah_bot_dashboard) by extension 'ignore_ament_install'
[0.685s] Level 1:colcon.colcon_core.package_identification:_identify(src/ah_bot_dashboard) by extensions ['colcon_pkg']
[0.685s] Level 1:colcon.colcon_core.package_identification:_identify(src/ah_bot_dashboard) by extension 'colcon_pkg'
[0.686s] Level 1:colcon.colcon_core.package_identification:_identify(src/ah_bot_dashboard) by extensions ['colcon_meta']
[0.686s] Level 1:colcon.colcon_core.package_identification:_identify(src/ah_bot_dashboard) by extension 'colcon_meta'
[0.686s] Level 1:colcon.colcon_core.package_identification:_identify(src/ah_bot_dashboard) by extensions ['ros']
[0.686s] Level 1:colcon.colcon_core.package_identification:_identify(src/ah_bot_dashboard) by extension 'ros'
[0.690s] DEBUG:colcon.colcon_core.package_identification:Package 'src/ah_bot_dashboard' with type 'ros.ament_python' and name 'ah_bot_dashboard'
[0.690s] Level 1:colcon.colcon_core.package_identification:_identify(src/ah_bot_driver) by extensions ['ignore', 'ignore_ament_install']
[0.690s] Level 1:colcon.colcon_core.package_identification:_identify(src/ah_bot_driver) by extension 'ignore'
[0.691s] Level 1:colcon.colcon_core.package_identification:_identify(src/ah_bot_driver) by extension 'ignore_ament_install'
[0.691s] Level 1:colcon.colcon_core.package_identification:_identify(src/ah_bot_driver) by extensions ['colcon_pkg']
[0.691s] Level 1:colcon.colcon_core.package_identification:_identify(src/ah_bot_driver) by extension 'colcon_pkg'
[0.691s] Level 1:colcon.colcon_core.package_identification:_identify(src/ah_bot_driver) by extensions ['colcon_meta']
[0.691s] Level 1:colcon.colcon_core.package_identification:_identify(src/ah_bot_driver) by extension 'colcon_meta'
[0.691s] Level 1:colcon.colcon_core.package_identification:_identify(src/ah_bot_driver) by extensions ['ros']
[0.691s] Level 1:colcon.colcon_core.package_identification:_identify(src/ah_bot_driver) by extension 'ros'
[0.693s] DEBUG:colcon.colcon_core.package_identification:Package 'src/ah_bot_driver' with type 'ros.ament_python' and name 'ah_bot_driver'
[0.693s] Level 1:colcon.colcon_core.package_identification:_identify(src/ah_bot_mujoco) by extensions ['ignore', 'ignore_ament_install']
[0.693s] Level 1:colcon.colcon_core.package_identification:_identify(src/ah_bot_mujoco) by extension 'ignore'
[0.693s] Level 1:colcon.colcon_core.package_identification:_identify(src/ah_bot_mujoco) by extension 'ignore_ament_install'
[0.694s] Level 1:colcon.colcon_core.package_identification:_identify(src/ah_bot_mujoco) by extensions ['colcon_pkg']
[0.694s] Level 1:colcon.colcon_core.package_identification:_identify(src/ah_bot_mujoco) by extension 'colcon_pkg'
[0.694s] Level 1:colcon.colcon_core.package_identification:_identify(src/ah_bot_mujoco) by extensions ['colcon_meta']
[0.694s] Level 1:colcon.colcon_core.package_identification:_identify(src/ah_bot_mujoco) by extension 'colcon_meta'
[0.694s] Level 1:colcon.colcon_core.package_identification:_identify(src/ah_bot_mujoco) by extensions ['ros']
[0.694s] Level 1:colcon.colcon_core.package_identification:_identify(src/ah_bot_mujoco) by extension 'ros'
[0.695s] DEBUG:colcon.colcon_core.package_identification:Package 'src/ah_bot_mujoco' with type 'ros.ament_python' and name 'ah_bot_mujoco'
[0.696s] Level 1:colcon.colcon_core.package_discovery:discover_packages(recursive) using defaults
[0.696s] Level 1:colcon.colcon_core.package_discovery:discover_packages(ignore) discover
[0.696s] Level 1:colcon.colcon_core.package_discovery:discover_packages(ignore) using defaults
[0.696s] Level 1:colcon.colcon_core.package_discovery:discover_packages(path) discover
[0.696s] Level 1:colcon.colcon_core.package_discovery:discover_packages(path) using defaults
[0.735s] Level 5:colcon.colcon_core.verb:set package 'ah_bot_dashboard' build argument 'cmake_args' from command line to 'None'
[0.735s] Level 5:colcon.colcon_core.verb:set package 'ah_bot_dashboard' build argument 'cmake_target' from command line to 'None'
[0.735s] Level 5:colcon.colcon_core.verb:set package 'ah_bot_dashboard' build argument 'cmake_target_skip_unavailable' from command line to 'False'
[0.735s] Level 5:colcon.colcon_core.verb:set package 'ah_bot_dashboard' build argument 'cmake_clean_cache' from command line to 'False'
[0.735s] Level 5:colcon.colcon_core.verb:set package 'ah_bot_dashboard' build argument 'cmake_clean_first' from command line to 'False'
[0.735s] Level 5:colcon.colcon_core.verb:set package 'ah_bot_dashboard' build argument 'cmake_force_configure' from command line to 'False'
[0.736s] Level 5:colcon.colcon_core.verb:set package 'ah_bot_dashboard' build argument 'ament_cmake_args' from command line to 'None'
[0.736s] Level 5:colcon.colcon_core.verb:set package 'ah_bot_dashboard' build argument 'catkin_cmake_args' from command line to 'None'
[0.736s] Level 5:colcon.colcon_core.verb:set package 'ah_bot_dashboard' build argument 'catkin_skip_building_tests' from command line to 'False'
[0.736s] DEBUG:colcon.colcon_core.verb:Building package 'ah_bot_dashboard' with the following arguments: {'ament_cmake_args': None, 'build_base': '/home/user/robot_ws/build/ah_bot_dashboard', 'catkin_cmake_args': None, 'catkin_skip_building_tests': False, 'cmake_args': None, 'cmake_clean_cache': False, 'cmake_clean_first': False, 'cmake_force_configure': False, 'cmake_target': None, 'cmake_target_skip_unavailable': False, 'install_base': '/home/user/robot_ws/install/ah_bot_dashboard', 'merge_install': False, 'path': '/home/user/robot_ws/src/ah_bot_dashboard', 'symlink_install': True, 'test_result_base': None}
[0.736s] Level 5:colcon.colcon_core.verb:set package 'ah_bot_driver' build argument 'cmake_args' from command line to 'None'
[0.736s] Level 5:colcon.colcon_core.verb:set package 'ah_bot_driver' build argument 'cmake_target' from command line to 'None'
[0.736s] Level 5:colcon.colcon_core.verb:set package 'ah_bot_driver' build argument 'cmake_target_skip_unavailable' from command line to 'False'
[0.736s] Level 5:colcon.colcon_core.verb:set package 'ah_bot_driver' build argument 'cmake_clean_cache' from command line to 'False'
[0.736s] Level 5:colcon.colcon_core.verb:set package 'ah_bot_driver' build argument 'cmake_clean_first' from command line to 'False'
[0.736s] Level 5:colcon.colcon_core.verb:set package 'ah_bot_driver' build argument 'cmake_force_configure' from command line to 'False'
[0.736s] Level 5:colcon.colcon_core.verb:set package 'ah_bot_driver' build argument 'ament_cmake_args' from command line to 'None'
[0.736s] Level 5:colcon.colcon_core.verb:set package 'ah_bot_driver' build argument 'catkin_cmake_args' from command line to 'None'
[0.737s] Level 5:colcon.colcon_core.verb:set package 'ah_bot_driver' build argument 'catkin_skip_building_tests' from command line to 'False'
[0.737s] DEBUG:colcon.colcon_core.verb:Building package 'ah_bot_driver' with the following arguments: {'ament_cmake_args': None, 'build_base': '/home/user/robot_ws/build/ah_bot_driver', 'catkin_cmake_args': None, 'catkin_skip_building_tests': False, 'cmake_args': None, 'cmake_clean_cache': False, 'cmake_clean_first': False, 'cmake_force_configure': False, 'cmake_target': None, 'cmake_target_skip_unavailable': False, 'install_base': '/home/user/robot_ws/install/ah_bot_driver', 'merge_install': False, 'path': '/home/user/robot_ws/src/ah_bot_driver', 'symlink_install': True, 'test_result_base': None}
[0.737s] Level 5:colcon.colcon_core.verb:set package 'ah_bot_mujoco' build argument 'cmake_args' from command line to 'None'
[0.737s] Level 5:colcon.colcon_core.verb:set package 'ah_bot_mujoco' build argument 'cmake_target' from command line to 'None'
[0.737s] Level 5:colcon.colcon_core.verb:set package 'ah_bot_mujoco' build argument 'cmake_target_skip_unavailable' from command line to 'False'
[0.737s] Level 5:colcon.colcon_core.verb:set package 'ah_bot_mujoco' build argument 'cmake_clean_cache' from command line to 'False'
[0.737s] Level 5:colcon.colcon_core.verb:set package 'ah_bot_mujoco' build argument 'cmake_clean_first' from command line to 'False'
[0.737s] Level 5:colcon.colcon_core.verb:set package 'ah_bot_mujoco' build argument 'cmake_force_configure' from command line to 'False'
[0.737s] Level 5:colcon.colcon_core.verb:set package 'ah_bot_mujoco' build argument 'ament_cmake_args' from command line to 'None'
[0.737s] Level 5:colcon.colcon_core.verb:set package 'ah_bot_mujoco' build argument 'catkin_cmake_args' from command line to 'None'
[0.737s] Level 5:colcon.colcon_core.verb:set package 'ah_bot_mujoco' build argument 'catkin_skip_building_tests' from command line to 'False'
[0.737s] DEBUG:colcon.colcon_core.verb:Building package 'ah_bot_mujoco' with the following arguments: {'ament_cmake_args': None, 'build_base': '/home/user/robot_ws/build/ah_bot_mujoco', 'catkin_cmake_args': None, 'catkin_skip_building_tests': False, 'cmake_args': None, 'cmake_clean_cache': False, 'cmake_clean_first': False, 'cmake_force_configure': False, 'cmake_target': None, 'cmake_target_skip_unavailable': False, 'install_base': '/home/user/robot_ws/install/ah_bot_mujoco', 'merge_install': False, 'path': '/home/user/robot_ws/src/ah_bot_mujoco', 'symlink_install': True, 'test_result_base': None}
[0.738s] INFO:colcon.colcon_core.executor:Executing jobs using 'parallel' executor
[0.739s] DEBUG:colcon.colcon_parallel_executor.executor.parallel:run_until_complete
[0.740s] INFO:colcon.colcon_ros.task.ament_python.build:Building ROS package in '/home/user/robot_ws/src/ah_bot_dashboard' with build type 'ament_python'
[0.740s] Level 1:colcon.colcon_core.shell:create_environment_hook('ah_bot_dashboard', 'ament_prefix_path')
[0.747s] INFO:colcon.colcon_core.plugin_system:Skipping extension 'colcon_core.shell.bat': Not used on non-Windows systems
[0.747s] INFO:colcon.colcon_core.shell:Creating environment hook '/home/user/robot_ws/install/ah_bot_dashboard/share/ah_bot_dashboard/hook/ament_prefix_path.ps1'
[0.748s] INFO:colcon.colcon_core.shell:Creating environment descriptor '/home/user/robot_ws/install/ah_bot_dashboard/share/ah_bot_dashboard/hook/ament_prefix_path.dsv'
[0.749s] INFO:colcon.colcon_core.shell:Creating environment hook '/home/user/robot_ws/install/ah_bot_dashboard/share/ah_bot_dashboard/hook/ament_prefix_path.sh'
[0.750s] INFO:colcon.colcon_core.shell:Skip shell extension 'powershell' for command environment: Not usable outside of PowerShell
[0.750s] DEBUG:colcon.colcon_core.shell:Skip shell extension 'dsv' for command environment
[0.757s] INFO:colcon.colcon_ros.task.ament_python.build:Building ROS package in '/home/user/robot_ws/src/ah_bot_driver' with build type 'ament_python'
[0.757s] Level 1:colcon.colcon_core.shell:create_environment_hook('ah_bot_driver', 'ament_prefix_path')
[0.758s] INFO:colcon.colcon_core.shell:Creating environment hook '/home/user/robot_ws/install/ah_bot_driver/share/ah_bot_driver/hook/ament_prefix_path.ps1'
[0.760s] INFO:colcon.colcon_core.shell:Creating environment descriptor '/home/user/robot_ws/install/ah_bot_driver/share/ah_bot_driver/hook/ament_prefix_path.dsv'
[0.761s] INFO:colcon.colcon_core.shell:Creating environment hook '/home/user/robot_ws/install/ah_bot_driver/share/ah_bot_driver/hook/ament_prefix_path.sh'
[0.762s] INFO:colcon.colcon_core.shell:Skip shell extension 'powershell' for command environment: Not usable outside of PowerShell
[0.763s] DEBUG:colcon.colcon_core.shell:Skip shell extension 'dsv' for command environment
[0.766s] INFO:colcon.colcon_ros.task.ament_python.build:Building ROS package in '/home/user/robot_ws/src/ah_bot_mujoco' with build type 'ament_python'
[0.766s] Level 1:colcon.colcon_core.shell:create_environment_hook('ah_bot_mujoco', 'ament_prefix_path')
[0.767s] INFO:colcon.colcon_core.shell:Creating environment hook '/home/user/robot_ws/install/ah_bot_mujoco/share/ah_bot_mujoco/hook/ament_prefix_path.ps1'
[0.768s] INFO:colcon.colcon_core.shell:Creating environment descriptor '/home/user/robot_ws/install/ah_bot_mujoco/share/ah_bot_mujoco/hook/ament_prefix_path.dsv'
[0.768s] INFO:colcon.colcon_core.shell:Creating environment hook '/home/user/robot_ws/install/ah_bot_mujoco/share/ah_bot_mujoco/hook/ament_prefix_path.sh'
[0.769s] INFO:colcon.colcon_core.shell:Skip shell extension 'powershell' for command environment: Not usable outside of PowerShell
[0.769s] DEBUG:colcon.colcon_core.shell:Skip shell extension 'dsv' for command environment
[1.050s] INFO:colcon.colcon_core.task.python.build:Building Python package in '/home/user/robot_ws/src/ah_bot_dashboard'
[1.050s] INFO:colcon.colcon_core.shell:Skip shell extension 'powershell' for command environment: Not usable outside of PowerShell
[1.050s] DEBUG:colcon.colcon_core.shell:Skip shell extension 'dsv' for command environment
[1.317s] INFO:colcon.colcon_core.task.python.build:Building Python package in '/home/user/robot_ws/src/ah_bot_driver'
[1.318s] INFO:colcon.colcon_core.shell:Skip shell extension 'powershell' for command environment: Not usable outside of PowerShell
[1.318s] DEBUG:colcon.colcon_core.shell:Skip shell extension 'dsv' for command environment
[1.597s] INFO:colcon.colcon_core.task.python.build:Building Python package in '/home/user/robot_ws/src/ah_bot_mujoco'
[1.598s] INFO:colcon.colcon_core.shell:Skip shell extension 'powershell' for command environment: Not usable outside of PowerShell
[1.598s] DEBUG:colcon.colcon_core.shell:Skip shell extension 'dsv' for command environment
[1.949s] DEBUG:colcon.colcon_core.event_handler.log_command:Invoking command in '/home/user/robot_ws/build/ah_bot_mujoco': PYTHONPATH=/home/user/robot_ws/build/ah_bot_mujoco/prefix_override:/usr/lib/python3/dist-packages/colcon_core/task/python/colcon_distutils_commands:/home/user/robot_ws/install/ah_bot_mujoco/lib/python3.10/site-packages:${PYTHONPATH} /usr/bin/python3 -W ignore:setup.py install is deprecated -W ignore:easy_install command is deprecated setup.py develop --editable --build-directory /home/user/robot_ws/build/ah_bot_mujoco/build --no-deps symlink_data
[1.953s] DEBUG:colcon.colcon_core.event_handler.log_command:Invoking command in '/home/user/robot_ws/build/ah_bot_driver': PYTHONPATH=/home/user/robot_ws/build/ah_bot_driver/prefix_override:/usr/lib/python3/dist-packages/colcon_core/task/python/colcon_distutils_commands:/home/user/robot_ws/install/ah_bot_driver/lib/python3.10/site-packages:${PYTHONPATH} /usr/bin/python3 -W ignore:setup.py install is deprecated -W ignore:easy_install command is deprecated setup.py develop --editable --build-directory /home/user/robot_ws/build/ah_bot_driver/build --no-deps symlink_data
[1.956s] DEBUG:colcon.colcon_core.event_handler.log_command:Invoking command in '/home/user/robot_ws/build/ah_bot_dashboard': PYTHONPATH=/home/user/robot_ws/build/ah_bot_dashboard/prefix_override:/usr/lib/python3/dist-packages/colcon_core/task/python/colcon_distutils_commands:/home/user/robot_ws/install/ah_bot_dashboard/lib/python3.10/site-packages:${PYTHONPATH} /usr/bin/python3 -W ignore:setup.py install is deprecated -W ignore:easy_install command is deprecated setup.py develop --editable --build-directory /home/user/robot_ws/build/ah_bot_dashboard/build --no-deps symlink_data
[2.390s] Level 1:colcon.colcon_core.shell:create_environment_hook('ah_bot_mujoco', 'pythonpath_develop')
[2.391s] INFO:colcon.colcon_core.shell:Creating environment hook '/home/user/robot_ws/build/ah_bot_mujoco/share/ah_bot_mujoco/hook/pythonpath_develop.ps1'
[2.391s] DEBUG:colcon.colcon_core.event_handler.log_command:Invoked command in '/home/user/robot_ws/build/ah_bot_mujoco' returned '0': PYTHONPATH=/home/user/robot_ws/build/ah_bot_mujoco/prefix_override:/usr/lib/python3/dist-packages/colcon_core/task/python/colcon_distutils_commands:/home/user/robot_ws/install/ah_bot_mujoco/lib/python3.10/site-packages:${PYTHONPATH} /usr/bin/python3 -W ignore:setup.py install is deprecated -W ignore:easy_install command is deprecated setup.py develop --editable --build-directory /home/user/robot_ws/build/ah_bot_mujoco/build --no-deps symlink_data
[2.392s] INFO:colcon.colcon_core.shell:Creating environment descriptor '/home/user/robot_ws/build/ah_bot_mujoco/share/ah_bot_mujoco/hook/pythonpath_develop.dsv'
[2.392s] INFO:colcon.colcon_core.shell:Creating environment hook '/home/user/robot_ws/build/ah_bot_mujoco/share/ah_bot_mujoco/hook/pythonpath_develop.sh'
[2.399s] Level 1:colcon.colcon_core.environment:checking '/home/user/robot_ws/install/ah_bot_mujoco' for CMake module files
[2.400s] Level 1:colcon.colcon_core.environment:checking '/home/user/robot_ws/install/ah_bot_mujoco' for CMake config files
[2.401s] Level 1:colcon.colcon_core.environment:checking '/home/user/robot_ws/install/ah_bot_mujoco/lib'
[2.401s] Level 1:colcon.colcon_core.environment:checking '/home/user/robot_ws/install/ah_bot_mujoco/bin'
[2.401s] Level 1:colcon.colcon_core.environment:checking '/home/user/robot_ws/install/ah_bot_mujoco/lib/pkgconfig/ah_bot_mujoco.pc'
[2.402s] Level 1:colcon.colcon_core.environment:checking '/home/user/robot_ws/install/ah_bot_mujoco/lib/python3.10/site-packages'
[2.402s] Level 1:colcon.colcon_core.shell:create_environment_hook('ah_bot_mujoco', 'pythonpath')
[2.402s] INFO:colcon.colcon_core.shell:Creating environment hook '/home/user/robot_ws/install/ah_bot_mujoco/share/ah_bot_mujoco/hook/pythonpath.ps1'
[2.403s] INFO:colcon.colcon_core.shell:Creating environment descriptor '/home/user/robot_ws/install/ah_bot_mujoco/share/ah_bot_mujoco/hook/pythonpath.dsv'
[2.403s] INFO:colcon.colcon_core.shell:Creating environment hook '/home/user/robot_ws/install/ah_bot_mujoco/share/ah_bot_mujoco/hook/pythonpath.sh'
[2.404s] Level 1:colcon.colcon_core.environment:checking '/home/user/robot_ws/install/ah_bot_mujoco/bin'
[2.404s] Level 1:colcon.colcon_core.environment:create_environment_scripts_only(ah_bot_mujoco)
[2.405s] INFO:colcon.colcon_core.shell:Creating package script '/home/user/robot_ws/install/ah_bot_mujoco/share/ah_bot_mujoco/package.ps1'
[2.407s] INFO:colcon.colcon_core.shell:Creating package descriptor '/home/user/robot_ws/install/ah_bot_mujoco/share/ah_bot_mujoco/package.dsv'
[2.409s] INFO:colcon.colcon_core.shell:Creating package script '/home/user/robot_ws/install/ah_bot_mujoco/share/ah_bot_mujoco/package.sh'
[2.410s] INFO:colcon.colcon_core.shell:Creating package script '/home/user/robot_ws/install/ah_bot_mujoco/share/ah_bot_mujoco/package.bash'
[2.411s] INFO:colcon.colcon_core.shell:Creating package script '/home/user/robot_ws/install/ah_bot_mujoco/share/ah_bot_mujoco/package.zsh'
[2.414s] Level 1:colcon.colcon_core.environment:create_file_with_runtime_dependencies(/home/user/robot_ws/install/ah_bot_mujoco/share/colcon-core/packages/ah_bot_mujoco)
[2.415s] Level 1:colcon.colcon_core.shell:create_environment_hook('ah_bot_driver', 'pythonpath_develop')
[2.416s] INFO:colcon.colcon_core.shell:Creating environment hook '/home/user/robot_ws/build/ah_bot_driver/share/ah_bot_driver/hook/pythonpath_develop.ps1'
[2.416s] DEBUG:colcon.colcon_core.event_handler.log_command:Invoked command in '/home/user/robot_ws/build/ah_bot_driver' returned '0': PYTHONPATH=/home/user/robot_ws/build/ah_bot_driver/prefix_override:/usr/lib/python3/dist-packages/colcon_core/task/python/colcon_distutils_commands:/home/user/robot_ws/install/ah_bot_driver/lib/python3.10/site-packages:${PYTHONPATH} /usr/bin/python3 -W ignore:setup.py install is deprecated -W ignore:easy_install command is deprecated setup.py develop --editable --build-directory /home/user/robot_ws/build/ah_bot_driver/build --no-deps symlink_data
[2.417s] INFO:colcon.colcon_core.shell:Creating environment descriptor '/home/user/robot_ws/build/ah_bot_driver/share/ah_bot_driver/hook/pythonpath_develop.dsv'
[2.417s] INFO:colcon.colcon_core.shell:Creating environment hook '/home/user/robot_ws/build/ah_bot_driver/share/ah_bot_driver/hook/pythonpath_develop.sh'
[2.418s] Level 1:colcon.colcon_core.environment:checking '/home/user/robot_ws/install/ah_bot_driver' for CMake module files
[2.418s] Level 1:colcon.colcon_core.environment:checking '/home/user/robot_ws/install/ah_bot_driver' for CMake config files
[2.419s] Level 1:colcon.colcon_core.environment:checking '/home/user/robot_ws/install/ah_bot_driver/lib'
[2.419s] Level 1:colcon.colcon_core.environment:checking '/home/user/robot_ws/install/ah_bot_driver/bin'
[2.419s] Level 1:colcon.colcon_core.environment:checking '/home/user/robot_ws/install/ah_bot_driver/lib/pkgconfig/ah_bot_driver.pc'
[2.420s] Level 1:colcon.colcon_core.environment:checking '/home/user/robot_ws/install/ah_bot_driver/lib/python3.10/site-packages'
[2.420s] Level 1:colcon.colcon_core.shell:create_environment_hook('ah_bot_driver', 'pythonpath')
[2.420s] INFO:colcon.colcon_core.shell:Creating environment hook '/home/user/robot_ws/install/ah_bot_driver/share/ah_bot_driver/hook/pythonpath.ps1'
[2.420s] INFO:colcon.colcon_core.shell:Creating environment descriptor '/home/user/robot_ws/install/ah_bot_driver/share/ah_bot_driver/hook/pythonpath.dsv'
[2.421s] INFO:colcon.colcon_core.shell:Creating environment hook '/home/user/robot_ws/install/ah_bot_driver/share/ah_bot_driver/hook/pythonpath.sh'
[2.422s] Level 1:colcon.colcon_core.environment:checking '/home/user/robot_ws/install/ah_bot_driver/bin'
[2.422s] Level 1:colcon.colcon_core.environment:create_environment_scripts_only(ah_bot_driver)
[2.422s] INFO:colcon.colcon_core.shell:Creating package script '/home/user/robot_ws/install/ah_bot_driver/share/ah_bot_driver/package.ps1'
[2.423s] INFO:colcon.colcon_core.shell:Creating package descriptor '/home/user/robot_ws/install/ah_bot_driver/share/ah_bot_driver/package.dsv'
[2.424s] INFO:colcon.colcon_core.shell:Creating package script '/home/user/robot_ws/install/ah_bot_driver/share/ah_bot_driver/package.sh'
[2.424s] INFO:colcon.colcon_core.shell:Creating package script '/home/user/robot_ws/install/ah_bot_driver/share/ah_bot_driver/package.bash'
[2.425s] INFO:colcon.colcon_core.shell:Creating package script '/home/user/robot_ws/install/ah_bot_driver/share/ah_bot_driver/package.zsh'
[2.425s] Level 1:colcon.colcon_core.environment:create_file_with_runtime_dependencies(/home/user/robot_ws/install/ah_bot_driver/share/colcon-core/packages/ah_bot_driver)
[2.427s] Level 1:colcon.colcon_core.shell:create_environment_hook('ah_bot_dashboard', 'pythonpath_develop')
[2.427s] INFO:colcon.colcon_core.shell:Creating environment hook '/home/user/robot_ws/build/ah_bot_dashboard/share/ah_bot_dashboard/hook/pythonpath_develop.ps1'
[2.428s] DEBUG:colcon.colcon_core.event_handler.log_command:Invoked command in '/home/user/robot_ws/build/ah_bot_dashboard' returned '0': PYTHONPATH=/home/user/robot_ws/build/ah_bot_dashboard/prefix_override:/usr/lib/python3/dist-packages/colcon_core/task/python/colcon_distutils_commands:/home/user/robot_ws/install/ah_bot_dashboard/lib/python3.10/site-packages:${PYTHONPATH} /usr/bin/python3 -W ignore:setup.py install is deprecated -W ignore:easy_install command is deprecated setup.py develop --editable --build-directory /home/user/robot_ws/build/ah_bot_dashboard/build --no-deps symlink_data
[2.428s] INFO:colcon.colcon_core.shell:Creating environment descriptor '/home/user/robot_ws/build/ah_bot_dashboard/share/ah_bot_dashboard/hook/pythonpath_develop.dsv'
[2.428s] INFO:colcon.colcon_core.shell:Creating environment hook '/home/user/robot_ws/build/ah_bot_dashboard/share/ah_bot_dashboard/hook/pythonpath_develop.sh'
[2.429s] Level 1:colcon.colcon_core.environment:checking '/home/user/robot_ws/install/ah_bot_dashboard' for CMake module files
[2.429s] Level 1:colcon.colcon_core.environment:checking '/home/user/robot_ws/install/ah_bot_dashboard' for CMake config files
[2.430s] Level 1:colcon.colcon_core.environment:checking '/home/user/robot_ws/install/ah_bot_dashboard/lib'
[2.430s] Level 1:colcon.colcon_core.environment:checking '/home/user/robot_ws/install/ah_bot_dashboard/bin'
[2.430s] Level 1:colcon.colcon_core.environment:checking '/home/user/robot_ws/install/ah_bot_dashboard/lib/pkgconfig/ah_bot_dashboard.pc'
[2.430s] Level 1:colcon.colcon_core.environment:checking '/home/user/robot_ws/install/ah_bot_dashboard/lib/python3.10/site-packages'
[2.430s] Level 1:colcon.colcon_core.shell:create_environment_hook('ah_bot_dashboard', 'pythonpath')
[2.431s] INFO:colcon.colcon_core.shell:Creating environment hook '/home/user/robot_ws/install/ah_bot_dashboard/share/ah_bot_dashboard/hook/pythonpath.ps1'
[2.431s] INFO:colcon.colcon_core.shell:Creating environment descriptor '/home/user/robot_ws/install/ah_bot_dashboard/share/ah_bot_dashboard/hook/pythonpath.dsv'
[2.432s] INFO:colcon.colcon_core.shell:Creating environment hook '/home/user/robot_ws/install/ah_bot_dashboard/share/ah_bot_dashboard/hook/pythonpath.sh'
[2.433s] Level 1:colcon.colcon_core.environment:checking '/home/user/robot_ws/install/ah_bot_dashboard/bin'
[2.433s] Level 1:colcon.colcon_core.environment:create_environment_scripts_only(ah_bot_dashboard)
[2.433s] INFO:colcon.colcon_core.shell:Creating package script '/home/user/robot_ws/install/ah_bot_dashboard/share/ah_bot_dashboard/package.ps1'
[2.434s] INFO:colcon.colcon_core.shell:Creating package descriptor '/home/user/robot_ws/install/ah_bot_dashboard/share/ah_bot_dashboard/package.dsv'
[2.435s] INFO:colcon.colcon_core.shell:Creating package script '/home/user/robot_ws/install/ah_bot_dashboard/share/ah_bot_dashboard/package.sh'
[2.435s] INFO:colcon.colcon_core.shell:Creating package script '/home/user/robot_ws/install/ah_bot_dashboard/share/ah_bot_dashboard/package.bash'
[2.436s] INFO:colcon.colcon_core.shell:Creating package script '/home/user/robot_ws/install/ah_bot_dashboard/share/ah_bot_dashboard/package.zsh'
[2.436s] Level 1:colcon.colcon_core.environment:create_file_with_runtime_dependencies(/home/user/robot_ws/install/ah_bot_dashboard/share/colcon-core/packages/ah_bot_dashboard)
[2.437s] DEBUG:colcon.colcon_parallel_executor.executor.parallel:closing loop
[2.437s] DEBUG:colcon.colcon_parallel_executor.executor.parallel:loop closed
[2.437s] DEBUG:colcon.colcon_parallel_executor.executor.parallel:run_until_complete finished with '0'
[2.438s] DEBUG:colcon.colcon_core.event_reactor:joining thread
[2.477s] INFO:colcon.colcon_core.plugin_system:Skipping extension 'colcon_notification.desktop_notification.notify_send': Could not find 'notify-send'
[2.477s] INFO:colcon.colcon_core.plugin_system:Skipping extension 'colcon_notification.desktop_notification.terminal_notifier': Not used on non-Darwin systems
[2.477s] INFO:colcon.colcon_core.plugin_system:Skipping extension 'colcon_notification.desktop_notification.win32': Not used on non-Windows systems
[2.477s] INFO:colcon.colcon_notification.desktop_notification:Sending desktop notification using 'notify2'
[2.482s] DEBUG:colcon.colcon_notification.desktop_notification.notify2:Failed to initialize notify2: org.freedesktop.DBus.Error.Spawn.ExecFailed: /usr/bin/dbus-launch terminated abnormally without any error message
[2.483s] DEBUG:colcon.colcon_core.event_reactor:joined thread
[2.483s] INFO:colcon.colcon_core.shell:Creating prefix script '/home/user/robot_ws/install/local_setup.ps1'
[2.486s] INFO:colcon.colcon_core.shell:Creating prefix util module '/home/user/robot_ws/install/_local_setup_util_ps1.py'
[2.490s] INFO:colcon.colcon_core.shell:Creating prefix chain script '/home/user/robot_ws/install/setup.ps1'
[2.492s] INFO:colcon.colcon_core.shell:Creating prefix script '/home/user/robot_ws/install/local_setup.sh'
[2.494s] INFO:colcon.colcon_core.shell:Creating prefix util module '/home/user/robot_ws/install/_local_setup_util_sh.py'
[2.495s] INFO:colcon.colcon_core.shell:Creating prefix chain script '/home/user/robot_ws/install/setup.sh'
[2.498s] INFO:colcon.colcon_core.shell:Creating prefix script '/home/user/robot_ws/install/local_setup.bash'
[2.499s] INFO:colcon.colcon_core.shell:Creating prefix chain script '/home/user/robot_ws/install/setup.bash'
[2.501s] INFO:colcon.colcon_core.shell:Creating prefix script '/home/user/robot_ws/install/local_setup.zsh'
[2.503s] INFO:colcon.colcon_core.shell:Creating prefix chain script '/home/user/robot_ws/install/setup.zsh'
