[0.118s] DEBUG:colcon:Command line arguments: ['/usr/bin/colcon', 'build', '--symlink-install']
[0.118s] DEBUG:colcon:Parsed command line arguments: Namespace(log_base=None, log_level=None, verb_name='build', build_base='build', install_base='install', merge_install=False, symlink_install=True, test_result_base=None, continue_on_error=False, executor='parallel', parallel_workers=8, event_handlers=None, ignore_user_meta=False, metas=['./colcon.meta'], base_paths=['.'], packages_ignore=None, packages_ignore_regex=None, paths=None, packages_up_to=None, packages_up_to_regex=None, packages_above=None, packages_above_and_dependencies=None, packages_above_depth=None, packages_select_by_dep=None, packages_skip_by_dep=None, packages_skip_up_to=None, packages_select_build_failed=False, packages_skip_build_finished=False, packages_select_test_failures=False, packages_skip_test_passed=False, packages_select=None, packages_skip=None, packages_select_regex=None, packages_skip_regex=None, packages_start=None, packages_end=None, allow_overriding=[], cmake_args=None, cmake_target=None, cmake_target_skip_unavailable=False, cmake_clean_cache=False, cmake_clean_first=False, cmake_force_configure=False, ament_cmake_args=None, catkin_cmake_args=None, catkin_skip_building_tests=False, verb_parser=<colcon_defaults.argument_parser.defaults.DefaultArgumentsDecorator object at 0x71fd0fe7b1d0>, verb_extension=<colcon_core.verb.build.BuildVerb object at 0x71fd0fe25220>, main=<bound method BuildVerb.main of <colcon_core.verb.build.BuildVerb object at 0x71fd0fe25220>>)
[0.160s] Level 1:colcon.colcon_core.package_discovery:discover_packages(colcon_meta) check parameters
[0.160s] Level 1:colcon.colcon_core.package_discovery:discover_packages(recursive) check parameters
[0.160s] Level 1:colcon.colcon_core.package_discovery:discover_packages(ignore) check parameters
[0.160s] Level 1:colcon.colcon_core.package_discovery:discover_packages(path) check parameters
[0.160s] Level 1:colcon.colcon_core.package_discovery:discover_packages(colcon_meta) discover
[0.160s] Level 1:colcon.colcon_core.package_discovery:discover_packages(recursive) discover
[0.160s] INFO:colcon.colcon_core.package_discovery:Crawling recursively for packages in '/home/rhd0714/robot_ws'
[0.160s] Level 1:colcon.colcon_core.package_identification:_identify(.) by extensions ['ignore', 'ignore_ament_install']
[0.160s] Level 1:colcon.colcon_core.package_identification:_identify(.) by extension 'ignore'
[0.160s] Level 1:colcon.colcon_core.package_identification:_identify(.) by extension 'ignore_ament_install'
[0.160s] Level 1:colcon.colcon_core.package_identification:_identify(.) by extensions ['colcon_pkg']
[0.160s] Level 1:colcon.colcon_core.package_identification:_identify(.) by extension 'colcon_pkg'
[0.161s] Level 1:colcon.colcon_core.package_identification:_identify(.) by extensions ['colcon_meta']
[0.161s] Level 1:colcon.colcon_core.package_identification:_identify(.) by extension 'colcon_meta'
[0.161s] Level 1:colcon.colcon_core.package_identification:_identify(.) by extensions ['ros']
[0.161s] Level 1:colcon.colcon_core.package_identification:_identify(.) by extension 'ros'
[0.205s] Level 1:colcon.colcon_core.package_identification:_identify(.) by extensions ['cmake', 'python']
[0.205s] Level 1:colcon.colcon_core.package_identification:_identify(.) by extension 'cmake'
[0.205s] Level 1:colcon.colcon_core.package_identification:_identify(.) by extension 'python'
[0.206s] Level 1:colcon.colcon_core.package_identification:_identify(.) by extensions ['python_setup_py']
[0.206s] Level 1:colcon.colcon_core.package_identification:_identify(.) by extension 'python_setup_py'
[0.206s] Level 1:colcon.colcon_core.package_identification:_identify(AmazingHand-main) by extensions ['ignore', 'ignore_ament_install']
[0.206s] Level 1:colcon.colcon_core.package_identification:_identify(AmazingHand-main) by extension 'ignore'
[0.206s] Level 1:colcon.colcon_core.package_identification:_identify(AmazingHand-main) by extension 'ignore_ament_install'
[0.206s] Level 1:colcon.colcon_core.package_identification:_identify(AmazingHand-main) by extensions ['colcon_pkg']
[0.206s] Level 1:colcon.colcon_core.package_identification:_identify(AmazingHand-main) by extension 'colcon_pkg'
[0.206s] Level 1:colcon.colcon_core.package_identification:_identify(AmazingHand-main) by extensions ['colcon_meta']
[0.206s] Level 1:colcon.colcon_core.package_identification:_identify(AmazingHand-main) by extension 'colcon_meta'
[0.206s] Level 1:colcon.colcon_core.package_identification:_identify(AmazingHand-main) by extensions ['ros']
[0.206s] Level 1:colcon.colcon_core.package_identification:_identify(AmazingHand-main) by extension 'ros'
[0.206s] Level 1:colcon.colcon_core.package_identification:_identify(AmazingHand-main) by extensions ['cmake', 'python']
[0.206s] Level 1:colcon.colcon_core.package_identification:_identify(AmazingHand-main) by extension 'cmake'
[0.206s] Level 1:colcon.colcon_core.package_identification:_identify(AmazingHand-main) by extension 'python'
[0.206s] Level 1:colcon.colcon_core.package_identification:_identify(AmazingHand-main) by extensions ['python_setup_py']
[0.206s] Level 1:colcon.colcon_core.package_identification:_identify(AmazingHand-main) by extension 'python_setup_py'
[0.206s] Level 1:colcon.colcon_core.package_identification:_identify(AmazingHand-main/ArduinoExample) by extensions ['ignore', 'ignore_ament_install']
[0.206s] Level 1:colcon.colcon_core.package_identification:_identify(AmazingHand-main/ArduinoExample) by extension 'ignore'
[0.206s] Level 1:colcon.colcon_core.package_identification:_identify(AmazingHand-main/ArduinoExample) by extension 'ignore_ament_install'
[0.207s] Level 1:colcon.colcon_core.package_identification:_identify(AmazingHand-main/ArduinoExample) by extensions ['colcon_pkg']
[0.207s] Level 1:colcon.colcon_core.package_identification:_identify(AmazingHand-main/ArduinoExample) by extension 'colcon_pkg'
[0.207s] Level 1:colcon.colcon_core.package_identification:_identify(AmazingHand-main/ArduinoExample) by extensions ['colcon_meta']
[0.207s] Level 1:colcon.colcon_core.package_identification:_identify(AmazingHand-main/ArduinoExample) by extension 'colcon_meta'
[0.207s] Level 1:colcon.colcon_core.package_identification:_identify(AmazingHand-main/ArduinoExample) by extensions ['ros']
[0.207s] Level 1:colcon.colcon_core.package_identification:_identify(AmazingHand-main/ArduinoExample) by extension 'ros'
[0.207s] Level 1:colcon.colcon_core.package_identification:_identify(AmazingHand-main/ArduinoExample) by extensions ['cmake', 'python']
[0.207s] Level 1:colcon.colcon_core.package_identification:_identify(AmazingHand-main/ArduinoExample) by extension 'cmake'
[0.207s] Level 1:colcon.colcon_core.package_identification:_identify(AmazingHand-main/ArduinoExample) by extension 'python'
[0.207s] Level 1:colcon.colcon_core.package_identification:_identify(AmazingHand-main/ArduinoExample) by extensions ['python_setup_py']
[0.207s] Level 1:colcon.colcon_core.package_identification:_identify(AmazingHand-main/ArduinoExample) by extension 'python_setup_py'
[0.207s] Level 1:colcon.colcon_core.package_identification:_identify(AmazingHand-main/Demo) by extensions ['ignore', 'ignore_ament_install']
[0.207s] Level 1:colcon.colcon_core.package_identification:_identify(AmazingHand-main/Demo) by extension 'ignore'
[0.207s] Level 1:colcon.colcon_core.package_identification:_identify(AmazingHand-main/Demo) by extension 'ignore_ament_install'
[0.207s] Level 1:colcon.colcon_core.package_identification:_identify(AmazingHand-main/Demo) by extensions ['colcon_pkg']
[0.207s] Level 1:colcon.colcon_core.package_identification:_identify(AmazingHand-main/Demo) by extension 'colcon_pkg'
[0.207s] Level 1:colcon.colcon_core.package_identification:_identify(AmazingHand-main/Demo) by extensions ['colcon_meta']
[0.207s] Level 1:colcon.colcon_core.package_identification:_identify(AmazingHand-main/Demo) by extension 'colcon_meta'
[0.207s] Level 1:colcon.colcon_core.package_identification:_identify(AmazingHand-main/Demo) by extensions ['ros']
[0.207s] Level 1:colcon.colcon_core.package_identification:_identify(AmazingHand-main/Demo) by extension 'ros'
[0.207s] Level 1:colcon.colcon_core.package_identification:_identify(AmazingHand-main/Demo) by extensions ['cmake', 'python']
[0.207s] Level 1:colcon.colcon_core.package_identification:_identify(AmazingHand-main/Demo) by extension 'cmake'
[0.208s] Level 1:colcon.colcon_core.package_identification:_identify(AmazingHand-main/Demo) by extension 'python'
[0.208s] Level 1:colcon.colcon_core.package_identification:_identify(AmazingHand-main/Demo) by extensions ['python_setup_py']
[0.208s] Level 1:colcon.colcon_core.package_identification:_identify(AmazingHand-main/Demo) by extension 'python_setup_py'
[0.208s] Level 1:colcon.colcon_core.package_identification:_identify(AmazingHand-main/Demo/AHControl) by extensions ['ignore', 'ignore_ament_install']
[0.208s] Level 1:colcon.colcon_core.package_identification:_identify(AmazingHand-main/Demo/AHControl) by extension 'ignore'
[0.208s] Level 1:colcon.colcon_core.package_identification:_identify(AmazingHand-main/Demo/AHControl) by extension 'ignore_ament_install'
[0.208s] Level 1:colcon.colcon_core.package_identification:_identify(AmazingHand-main/Demo/AHControl) by extensions ['colcon_pkg']
[0.208s] Level 1:colcon.colcon_core.package_identification:_identify(AmazingHand-main/Demo/AHControl) by extension 'colcon_pkg'
[0.208s] Level 1:colcon.colcon_core.package_identification:_identify(AmazingHand-main/Demo/AHControl) by extensions ['colcon_meta']
[0.208s] Level 1:colcon.colcon_core.package_identification:_identify(AmazingHand-main/Demo/AHControl) by extension 'colcon_meta'
[0.208s] Level 1:colcon.colcon_core.package_identification:_identify(AmazingHand-main/Demo/AHControl) by extensions ['ros']
[0.208s] Level 1:colcon.colcon_core.package_identification:_identify(AmazingHand-main/Demo/AHControl) by extension 'ros'
[0.208s] Level 1:colcon.colcon_core.package_identification:_identify(AmazingHand-main/Demo/AHControl) by extensions ['cmake', 'python']
[0.209s] Level 1:colcon.colcon_core.package_identification:_identify(AmazingHand-main/Demo/AHControl) by extension 'cmake'
[0.209s] Level 1:colcon.colcon_core.package_identification:_identify(AmazingHand-main/Demo/AHControl) by extension 'python'
[0.209s] Level 1:colcon.colcon_core.package_identification:_identify(AmazingHand-main/Demo/AHControl) by extensions ['python_setup_py']
[0.209s] Level 1:colcon.colcon_core.package_identification:_identify(AmazingHand-main/Demo/AHControl) by extension 'python_setup_py'
[0.209s] Level 1:colcon.colcon_core.package_identification:_identify(AmazingHand-main/Demo/AHControl/config) by extensions ['ignore', 'ignore_ament_install']
[0.209s] Level 1:colcon.colcon_core.package_identification:_identify(AmazingHand-main/Demo/AHControl/config) by extension 'ignore'
[0.209s] Level 1:colcon.colcon_core.package_identification:_identify(AmazingHand-main/Demo/AHControl/config) by extension 'ignore_ament_install'
[0.209s] Level 1:colcon.colcon_core.package_identification:_identify(AmazingHand-main/Demo/AHControl/config) by extensions ['colcon_pkg']
[0.209s] Level 1:colcon.colcon_core.package_identification:_identify(AmazingHand-main/Demo/AHControl/config) by extension 'colcon_pkg'
[0.209s] Level 1:colcon.colcon_core.package_identification:_identify(AmazingHand-main/Demo/AHControl/config) by extensions ['colcon_meta']
[0.209s] Level 1:colcon.colcon_core.package_identification:_identify(AmazingHand-main/Demo/AHControl/config) by extension 'colcon_meta'
[0.209s] Level 1:colcon.colcon_core.package_identification:_identify(AmazingHand-main/Demo/AHControl/config) by extensions ['ros']
[0.209s] Level 1:colcon.colcon_core.package_identification:_identify(AmazingHand-main/Demo/AHControl/config) by extension 'ros'
[0.209s] Level 1:colcon.colcon_core.package_identification:_identify(AmazingHand-main/Demo/AHControl/config) by extensions ['cmake', 'python']
[0.209s] Level 1:colcon.colcon_core.package_identification:_identify(AmazingHand-main/Demo/AHControl/config) by extension 'cmake'
[0.209s] Level 1:colcon.colcon_core.package_identification:_identify(AmazingHand-main/Demo/AHControl/config) by extension 'python'
[0.209s] Level 1:colcon.colcon_core.package_identification:_identify(AmazingHand-main/Demo/AHControl/config) by extensions ['python_setup_py']
[0.209s] Level 1:colcon.colcon_core.package_identification:_identify(AmazingHand-main/Demo/AHControl/config) by extension 'python_setup_py'
[0.209s] Level 1:colcon.colcon_core.package_identification:_identify(AmazingHand-main/Demo/AHControl/src) by extensions ['ignore', 'ignore_ament_install']
[0.210s] Level 1:colcon.colcon_core.package_identification:_identify(AmazingHand-main/Demo/AHControl/src) by extension 'ignore'
[0.210s] Level 1:colcon.colcon_core.package_identification:_identify(AmazingHand-main/Demo/AHControl/src) by extension 'ignore_ament_install'
[0.210s] Level 1:colcon.colcon_core.package_identification:_identify(AmazingHand-main/Demo/AHControl/src) by extensions ['colcon_pkg']
[0.210s] Level 1:colcon.colcon_core.package_identification:_identify(AmazingHand-main/Demo/AHControl/src) by extension 'colcon_pkg'
[0.210s] Level 1:colcon.colcon_core.package_identification:_identify(AmazingHand-main/Demo/AHControl/src) by extensions ['colcon_meta']
[0.210s] Level 1:colcon.colcon_core.package_identification:_identify(AmazingHand-main/Demo/AHControl/src) by extension 'colcon_meta'
[0.210s] Level 1:colcon.colcon_core.package_identification:_identify(AmazingHand-main/Demo/AHControl/src) by extensions ['ros']
[0.210s] Level 1:colcon.colcon_core.package_identification:_identify(AmazingHand-main/Demo/AHControl/src) by extension 'ros'
[0.210s] Level 1:colcon.colcon_core.package_identification:_identify(AmazingHand-main/Demo/AHControl/src) by extensions ['cmake', 'python']
[0.210s] Level 1:colcon.colcon_core.package_identification:_identify(AmazingHand-main/Demo/AHControl/src) by extension 'cmake'
[0.210s] Level 1:colcon.colcon_core.package_identification:_identify(AmazingHand-main/Demo/AHControl/src) by extension 'python'
[0.210s] Level 1:colcon.colcon_core.package_identification:_identify(AmazingHand-main/Demo/AHControl/src) by extensions ['python_setup_py']
[0.210s] Level 1:colcon.colcon_core.package_identification:_identify(AmazingHand-main/Demo/AHControl/src) by extension 'python_setup_py'
[0.210s] Level 1:colcon.colcon_core.package_identification:_identify(AmazingHand-main/Demo/AHControl/src/bin) by extensions ['ignore', 'ignore_ament_install']
[0.210s] Level 1:colcon.colcon_core.package_identification:_identify(AmazingHand-main/Demo/AHControl/src/bin) by extension 'ignore'
[0.210s] Level 1:colcon.colcon_core.package_identification:_identify(AmazingHand-main/Demo/AHControl/src/bin) by extension 'ignore_ament_install'
[0.210s] Level 1:colcon.colcon_core.package_identification:_identify(AmazingHand-main/Demo/AHControl/src/bin) by extensions ['colcon_pkg']
[0.210s] Level 1:colcon.colcon_core.package_identification:_identify(AmazingHand-main/Demo/AHControl/src/bin) by extension 'colcon_pkg'
[0.210s] Level 1:colcon.colcon_core.package_identification:_identify(AmazingHand-main/Demo/AHControl/src/bin) by extensions ['colcon_meta']
[0.211s] Level 1:colcon.colcon_core.package_identification:_identify(AmazingHand-main/Demo/AHControl/src/bin) by extension 'colcon_meta'
[0.211s] Level 1:colcon.colcon_core.package_identification:_identify(AmazingHand-main/Demo/AHControl/src/bin) by extensions ['ros']
[0.211s] Level 1:colcon.colcon_core.package_identification:_identify(AmazingHand-main/Demo/AHControl/src/bin) by extension 'ros'
[0.211s] Level 1:colcon.colcon_core.package_identification:_identify(AmazingHand-main/Demo/AHControl/src/bin) by extensions ['cmake', 'python']
[0.211s] Level 1:colcon.colcon_core.package_identification:_identify(AmazingHand-main/Demo/AHControl/src/bin) by extension 'cmake'
[0.211s] Level 1:colcon.colcon_core.package_identification:_identify(AmazingHand-main/Demo/AHControl/src/bin) by extension 'python'
[0.211s] Level 1:colcon.colcon_core.package_identification:_identify(AmazingHand-main/Demo/AHControl/src/bin) by extensions ['python_setup_py']
[0.211s] Level 1:colcon.colcon_core.package_identification:_identify(AmazingHand-main/Demo/AHControl/src/bin) by extension 'python_setup_py'
[0.211s] Level 1:colcon.colcon_core.package_identification:_identify(AmazingHand-main/Demo/AHSimulation) by extensions ['ignore', 'ignore_ament_install']
[0.211s] Level 1:colcon.colcon_core.package_identification:_identify(AmazingHand-main/Demo/AHSimulation) by extension 'ignore'
[0.211s] Level 1:colcon.colcon_core.package_identification:_identify(AmazingHand-main/Demo/AHSimulation) by extension 'ignore_ament_install'
[0.211s] Level 1:colcon.colcon_core.package_identification:_identify(AmazingHand-main/Demo/AHSimulation) by extensions ['colcon_pkg']
[0.211s] Level 1:colcon.colcon_core.package_identification:_identify(AmazingHand-main/Demo/AHSimulation) by extension 'colcon_pkg'
[0.211s] Level 1:colcon.colcon_core.package_identification:_identify(AmazingHand-main/Demo/AHSimulation) by extensions ['colcon_meta']
[0.211s] Level 1:colcon.colcon_core.package_identification:_identify(AmazingHand-main/Demo/AHSimulation) by extension 'colcon_meta'
[0.211s] Level 1:colcon.colcon_core.package_identification:_identify(AmazingHand-main/Demo/AHSimulation) by extensions ['ros']
[0.211s] Level 1:colcon.colcon_core.package_identification:_identify(AmazingHand-main/Demo/AHSimulation) by extension 'ros'
[0.211s] Level 1:colcon.colcon_core.package_identification:_identify(AmazingHand-main/Demo/AHSimulation) by extensions ['cmake', 'python']
[0.211s] Level 1:colcon.colcon_core.package_identification:_identify(AmazingHand-main/Demo/AHSimulation) by extension 'cmake'
[0.211s] Level 1:colcon.colcon_core.package_identification:_identify(AmazingHand-main/Demo/AHSimulation) by extension 'python'
[0.211s] Level 1:colcon.colcon_core.package_identification:_identify(AmazingHand-main/Demo/AHSimulation) by extensions ['python_setup_py']
[0.212s] Level 1:colcon.colcon_core.package_identification:_identify(AmazingHand-main/Demo/AHSimulation) by extension 'python_setup_py'
[0.212s] Level 1:colcon.colcon_core.package_identification:_identify(AmazingHand-main/Demo/AHSimulation/AHSimulation) by extensions ['ignore', 'ignore_ament_install']
[0.212s] Level 1:colcon.colcon_core.package_identification:_identify(AmazingHand-main/Demo/AHSimulation/AHSimulation) by extension 'ignore'
[0.212s] Level 1:colcon.colcon_core.package_identification:_identify(AmazingHand-main/Demo/AHSimulation/AHSimulation) by extension 'ignore_ament_install'
[0.212s] Level 1:colcon.colcon_core.package_identification:_identify(AmazingHand-main/Demo/AHSimulation/AHSimulation) by extensions ['colcon_pkg']
[0.212s] Level 1:colcon.colcon_core.package_identification:_identify(AmazingHand-main/Demo/AHSimulation/AHSimulation) by extension 'colcon_pkg'
[0.212s] Level 1:colcon.colcon_core.package_identification:_identify(AmazingHand-main/Demo/AHSimulation/AHSimulation) by extensions ['colcon_meta']
[0.212s] Level 1:colcon.colcon_core.package_identification:_identify(AmazingHand-main/Demo/AHSimulation/AHSimulation) by extension 'colcon_meta'
[0.212s] Level 1:colcon.colcon_core.package_identification:_identify(AmazingHand-main/Demo/AHSimulation/AHSimulation) by extensions ['ros']
[0.212s] Level 1:colcon.colcon_core.package_identification:_identify(AmazingHand-main/Demo/AHSimulation/AHSimulation) by extension 'ros'
[0.212s] Level 1:colcon.colcon_core.package_identification:_identify(AmazingHand-main/Demo/AHSimulation/AHSimulation) by extensions ['cmake', 'python']
[0.212s] Level 1:colcon.colcon_core.package_identification:_identify(AmazingHand-main/Demo/AHSimulation/AHSimulation) by extension 'cmake'
[0.212s] Level 1:colcon.colcon_core.package_identification:_identify(AmazingHand-main/Demo/AHSimulation/AHSimulation) by extension 'python'
[0.212s] Level 1:colcon.colcon_core.package_identification:_identify(AmazingHand-main/Demo/AHSimulation/AHSimulation) by extensions ['python_setup_py']
[0.212s] Level 1:colcon.colcon_core.package_identification:_identify(AmazingHand-main/Demo/AHSimulation/AHSimulation) by extension 'python_setup_py'
[0.212s] Level 1:colcon.colcon_core.package_identification:_identify(AmazingHand-main/Demo/AHSimulation/AHSimulation/AH_Left) by extensions ['ignore', 'ignore_ament_install']
[0.212s] Level 1:colcon.colcon_core.package_identification:_identify(AmazingHand-main/Demo/AHSimulation/AHSimulation/AH_Left) by extension 'ignore'
[0.212s] Level 1:colcon.colcon_core.package_identification:_identify(AmazingHand-main/Demo/AHSimulation/AHSimulation/AH_Left) by extension 'ignore_ament_install'
[0.213s] Level 1:colcon.colcon_core.package_identification:_identify(AmazingHand-main/Demo/AHSimulation/AHSimulation/AH_Left) by extensions ['colcon_pkg']
[0.213s] Level 1:colcon.colcon_core.package_identification:_identify(AmazingHand-main/Demo/AHSimulation/AHSimulation/AH_Left) by extension 'colcon_pkg'
[0.213s] Level 1:colcon.colcon_core.package_identification:_identify(AmazingHand-main/Demo/AHSimulation/AHSimulation/AH_Left) by extensions ['colcon_meta']
[0.213s] Level 1:colcon.colcon_core.package_identification:_identify(AmazingHand-main/Demo/AHSimulation/AHSimulation/AH_Left) by extension 'colcon_meta'
[0.213s] Level 1:colcon.colcon_core.package_identification:_identify(AmazingHand-main/Demo/AHSimulation/AHSimulation/AH_Left) by extensions ['ros']
[0.213s] Level 1:colcon.colcon_core.package_identification:_identify(AmazingHand-main/Demo/AHSimulation/AHSimulation/AH_Left) by extension 'ros'
[0.213s] Level 1:colcon.colcon_core.package_identification:_identify(AmazingHand-main/Demo/AHSimulation/AHSimulation/AH_Left) by extensions ['cmake', 'python']
[0.213s] Level 1:colcon.colcon_core.package_identification:_identify(AmazingHand-main/Demo/AHSimulation/AHSimulation/AH_Left) by extension 'cmake'
[0.213s] Level 1:colcon.colcon_core.package_identification:_identify(AmazingHand-main/Demo/AHSimulation/AHSimulation/AH_Left) by extension 'python'
[0.213s] Level 1:colcon.colcon_core.package_identification:_identify(AmazingHand-main/Demo/AHSimulation/AHSimulation/AH_Left) by extensions ['python_setup_py']
[0.213s] Level 1:colcon.colcon_core.package_identification:_identify(AmazingHand-main/Demo/AHSimulation/AHSimulation/AH_Left) by extension 'python_setup_py'
[0.213s] Level 1:colcon.colcon_core.package_identification:_identify(AmazingHand-main/Demo/AHSimulation/AHSimulation/AH_Left/mjcf) by extensions ['ignore', 'ignore_ament_install']
[0.213s] Level 1:colcon.colcon_core.package_identification:_identify(AmazingHand-main/Demo/AHSimulation/AHSimulation/AH_Left/mjcf) by extension 'ignore'
[0.213s] Level 1:colcon.colcon_core.package_identification:_identify(AmazingHand-main/Demo/AHSimulation/AHSimulation/AH_Left/mjcf) by extension 'ignore_ament_install'
[0.213s] Level 1:colcon.colcon_core.package_identification:_identify(AmazingHand-main/Demo/AHSimulation/AHSimulation/AH_Left/mjcf) by extensions ['colcon_pkg']
[0.213s] Level 1:colcon.colcon_core.package_identification:_identify(AmazingHand-main/Demo/AHSimulation/AHSimulation/AH_Left/mjcf) by extension 'colcon_pkg'
[0.213s] Level 1:colcon.colcon_core.package_identification:_identify(AmazingHand-main/Demo/AHSimulation/AHSimulation/AH_Left/mjcf) by extensions ['colcon_meta']
[0.213s] Level 1:colcon.colcon_core.package_identification:_identify(AmazingHand-main/Demo/AHSimulation/AHSimulation/AH_Left/mjcf) by extension 'colcon_meta'
[0.213s] Level 1:colcon.colcon_core.package_identification:_identify(AmazingHand-main/Demo/AHSimulation/AHSimulation/AH_Left/mjcf) by extensions ['ros']
[0.213s] Level 1:colcon.colcon_core.package_identification:_identify(AmazingHand-main/Demo/AHSimulation/AHSimulation/AH_Left/mjcf) by extension 'ros'
[0.214s] Level 1:colcon.colcon_core.package_identification:_identify(AmazingHand-main/Demo/AHSimulation/AHSimulation/AH_Left/mjcf) by extensions ['cmake', 'python']
[0.214s] Level 1:colcon.colcon_core.package_identification:_identify(AmazingHand-main/Demo/AHSimulation/AHSimulation/AH_Left/mjcf) by extension 'cmake'
[0.214s] Level 1:colcon.colcon_core.package_identification:_identify(AmazingHand-main/Demo/AHSimulation/AHSimulation/AH_Left/mjcf) by extension 'python'
[0.214s] Level 1:colcon.colcon_core.package_identification:_identify(AmazingHand-main/Demo/AHSimulation/AHSimulation/AH_Left/mjcf) by extensions ['python_setup_py']
[0.214s] Level 1:colcon.colcon_core.package_identification:_identify(AmazingHand-main/Demo/AHSimulation/AHSimulation/AH_Left/mjcf) by extension 'python_setup_py'
[0.214s] Level 1:colcon.colcon_core.package_identification:_identify(AmazingHand-main/Demo/AHSimulation/AHSimulation/AH_Left/mjcf/assets) by extensions ['ignore', 'ignore_ament_install']
[0.214s] Level 1:colcon.colcon_core.package_identification:_identify(AmazingHand-main/Demo/AHSimulation/AHSimulation/AH_Left/mjcf/assets) by extension 'ignore'
[0.214s] Level 1:colcon.colcon_core.package_identification:_identify(AmazingHand-main/Demo/AHSimulation/AHSimulation/AH_Left/mjcf/assets) by extension 'ignore_ament_install'
[0.214s] Level 1:colcon.colcon_core.package_identification:_identify(AmazingHand-main/Demo/AHSimulation/AHSimulation/AH_Left/mjcf/assets) by extensions ['colcon_pkg']
[0.214s] Level 1:colcon.colcon_core.package_identification:_identify(AmazingHand-main/Demo/AHSimulation/AHSimulation/AH_Left/mjcf/assets) by extension 'colcon_pkg'
[0.214s] Level 1:colcon.colcon_core.package_identification:_identify(AmazingHand-main/Demo/AHSimulation/AHSimulation/AH_Left/mjcf/assets) by extensions ['colcon_meta']
[0.214s] Level 1:colcon.colcon_core.package_identification:_identify(AmazingHand-main/Demo/AHSimulation/AHSimulation/AH_Left/mjcf/assets) by extension 'colcon_meta'
[0.214s] Level 1:colcon.colcon_core.package_identification:_identify(AmazingHand-main/Demo/AHSimulation/AHSimulation/AH_Left/mjcf/assets) by extensions ['ros']
[0.214s] Level 1:colcon.colcon_core.package_identification:_identify(AmazingHand-main/Demo/AHSimulation/AHSimulation/AH_Left/mjcf/assets) by extension 'ros'
[0.214s] Level 1:colcon.colcon_core.package_identification:_identify(AmazingHand-main/Demo/AHSimulation/AHSimulation/AH_Left/mjcf/assets) by extensions ['cmake', 'python']
[0.214s] Level 1:colcon.colcon_core.package_identification:_identify(AmazingHand-main/Demo/AHSimulation/AHSimulation/AH_Left/mjcf/assets) by extension 'cmake'
[0.214s] Level 1:colcon.colcon_core.package_identification:_identify(AmazingHand-main/Demo/AHSimulation/AHSimulation/AH_Left/mjcf/assets) by extension 'python'
[0.214s] Level 1:colcon.colcon_core.package_identification:_identify(AmazingHand-main/Demo/AHSimulation/AHSimulation/AH_Left/mjcf/assets) by extensions ['python_setup_py']
[0.215s] Level 1:colcon.colcon_core.package_identification:_identify(AmazingHand-main/Demo/AHSimulation/AHSimulation/AH_Left/mjcf/assets) by extension 'python_setup_py'
[0.215s] Level 1:colcon.colcon_core.package_identification:_identify(AmazingHand-main/Demo/AHSimulation/AHSimulation/AH_Right) by extensions ['ignore', 'ignore_ament_install']
[0.215s] Level 1:colcon.colcon_core.package_identification:_identify(AmazingHand-main/Demo/AHSimulation/AHSimulation/AH_Right) by extension 'ignore'
[0.215s] Level 1:colcon.colcon_core.package_identification:_identify(AmazingHand-main/Demo/AHSimulation/AHSimulation/AH_Right) by extension 'ignore_ament_install'
[0.215s] Level 1:colcon.colcon_core.package_identification:_identify(AmazingHand-main/Demo/AHSimulation/AHSimulation/AH_Right) by extensions ['colcon_pkg']
[0.215s] Level 1:colcon.colcon_core.package_identification:_identify(AmazingHand-main/Demo/AHSimulation/AHSimulation/AH_Right) by extension 'colcon_pkg'
[0.215s] Level 1:colcon.colcon_core.package_identification:_identify(AmazingHand-main/Demo/AHSimulation/AHSimulation/AH_Right) by extensions ['colcon_meta']
[0.215s] Level 1:colcon.colcon_core.package_identification:_identify(AmazingHand-main/Demo/AHSimulation/AHSimulation/AH_Right) by extension 'colcon_meta'
[0.215s] Level 1:colcon.colcon_core.package_identification:_identify(AmazingHand-main/Demo/AHSimulation/AHSimulation/AH_Right) by extensions ['ros']
[0.215s] Level 1:colcon.colcon_core.package_identification:_identify(AmazingHand-main/Demo/AHSimulation/AHSimulation/AH_Right) by extension 'ros'
[0.215s] Level 1:colcon.colcon_core.package_identification:_identify(AmazingHand-main/Demo/AHSimulation/AHSimulation/AH_Right) by extensions ['cmake', 'python']
[0.215s] Level 1:colcon.colcon_core.package_identification:_identify(AmazingHand-main/Demo/AHSimulation/AHSimulation/AH_Right) by extension 'cmake'
[0.215s] Level 1:colcon.colcon_core.package_identification:_identify(AmazingHand-main/Demo/AHSimulation/AHSimulation/AH_Right) by extension 'python'
[0.215s] Level 1:colcon.colcon_core.package_identification:_identify(AmazingHand-main/Demo/AHSimulation/AHSimulation/AH_Right) by extensions ['python_setup_py']
[0.215s] Level 1:colcon.colcon_core.package_identification:_identify(AmazingHand-main/Demo/AHSimulation/AHSimulation/AH_Right) by extension 'python_setup_py'
[0.215s] Level 1:colcon.colcon_core.package_identification:_identify(AmazingHand-main/Demo/AHSimulation/AHSimulation/AH_Right/mjcf) by extensions ['ignore', 'ignore_ament_install']
[0.215s] Level 1:colcon.colcon_core.package_identification:_identify(AmazingHand-main/Demo/AHSimulation/AHSimulation/AH_Right/mjcf) by extension 'ignore'
[0.215s] Level 1:colcon.colcon_core.package_identification:_identify(AmazingHand-main/Demo/AHSimulation/AHSimulation/AH_Right/mjcf) by extension 'ignore_ament_install'
[0.216s] Level 1:colcon.colcon_core.package_identification:_identify(AmazingHand-main/Demo/AHSimulation/AHSimulation/AH_Right/mjcf) by extensions ['colcon_pkg']
[0.216s] Level 1:colcon.colcon_core.package_identification:_identify(AmazingHand-main/Demo/AHSimulation/AHSimulation/AH_Right/mjcf) by extension 'colcon_pkg'
[0.216s] Level 1:colcon.colcon_core.package_identification:_identify(AmazingHand-main/Demo/AHSimulation/AHSimulation/AH_Right/mjcf) by extensions ['colcon_meta']
[0.216s] Level 1:colcon.colcon_core.package_identification:_identify(AmazingHand-main/Demo/AHSimulation/AHSimulation/AH_Right/mjcf) by extension 'colcon_meta'
[0.216s] Level 1:colcon.colcon_core.package_identification:_identify(AmazingHand-main/Demo/AHSimulation/AHSimulation/AH_Right/mjcf) by extensions ['ros']
[0.216s] Level 1:colcon.colcon_core.package_identification:_identify(AmazingHand-main/Demo/AHSimulation/AHSimulation/AH_Right/mjcf) by extension 'ros'
[0.216s] Level 1:colcon.colcon_core.package_identification:_identify(AmazingHand-main/Demo/AHSimulation/AHSimulation/AH_Right/mjcf) by extensions ['cmake', 'python']
[0.216s] Level 1:colcon.colcon_core.package_identification:_identify(AmazingHand-main/Demo/AHSimulation/AHSimulation/AH_Right/mjcf) by extension 'cmake'
[0.216s] Level 1:colcon.colcon_core.package_identification:_identify(AmazingHand-main/Demo/AHSimulation/AHSimulation/AH_Right/mjcf) by extension 'python'
[0.216s] Level 1:colcon.colcon_core.package_identification:_identify(AmazingHand-main/Demo/AHSimulation/AHSimulation/AH_Right/mjcf) by extensions ['python_setup_py']
[0.216s] Level 1:colcon.colcon_core.package_identification:_identify(AmazingHand-main/Demo/AHSimulation/AHSimulation/AH_Right/mjcf) by extension 'python_setup_py'
[0.216s] Level 1:colcon.colcon_core.package_identification:_identify(AmazingHand-main/Demo/AHSimulation/AHSimulation/AH_Right/mjcf/assets) by extensions ['ignore', 'ignore_ament_install']
[0.216s] Level 1:colcon.colcon_core.package_identification:_identify(AmazingHand-main/Demo/AHSimulation/AHSimulation/AH_Right/mjcf/assets) by extension 'ignore'
[0.216s] Level 1:colcon.colcon_core.package_identification:_identify(AmazingHand-main/Demo/AHSimulation/AHSimulation/AH_Right/mjcf/assets) by extension 'ignore_ament_install'
[0.216s] Level 1:colcon.colcon_core.package_identification:_identify(AmazingHand-main/Demo/AHSimulation/AHSimulation/AH_Right/mjcf/assets) by extensions ['colcon_pkg']
[0.216s] Level 1:colcon.colcon_core.package_identification:_identify(AmazingHand-main/Demo/AHSimulation/AHSimulation/AH_Right/mjcf/assets) by extension 'colcon_pkg'
[0.216s] Level 1:colcon.colcon_core.package_identification:_identify(AmazingHand-main/Demo/AHSimulation/AHSimulation/AH_Right/mjcf/assets) by extensions ['colcon_meta']
[0.216s] Level 1:colcon.colcon_core.package_identification:_identify(AmazingHand-main/Demo/AHSimulation/AHSimulation/AH_Right/mjcf/assets) by extension 'colcon_meta'
[0.216s] Level 1:colcon.colcon_core.package_identification:_identify(AmazingHand-main/Demo/AHSimulation/AHSimulation/AH_Right/mjcf/assets) by extensions ['ros']
[0.216s] Level 1:colcon.colcon_core.package_identification:_identify(AmazingHand-main/Demo/AHSimulation/AHSimulation/AH_Right/mjcf/assets) by extension 'ros'
[0.217s] Level 1:colcon.colcon_core.package_identification:_identify(AmazingHand-main/Demo/AHSimulation/AHSimulation/AH_Right/mjcf/assets) by extensions ['cmake', 'python']
[0.217s] Level 1:colcon.colcon_core.package_identification:_identify(AmazingHand-main/Demo/AHSimulation/AHSimulation/AH_Right/mjcf/assets) by extension 'cmake'
[0.217s] Level 1:colcon.colcon_core.package_identification:_identify(AmazingHand-main/Demo/AHSimulation/AHSimulation/AH_Right/mjcf/assets) by extension 'python'
[0.217s] Level 1:colcon.colcon_core.package_identification:_identify(AmazingHand-main/Demo/AHSimulation/AHSimulation/AH_Right/mjcf/assets) by extensions ['python_setup_py']
[0.217s] Level 1:colcon.colcon_core.package_identification:_identify(AmazingHand-main/Demo/AHSimulation/AHSimulation/AH_Right/mjcf/assets) by extension 'python_setup_py'
[0.217s] Level 1:colcon.colcon_core.package_identification:_identify(AmazingHand-main/Demo/AHSimulation/examples) by extensions ['ignore', 'ignore_ament_install']
[0.217s] Level 1:colcon.colcon_core.package_identification:_identify(AmazingHand-main/Demo/AHSimulation/examples) by extension 'ignore'
[0.217s] Level 1:colcon.colcon_core.package_identification:_identify(AmazingHand-main/Demo/AHSimulation/examples) by extension 'ignore_ament_install'
[0.217s] Level 1:colcon.colcon_core.package_identification:_identify(AmazingHand-main/Demo/AHSimulation/examples) by extensions ['colcon_pkg']
[0.217s] Level 1:colcon.colcon_core.package_identification:_identify(AmazingHand-main/Demo/AHSimulation/examples) by extension 'colcon_pkg'
[0.217s] Level 1:colcon.colcon_core.package_identification:_identify(AmazingHand-main/Demo/AHSimulation/examples) by extensions ['colcon_meta']
[0.217s] Level 1:colcon.colcon_core.package_identification:_identify(AmazingHand-main/Demo/AHSimulation/examples) by extension 'colcon_meta'
[0.217s] Level 1:colcon.colcon_core.package_identification:_identify(AmazingHand-main/Demo/AHSimulation/examples) by extensions ['ros']
[0.217s] Level 1:colcon.colcon_core.package_identification:_identify(AmazingHand-main/Demo/AHSimulation/examples) by extension 'ros'
[0.217s] Level 1:colcon.colcon_core.package_identification:_identify(AmazingHand-main/Demo/AHSimulation/examples) by extensions ['cmake', 'python']
[0.217s] Level 1:colcon.colcon_core.package_identification:_identify(AmazingHand-main/Demo/AHSimulation/examples) by extension 'cmake'
[0.217s] Level 1:colcon.colcon_core.package_identification:_identify(AmazingHand-main/Demo/AHSimulation/examples) by extension 'python'
[0.217s] Level 1:colcon.colcon_core.package_identification:_identify(AmazingHand-main/Demo/AHSimulation/examples) by extensions ['python_setup_py']
[0.217s] Level 1:colcon.colcon_core.package_identification:_identify(AmazingHand-main/Demo/AHSimulation/examples) by extension 'python_setup_py'
[0.217s] Level 1:colcon.colcon_core.package_identification:_identify(AmazingHand-main/Demo/HandTracking) by extensions ['ignore', 'ignore_ament_install']
[0.218s] Level 1:colcon.colcon_core.package_identification:_identify(AmazingHand-main/Demo/HandTracking) by extension 'ignore'
[0.218s] Level 1:colcon.colcon_core.package_identification:_identify(AmazingHand-main/Demo/HandTracking) by extension 'ignore_ament_install'
[0.218s] Level 1:colcon.colcon_core.package_identification:_identify(AmazingHand-main/Demo/HandTracking) by extensions ['colcon_pkg']
[0.218s] Level 1:colcon.colcon_core.package_identification:_identify(AmazingHand-main/Demo/HandTracking) by extension 'colcon_pkg'
[0.218s] Level 1:colcon.colcon_core.package_identification:_identify(AmazingHand-main/Demo/HandTracking) by extensions ['colcon_meta']
[0.218s] Level 1:colcon.colcon_core.package_identification:_identify(AmazingHand-main/Demo/HandTracking) by extension 'colcon_meta'
[0.218s] Level 1:colcon.colcon_core.package_identification:_identify(AmazingHand-main/Demo/HandTracking) by extensions ['ros']
[0.218s] Level 1:colcon.colcon_core.package_identification:_identify(AmazingHand-main/Demo/HandTracking) by extension 'ros'
[0.218s] Level 1:colcon.colcon_core.package_identification:_identify(AmazingHand-main/Demo/HandTracking) by extensions ['cmake', 'python']
[0.218s] Level 1:colcon.colcon_core.package_identification:_identify(AmazingHand-main/Demo/HandTracking) by extension 'cmake'
[0.218s] Level 1:colcon.colcon_core.package_identification:_identify(AmazingHand-main/Demo/HandTracking) by extension 'python'
[0.218s] Level 1:colcon.colcon_core.package_identification:_identify(AmazingHand-main/Demo/HandTracking) by extensions ['python_setup_py']
[0.218s] Level 1:colcon.colcon_core.package_identification:_identify(AmazingHand-main/Demo/HandTracking) by extension 'python_setup_py'
[0.218s] Level 1:colcon.colcon_core.package_identification:_identify(AmazingHand-main/Demo/HandTracking/HandTracking) by extensions ['ignore', 'ignore_ament_install']
[0.218s] Level 1:colcon.colcon_core.package_identification:_identify(AmazingHand-main/Demo/HandTracking/HandTracking) by extension 'ignore'
[0.218s] Level 1:colcon.colcon_core.package_identification:_identify(AmazingHand-main/Demo/HandTracking/HandTracking) by extension 'ignore_ament_install'
[0.218s] Level 1:colcon.colcon_core.package_identification:_identify(AmazingHand-main/Demo/HandTracking/HandTracking) by extensions ['colcon_pkg']
[0.218s] Level 1:colcon.colcon_core.package_identification:_identify(AmazingHand-main/Demo/HandTracking/HandTracking) by extension 'colcon_pkg'
[0.218s] Level 1:colcon.colcon_core.package_identification:_identify(AmazingHand-main/Demo/HandTracking/HandTracking) by extensions ['colcon_meta']
[0.218s] Level 1:colcon.colcon_core.package_identification:_identify(AmazingHand-main/Demo/HandTracking/HandTracking) by extension 'colcon_meta'
[0.218s] Level 1:colcon.colcon_core.package_identification:_identify(AmazingHand-main/Demo/HandTracking/HandTracking) by extensions ['ros']
[0.218s] Level 1:colcon.colcon_core.package_identification:_identify(AmazingHand-main/Demo/HandTracking/HandTracking) by extension 'ros'
[0.219s] Level 1:colcon.colcon_core.package_identification:_identify(AmazingHand-main/Demo/HandTracking/HandTracking) by extensions ['cmake', 'python']
[0.219s] Level 1:colcon.colcon_core.package_identification:_identify(AmazingHand-main/Demo/HandTracking/HandTracking) by extension 'cmake'
[0.219s] Level 1:colcon.colcon_core.package_identification:_identify(AmazingHand-main/Demo/HandTracking/HandTracking) by extension 'python'
[0.219s] Level 1:colcon.colcon_core.package_identification:_identify(AmazingHand-main/Demo/HandTracking/HandTracking) by extensions ['python_setup_py']
[0.219s] Level 1:colcon.colcon_core.package_identification:_identify(AmazingHand-main/Demo/HandTracking/HandTracking) by extension 'python_setup_py'
[0.219s] Level 1:colcon.colcon_core.package_identification:_identify(AmazingHand-main/Demo/docs) by extensions ['ignore', 'ignore_ament_install']
[0.219s] Level 1:colcon.colcon_core.package_identification:_identify(AmazingHand-main/Demo/docs) by extension 'ignore'
[0.219s] Level 1:colcon.colcon_core.package_identification:_identify(AmazingHand-main/Demo/docs) by extension 'ignore_ament_install'
[0.219s] Level 1:colcon.colcon_core.package_identification:_identify(AmazingHand-main/Demo/docs) by extensions ['colcon_pkg']
[0.219s] Level 1:colcon.colcon_core.package_identification:_identify(AmazingHand-main/Demo/docs) by extension 'colcon_pkg'
[0.219s] Level 1:colcon.colcon_core.package_identification:_identify(AmazingHand-main/Demo/docs) by extensions ['colcon_meta']
[0.219s] Level 1:colcon.colcon_core.package_identification:_identify(AmazingHand-main/Demo/docs) by extension 'colcon_meta'
[0.219s] Level 1:colcon.colcon_core.package_identification:_identify(AmazingHand-main/Demo/docs) by extensions ['ros']
[0.219s] Level 1:colcon.colcon_core.package_identification:_identify(AmazingHand-main/Demo/docs) by extension 'ros'
[0.219s] Level 1:colcon.colcon_core.package_identification:_identify(AmazingHand-main/Demo/docs) by extensions ['cmake', 'python']
[0.219s] Level 1:colcon.colcon_core.package_identification:_identify(AmazingHand-main/Demo/docs) by extension 'cmake'
[0.219s] Level 1:colcon.colcon_core.package_identification:_identify(AmazingHand-main/Demo/docs) by extension 'python'
[0.219s] Level 1:colcon.colcon_core.package_identification:_identify(AmazingHand-main/Demo/docs) by extensions ['python_setup_py']
[0.219s] Level 1:colcon.colcon_core.package_identification:_identify(AmazingHand-main/Demo/docs) by extension 'python_setup_py'
[0.219s] Level 1:colcon.colcon_core.package_identification:_identify(AmazingHand-main/PythonExample) by extensions ['ignore', 'ignore_ament_install']
[0.219s] Level 1:colcon.colcon_core.package_identification:_identify(AmazingHand-main/PythonExample) by extension 'ignore'
[0.220s] Level 1:colcon.colcon_core.package_identification:_identify(AmazingHand-main/PythonExample) by extension 'ignore_ament_install'
[0.220s] Level 1:colcon.colcon_core.package_identification:_identify(AmazingHand-main/PythonExample) by extensions ['colcon_pkg']
[0.220s] Level 1:colcon.colcon_core.package_identification:_identify(AmazingHand-main/PythonExample) by extension 'colcon_pkg'
[0.220s] Level 1:colcon.colcon_core.package_identification:_identify(AmazingHand-main/PythonExample) by extensions ['colcon_meta']
[0.220s] Level 1:colcon.colcon_core.package_identification:_identify(AmazingHand-main/PythonExample) by extension 'colcon_meta'
[0.220s] Level 1:colcon.colcon_core.package_identification:_identify(AmazingHand-main/PythonExample) by extensions ['ros']
[0.220s] Level 1:colcon.colcon_core.package_identification:_identify(AmazingHand-main/PythonExample) by extension 'ros'
[0.220s] Level 1:colcon.colcon_core.package_identification:_identify(AmazingHand-main/PythonExample) by extensions ['cmake', 'python']
[0.220s] Level 1:colcon.colcon_core.package_identification:_identify(AmazingHand-main/PythonExample) by extension 'cmake'
[0.220s] Level 1:colcon.colcon_core.package_identification:_identify(AmazingHand-main/PythonExample) by extension 'python'
[0.220s] Level 1:colcon.colcon_core.package_identification:_identify(AmazingHand-main/PythonExample) by extensions ['python_setup_py']
[0.220s] Level 1:colcon.colcon_core.package_identification:_identify(AmazingHand-main/PythonExample) by extension 'python_setup_py'
[0.220s] Level 1:colcon.colcon_core.package_identification:_identify(AmazingHand-main/assets) by extensions ['ignore', 'ignore_ament_install']
[0.220s] Level 1:colcon.colcon_core.package_identification:_identify(AmazingHand-main/assets) by extension 'ignore'
[0.220s] Level 1:colcon.colcon_core.package_identification:_identify(AmazingHand-main/assets) by extension 'ignore_ament_install'
[0.220s] Level 1:colcon.colcon_core.package_identification:_identify(AmazingHand-main/assets) by extensions ['colcon_pkg']
[0.220s] Level 1:colcon.colcon_core.package_identification:_identify(AmazingHand-main/assets) by extension 'colcon_pkg'
[0.220s] Level 1:colcon.colcon_core.package_identification:_identify(AmazingHand-main/assets) by extensions ['colcon_meta']
[0.220s] Level 1:colcon.colcon_core.package_identification:_identify(AmazingHand-main/assets) by extension 'colcon_meta'
[0.220s] Level 1:colcon.colcon_core.package_identification:_identify(AmazingHand-main/assets) by extensions ['ros']
[0.220s] Level 1:colcon.colcon_core.package_identification:_identify(AmazingHand-main/assets) by extension 'ros'
[0.220s] Level 1:colcon.colcon_core.package_identification:_identify(AmazingHand-main/assets) by extensions ['cmake', 'python']
[0.220s] Level 1:colcon.colcon_core.package_identification:_identify(AmazingHand-main/assets) by extension 'cmake'
[0.221s] Level 1:colcon.colcon_core.package_identification:_identify(AmazingHand-main/assets) by extension 'python'
[0.221s] Level 1:colcon.colcon_core.package_identification:_identify(AmazingHand-main/assets) by extensions ['python_setup_py']
[0.221s] Level 1:colcon.colcon_core.package_identification:_identify(AmazingHand-main/assets) by extension 'python_setup_py'
[0.221s] Level 1:colcon.colcon_core.package_identification:_identify(AmazingHand-main/cad) by extensions ['ignore', 'ignore_ament_install']
[0.221s] Level 1:colcon.colcon_core.package_identification:_identify(AmazingHand-main/cad) by extension 'ignore'
[0.221s] Level 1:colcon.colcon_core.package_identification:_identify(AmazingHand-main/cad) by extension 'ignore_ament_install'
[0.221s] Level 1:colcon.colcon_core.package_identification:_identify(AmazingHand-main/cad) by extensions ['colcon_pkg']
[0.221s] Level 1:colcon.colcon_core.package_identification:_identify(AmazingHand-main/cad) by extension 'colcon_pkg'
[0.221s] Level 1:colcon.colcon_core.package_identification:_identify(AmazingHand-main/cad) by extensions ['colcon_meta']
[0.221s] Level 1:colcon.colcon_core.package_identification:_identify(AmazingHand-main/cad) by extension 'colcon_meta'
[0.221s] Level 1:colcon.colcon_core.package_identification:_identify(AmazingHand-main/cad) by extensions ['ros']
[0.221s] Level 1:colcon.colcon_core.package_identification:_identify(AmazingHand-main/cad) by extension 'ros'
[0.221s] Level 1:colcon.colcon_core.package_identification:_identify(AmazingHand-main/cad) by extensions ['cmake', 'python']
[0.221s] Level 1:colcon.colcon_core.package_identification:_identify(AmazingHand-main/cad) by extension 'cmake'
[0.221s] Level 1:colcon.colcon_core.package_identification:_identify(AmazingHand-main/cad) by extension 'python'
[0.221s] Level 1:colcon.colcon_core.package_identification:_identify(AmazingHand-main/cad) by extensions ['python_setup_py']
[0.221s] Level 1:colcon.colcon_core.package_identification:_identify(AmazingHand-main/cad) by extension 'python_setup_py'
[0.221s] Level 1:colcon.colcon_core.package_identification:_identify(AmazingHand-main/cad/step) by extensions ['ignore', 'ignore_ament_install']
[0.221s] Level 1:colcon.colcon_core.package_identification:_identify(AmazingHand-main/cad/step) by extension 'ignore'
[0.221s] Level 1:colcon.colcon_core.package_identification:_identify(AmazingHand-main/cad/step) by extension 'ignore_ament_install'
[0.221s] Level 1:colcon.colcon_core.package_identification:_identify(AmazingHand-main/cad/step) by extensions ['colcon_pkg']
[0.222s] Level 1:colcon.colcon_core.package_identification:_identify(AmazingHand-main/cad/step) by extension 'colcon_pkg'
[0.222s] Level 1:colcon.colcon_core.package_identification:_identify(AmazingHand-main/cad/step) by extensions ['colcon_meta']
[0.222s] Level 1:colcon.colcon_core.package_identification:_identify(AmazingHand-main/cad/step) by extension 'colcon_meta'
[0.222s] Level 1:colcon.colcon_core.package_identification:_identify(AmazingHand-main/cad/step) by extensions ['ros']
[0.222s] Level 1:colcon.colcon_core.package_identification:_identify(AmazingHand-main/cad/step) by extension 'ros'
[0.222s] Level 1:colcon.colcon_core.package_identification:_identify(AmazingHand-main/cad/step) by extensions ['cmake', 'python']
[0.222s] Level 1:colcon.colcon_core.package_identification:_identify(AmazingHand-main/cad/step) by extension 'cmake'
[0.222s] Level 1:colcon.colcon_core.package_identification:_identify(AmazingHand-main/cad/step) by extension 'python'
[0.222s] Level 1:colcon.colcon_core.package_identification:_identify(AmazingHand-main/cad/step) by extensions ['python_setup_py']
[0.222s] Level 1:colcon.colcon_core.package_identification:_identify(AmazingHand-main/cad/step) by extension 'python_setup_py'
[0.222s] Level 1:colcon.colcon_core.package_identification:_identify(AmazingHand-main/cad/stl) by extensions ['ignore', 'ignore_ament_install']
[0.222s] Level 1:colcon.colcon_core.package_identification:_identify(AmazingHand-main/cad/stl) by extension 'ignore'
[0.222s] Level 1:colcon.colcon_core.package_identification:_identify(AmazingHand-main/cad/stl) by extension 'ignore_ament_install'
[0.222s] Level 1:colcon.colcon_core.package_identification:_identify(AmazingHand-main/cad/stl) by extensions ['colcon_pkg']
[0.222s] Level 1:colcon.colcon_core.package_identification:_identify(AmazingHand-main/cad/stl) by extension 'colcon_pkg'
[0.222s] Level 1:colcon.colcon_core.package_identification:_identify(AmazingHand-main/cad/stl) by extensions ['colcon_meta']
[0.222s] Level 1:colcon.colcon_core.package_identification:_identify(AmazingHand-main/cad/stl) by extension 'colcon_meta'
[0.222s] Level 1:colcon.colcon_core.package_identification:_identify(AmazingHand-main/cad/stl) by extensions ['ros']
[0.222s] Level 1:colcon.colcon_core.package_identification:_identify(AmazingHand-main/cad/stl) by extension 'ros'
[0.222s] Level 1:colcon.colcon_core.package_identification:_identify(AmazingHand-main/cad/stl) by extensions ['cmake', 'python']
[0.222s] Level 1:colcon.colcon_core.package_identification:_identify(AmazingHand-main/cad/stl) by extension 'cmake'
[0.222s] Level 1:colcon.colcon_core.package_identification:_identify(AmazingHand-main/cad/stl) by extension 'python'
[0.222s] Level 1:colcon.colcon_core.package_identification:_identify(AmazingHand-main/cad/stl) by extensions ['python_setup_py']
[0.222s] Level 1:colcon.colcon_core.package_identification:_identify(AmazingHand-main/cad/stl) by extension 'python_setup_py'
[0.223s] Level 1:colcon.colcon_core.package_identification:_identify(AmazingHand-main/docs) by extensions ['ignore', 'ignore_ament_install']
[0.223s] Level 1:colcon.colcon_core.package_identification:_identify(AmazingHand-main/docs) by extension 'ignore'
[0.223s] Level 1:colcon.colcon_core.package_identification:_identify(AmazingHand-main/docs) by extension 'ignore_ament_install'
[0.223s] Level 1:colcon.colcon_core.package_identification:_identify(AmazingHand-main/docs) by extensions ['colcon_pkg']
[0.223s] Level 1:colcon.colcon_core.package_identification:_identify(AmazingHand-main/docs) by extension 'colcon_pkg'
[0.223s] Level 1:colcon.colcon_core.package_identification:_identify(AmazingHand-main/docs) by extensions ['colcon_meta']
[0.223s] Level 1:colcon.colcon_core.package_identification:_identify(AmazingHand-main/docs) by extension 'colcon_meta'
[0.223s] Level 1:colcon.colcon_core.package_identification:_identify(AmazingHand-main/docs) by extensions ['ros']
[0.223s] Level 1:colcon.colcon_core.package_identification:_identify(AmazingHand-main/docs) by extension 'ros'
[0.223s] Level 1:colcon.colcon_core.package_identification:_identify(AmazingHand-main/docs) by extensions ['cmake', 'python']
[0.223s] Level 1:colcon.colcon_core.package_identification:_identify(AmazingHand-main/docs) by extension 'cmake'
[0.223s] Level 1:colcon.colcon_core.package_identification:_identify(AmazingHand-main/docs) by extension 'python'
[0.223s] Level 1:colcon.colcon_core.package_identification:_identify(AmazingHand-main/docs) by extensions ['python_setup_py']
[0.223s] Level 1:colcon.colcon_core.package_identification:_identify(AmazingHand-main/docs) by extension 'python_setup_py'
[0.223s] Level 1:colcon.colcon_core.package_identification:_identify(build) by extensions ['ignore', 'ignore_ament_install']
[0.223s] Level 1:colcon.colcon_core.package_identification:_identify(build) by extension 'ignore'
[0.223s] Level 1:colcon.colcon_core.package_identification:_identify(build) ignored
[0.224s] Level 1:colcon.colcon_core.package_identification:_identify(install) by extensions ['ignore', 'ignore_ament_install']
[0.224s] Level 1:colcon.colcon_core.package_identification:_identify(install) by extension 'ignore'
[0.224s] Level 1:colcon.colcon_core.package_identification:_identify(install) ignored
[0.224s] Level 1:colcon.colcon_core.package_identification:_identify(log) by extensions ['ignore', 'ignore_ament_install']
[0.224s] Level 1:colcon.colcon_core.package_identification:_identify(log) by extension 'ignore'
[0.224s] Level 1:colcon.colcon_core.package_identification:_identify(log) ignored
[0.224s] Level 1:colcon.colcon_core.package_identification:_identify(src) by extensions ['ignore', 'ignore_ament_install']
[0.224s] Level 1:colcon.colcon_core.package_identification:_identify(src) by extension 'ignore'
[0.224s] Level 1:colcon.colcon_core.package_identification:_identify(src) by extension 'ignore_ament_install'
[0.224s] Level 1:colcon.colcon_core.package_identification:_identify(src) by extensions ['colcon_pkg']
[0.224s] Level 1:colcon.colcon_core.package_identification:_identify(src) by extension 'colcon_pkg'
[0.224s] Level 1:colcon.colcon_core.package_identification:_identify(src) by extensions ['colcon_meta']
[0.224s] Level 1:colcon.colcon_core.package_identification:_identify(src) by extension 'colcon_meta'
[0.224s] Level 1:colcon.colcon_core.package_identification:_identify(src) by extensions ['ros']
[0.224s] Level 1:colcon.colcon_core.package_identification:_identify(src) by extension 'ros'
[0.224s] Level 1:colcon.colcon_core.package_identification:_identify(src) by extensions ['cmake', 'python']
[0.224s] Level 1:colcon.colcon_core.package_identification:_identify(src) by extension 'cmake'
[0.224s] Level 1:colcon.colcon_core.package_identification:_identify(src) by extension 'python'
[0.224s] Level 1:colcon.colcon_core.package_identification:_identify(src) by extensions ['python_setup_py']
[0.225s] Level 1:colcon.colcon_core.package_identification:_identify(src) by extension 'python_setup_py'
[0.225s] Level 1:colcon.colcon_core.package_identification:_identify(src/ah_bot_dashboard) by extensions ['ignore', 'ignore_ament_install']
[0.225s] Level 1:colcon.colcon_core.package_identification:_identify(src/ah_bot_dashboard) by extension 'ignore'
[0.225s] Level 1:colcon.colcon_core.package_identification:_identify(src/ah_bot_dashboard) by extension 'ignore_ament_install'
[0.225s] Level 1:colcon.colcon_core.package_identification:_identify(src/ah_bot_dashboard) by extensions ['colcon_pkg']
[0.225s] Level 1:colcon.colcon_core.package_identification:_identify(src/ah_bot_dashboard) by extension 'colcon_pkg'
[0.225s] Level 1:colcon.colcon_core.package_identification:_identify(src/ah_bot_dashboard) by extensions ['colcon_meta']
[0.225s] Level 1:colcon.colcon_core.package_identification:_identify(src/ah_bot_dashboard) by extension 'colcon_meta'
[0.225s] Level 1:colcon.colcon_core.package_identification:_identify(src/ah_bot_dashboard) by extensions ['ros']
[0.225s] Level 1:colcon.colcon_core.package_identification:_identify(src/ah_bot_dashboard) by extension 'ros'
[0.228s] DEBUG:colcon.colcon_core.package_identification:Package 'src/ah_bot_dashboard' with type 'ros.ament_python' and name 'ah_bot_dashboard'
[0.228s] Level 1:colcon.colcon_core.package_identification:_identify(src/ah_bot_driver) by extensions ['ignore', 'ignore_ament_install']
[0.228s] Level 1:colcon.colcon_core.package_identification:_identify(src/ah_bot_driver) by extension 'ignore'
[0.228s] Level 1:colcon.colcon_core.package_identification:_identify(src/ah_bot_driver) by extension 'ignore_ament_install'
[0.228s] Level 1:colcon.colcon_core.package_identification:_identify(src/ah_bot_driver) by extensions ['colcon_pkg']
[0.228s] Level 1:colcon.colcon_core.package_identification:_identify(src/ah_bot_driver) by extension 'colcon_pkg'
[0.228s] Level 1:colcon.colcon_core.package_identification:_identify(src/ah_bot_driver) by extensions ['colcon_meta']
[0.228s] Level 1:colcon.colcon_core.package_identification:_identify(src/ah_bot_driver) by extension 'colcon_meta'
[0.228s] Level 1:colcon.colcon_core.package_identification:_identify(src/ah_bot_driver) by extensions ['ros']
[0.228s] Level 1:colcon.colcon_core.package_identification:_identify(src/ah_bot_driver) by extension 'ros'
[0.229s] DEBUG:colcon.colcon_core.package_identification:Package 'src/ah_bot_driver' with type 'ros.ament_python' and name 'ah_bot_driver'
[0.229s] Level 1:colcon.colcon_core.package_identification:_identify(src/ah_bot_mujoco) by extensions ['ignore', 'ignore_ament_install']
[0.229s] Level 1:colcon.colcon_core.package_identification:_identify(src/ah_bot_mujoco) by extension 'ignore'
[0.229s] Level 1:colcon.colcon_core.package_identification:_identify(src/ah_bot_mujoco) by extension 'ignore_ament_install'
[0.229s] Level 1:colcon.colcon_core.package_identification:_identify(src/ah_bot_mujoco) by extensions ['colcon_pkg']
[0.229s] Level 1:colcon.colcon_core.package_identification:_identify(src/ah_bot_mujoco) by extension 'colcon_pkg'
[0.229s] Level 1:colcon.colcon_core.package_identification:_identify(src/ah_bot_mujoco) by extensions ['colcon_meta']
[0.229s] Level 1:colcon.colcon_core.package_identification:_identify(src/ah_bot_mujoco) by extension 'colcon_meta'
[0.229s] Level 1:colcon.colcon_core.package_identification:_identify(src/ah_bot_mujoco) by extensions ['ros']
[0.229s] Level 1:colcon.colcon_core.package_identification:_identify(src/ah_bot_mujoco) by extension 'ros'
[0.230s] DEBUG:colcon.colcon_core.package_identification:Package 'src/ah_bot_mujoco' with type 'ros.ament_python' and name 'ah_bot_mujoco'
[0.230s] Level 1:colcon.colcon_core.package_discovery:discover_packages(recursive) using defaults
[0.230s] Level 1:colcon.colcon_core.package_discovery:discover_packages(ignore) discover
[0.230s] Level 1:colcon.colcon_core.package_discovery:discover_packages(ignore) using defaults
[0.230s] Level 1:colcon.colcon_core.package_discovery:discover_packages(path) discover
[0.230s] Level 1:colcon.colcon_core.package_discovery:discover_packages(path) using defaults
[0.249s] Level 1:colcon.colcon_core.package_discovery:discover_packages(prefix_path) check parameters
[0.249s] Level 1:colcon.colcon_core.package_discovery:discover_packages(prefix_path) discover
[0.251s] DEBUG:colcon.colcon_installed_package_information.package_discovery:Found 1 installed packages in /home/rhd0714/ros2_ws/install
[0.252s] DEBUG:colcon.colcon_installed_package_information.package_discovery:Found 292 installed packages in /opt/ros/jazzy
[0.254s] Level 1:colcon.colcon_core.package_discovery:discover_packages(prefix_path) using defaults
[0.311s] Level 5:colcon.colcon_core.verb:set package 'ah_bot_dashboard' build argument 'cmake_args' from command line to 'None'
[0.311s] Level 5:colcon.colcon_core.verb:set package 'ah_bot_dashboard' build argument 'cmake_target' from command line to 'None'
[0.311s] Level 5:colcon.colcon_core.verb:set package 'ah_bot_dashboard' build argument 'cmake_target_skip_unavailable' from command line to 'False'
[0.311s] Level 5:colcon.colcon_core.verb:set package 'ah_bot_dashboard' build argument 'cmake_clean_cache' from command line to 'False'
[0.311s] Level 5:colcon.colcon_core.verb:set package 'ah_bot_dashboard' build argument 'cmake_clean_first' from command line to 'False'
[0.311s] Level 5:colcon.colcon_core.verb:set package 'ah_bot_dashboard' build argument 'cmake_force_configure' from command line to 'False'
[0.311s] Level 5:colcon.colcon_core.verb:set package 'ah_bot_dashboard' build argument 'ament_cmake_args' from command line to 'None'
[0.311s] Level 5:colcon.colcon_core.verb:set package 'ah_bot_dashboard' build argument 'catkin_cmake_args' from command line to 'None'
[0.311s] Level 5:colcon.colcon_core.verb:set package 'ah_bot_dashboard' build argument 'catkin_skip_building_tests' from command line to 'False'
[0.311s] DEBUG:colcon.colcon_core.verb:Building package 'ah_bot_dashboard' with the following arguments: {'ament_cmake_args': None, 'build_base': '/home/rhd0714/robot_ws/build/ah_bot_dashboard', 'catkin_cmake_args': None, 'catkin_skip_building_tests': False, 'cmake_args': None, 'cmake_clean_cache': False, 'cmake_clean_first': False, 'cmake_force_configure': False, 'cmake_target': None, 'cmake_target_skip_unavailable': False, 'install_base': '/home/rhd0714/robot_ws/install/ah_bot_dashboard', 'merge_install': False, 'path': '/home/rhd0714/robot_ws/src/ah_bot_dashboard', 'symlink_install': True, 'test_result_base': None}
[0.312s] Level 5:colcon.colcon_core.verb:set package 'ah_bot_driver' build argument 'cmake_args' from command line to 'None'
[0.312s] Level 5:colcon.colcon_core.verb:set package 'ah_bot_driver' build argument 'cmake_target' from command line to 'None'
[0.312s] Level 5:colcon.colcon_core.verb:set package 'ah_bot_driver' build argument 'cmake_target_skip_unavailable' from command line to 'False'
[0.312s] Level 5:colcon.colcon_core.verb:set package 'ah_bot_driver' build argument 'cmake_clean_cache' from command line to 'False'
[0.312s] Level 5:colcon.colcon_core.verb:set package 'ah_bot_driver' build argument 'cmake_clean_first' from command line to 'False'
[0.312s] Level 5:colcon.colcon_core.verb:set package 'ah_bot_driver' build argument 'cmake_force_configure' from command line to 'False'
[0.312s] Level 5:colcon.colcon_core.verb:set package 'ah_bot_driver' build argument 'ament_cmake_args' from command line to 'None'
[0.312s] Level 5:colcon.colcon_core.verb:set package 'ah_bot_driver' build argument 'catkin_cmake_args' from command line to 'None'
[0.312s] Level 5:colcon.colcon_core.verb:set package 'ah_bot_driver' build argument 'catkin_skip_building_tests' from command line to 'False'
[0.312s] DEBUG:colcon.colcon_core.verb:Building package 'ah_bot_driver' with the following arguments: {'ament_cmake_args': None, 'build_base': '/home/rhd0714/robot_ws/build/ah_bot_driver', 'catkin_cmake_args': None, 'catkin_skip_building_tests': False, 'cmake_args': None, 'cmake_clean_cache': False, 'cmake_clean_first': False, 'cmake_force_configure': False, 'cmake_target': None, 'cmake_target_skip_unavailable': False, 'install_base': '/home/rhd0714/robot_ws/install/ah_bot_driver', 'merge_install': False, 'path': '/home/rhd0714/robot_ws/src/ah_bot_driver', 'symlink_install': True, 'test_result_base': None}
[0.312s] Level 5:colcon.colcon_core.verb:set package 'ah_bot_mujoco' build argument 'cmake_args' from command line to 'None'
[0.312s] Level 5:colcon.colcon_core.verb:set package 'ah_bot_mujoco' build argument 'cmake_target' from command line to 'None'
[0.312s] Level 5:colcon.colcon_core.verb:set package 'ah_bot_mujoco' build argument 'cmake_target_skip_unavailable' from command line to 'False'
[0.312s] Level 5:colcon.colcon_core.verb:set package 'ah_bot_mujoco' build argument 'cmake_clean_cache' from command line to 'False'
[0.312s] Level 5:colcon.colcon_core.verb:set package 'ah_bot_mujoco' build argument 'cmake_clean_first' from command line to 'False'
[0.312s] Level 5:colcon.colcon_core.verb:set package 'ah_bot_mujoco' build argument 'cmake_force_configure' from command line to 'False'
[0.312s] Level 5:colcon.colcon_core.verb:set package 'ah_bot_mujoco' build argument 'ament_cmake_args' from command line to 'None'
[0.312s] Level 5:colcon.colcon_core.verb:set package 'ah_bot_mujoco' build argument 'catkin_cmake_args' from command line to 'None'
[0.312s] Level 5:colcon.colcon_core.verb:set package 'ah_bot_mujoco' build argument 'catkin_skip_building_tests' from command line to 'False'
[0.312s] DEBUG:colcon.colcon_core.verb:Building package 'ah_bot_mujoco' with the following arguments: {'ament_cmake_args': None, 'build_base': '/home/rhd0714/robot_ws/build/ah_bot_mujoco', 'catkin_cmake_args': None, 'catkin_skip_building_tests': False, 'cmake_args': None, 'cmake_clean_cache': False, 'cmake_clean_first': False, 'cmake_force_configure': False, 'cmake_target': None, 'cmake_target_skip_unavailable': False, 'install_base': '/home/rhd0714/robot_ws/install/ah_bot_mujoco', 'merge_install': False, 'path': '/home/rhd0714/robot_ws/src/ah_bot_mujoco', 'symlink_install': True, 'test_result_base': None}
[0.313s] INFO:colcon.colcon_core.executor:Executing jobs using 'parallel' executor
[0.314s] DEBUG:colcon.colcon_parallel_executor.executor.parallel:run_until_complete
[0.314s] INFO:colcon.colcon_ros.task.ament_python.build:Building ROS package in '/home/rhd0714/robot_ws/src/ah_bot_dashboard' with build type 'ament_python'
[0.315s] Level 1:colcon.colcon_core.shell:create_environment_hook('ah_bot_dashboard', 'ament_prefix_path')
[0.329s] INFO:colcon.colcon_core.plugin_system:Skipping extension 'colcon_core.shell.bat': Not used on non-Windows systems
[0.329s] INFO:colcon.colcon_core.shell:Creating environment hook '/home/rhd0714/robot_ws/install/ah_bot_dashboard/share/ah_bot_dashboard/hook/ament_prefix_path.ps1'
[0.331s] INFO:colcon.colcon_core.shell:Creating environment descriptor '/home/rhd0714/robot_ws/install/ah_bot_dashboard/share/ah_bot_dashboard/hook/ament_prefix_path.dsv'
[0.331s] INFO:colcon.colcon_core.shell:Creating environment hook '/home/rhd0714/robot_ws/install/ah_bot_dashboard/share/ah_bot_dashboard/hook/ament_prefix_path.sh'
[0.332s] INFO:colcon.colcon_core.shell:Skip shell extension 'powershell' for command environment: Not usable outside of PowerShell
[0.332s] DEBUG:colcon.colcon_core.shell:Skip shell extension 'dsv' for command environment
[0.336s] INFO:colcon.colcon_ros.task.ament_python.build:Building ROS package in '/home/rhd0714/robot_ws/src/ah_bot_driver' with build type 'ament_python'
[0.336s] Level 1:colcon.colcon_core.shell:create_environment_hook('ah_bot_driver', 'ament_prefix_path')
[0.337s] INFO:colcon.colcon_core.shell:Creating environment hook '/home/rhd0714/robot_ws/install/ah_bot_driver/share/ah_bot_driver/hook/ament_prefix_path.ps1'
[0.337s] INFO:colcon.colcon_core.shell:Creating environment descriptor '/home/rhd0714/robot_ws/install/ah_bot_driver/share/ah_bot_driver/hook/ament_prefix_path.dsv'
[0.338s] INFO:colcon.colcon_core.shell:Creating environment hook '/home/rhd0714/robot_ws/install/ah_bot_driver/share/ah_bot_driver/hook/ament_prefix_path.sh'
[0.338s] INFO:colcon.colcon_core.shell:Skip shell extension 'powershell' for command environment: Not usable outside of PowerShell
[0.338s] DEBUG:colcon.colcon_core.shell:Skip shell extension 'dsv' for command environment
[0.341s] INFO:colcon.colcon_ros.task.ament_python.build:Building ROS package in '/home/rhd0714/robot_ws/src/ah_bot_mujoco' with build type 'ament_python'
[0.342s] Level 1:colcon.colcon_core.shell:create_environment_hook('ah_bot_mujoco', 'ament_prefix_path')
[0.342s] INFO:colcon.colcon_core.shell:Creating environment hook '/home/rhd0714/robot_ws/install/ah_bot_mujoco/share/ah_bot_mujoco/hook/ament_prefix_path.ps1'
[0.342s] INFO:colcon.colcon_core.shell:Creating environment descriptor '/home/rhd0714/robot_ws/install/ah_bot_mujoco/share/ah_bot_mujoco/hook/ament_prefix_path.dsv'
[0.343s] INFO:colcon.colcon_core.shell:Creating environment hook '/home/rhd0714/robot_ws/install/ah_bot_mujoco/share/ah_bot_mujoco/hook/ament_prefix_path.sh'
[0.343s] INFO:colcon.colcon_core.shell:Skip shell extension 'powershell' for command environment: Not usable outside of PowerShell
[0.343s] DEBUG:colcon.colcon_core.shell:Skip shell extension 'dsv' for command environment
[0.618s] INFO:colcon.colcon_core.task.python.build:Building Python package in '/home/rhd0714/robot_ws/src/ah_bot_dashboard'
[0.619s] INFO:colcon.colcon_core.shell:Skip shell extension 'powershell' for command environment: Not usable outside of PowerShell
[0.619s] DEBUG:colcon.colcon_core.shell:Skip shell extension 'dsv' for command environment
[0.928s] INFO:colcon.colcon_core.task.python.build:Building Python package in '/home/rhd0714/robot_ws/src/ah_bot_driver'
[0.929s] INFO:colcon.colcon_core.shell:Skip shell extension 'powershell' for command environment: Not usable outside of PowerShell
[0.929s] DEBUG:colcon.colcon_core.shell:Skip shell extension 'dsv' for command environment
[1.233s] INFO:colcon.colcon_core.task.python.build:Building Python package in '/home/rhd0714/robot_ws/src/ah_bot_mujoco'
[1.233s] INFO:colcon.colcon_core.shell:Skip shell extension 'powershell' for command environment: Not usable outside of PowerShell
[1.233s] DEBUG:colcon.colcon_core.shell:Skip shell extension 'dsv' for command environment
[2.151s] DEBUG:colcon.colcon_core.event_handler.log_command:Invoking command in '/home/rhd0714/robot_ws/build/ah_bot_dashboard': DEBUGINFOD_URLS=https://debuginfod.ubuntu.com PYTHONPATH=/home/rhd0714/robot_ws/build/ah_bot_dashboard/prefix_override:/usr/lib/python3/dist-packages/colcon_core/task/python/colcon_distutils_commands:/home/rhd0714/robot_ws/install/ah_bot_dashboard/lib/python3.12/site-packages:${PYTHONPATH} /usr/bin/python3 -W ignore:setup.py install is deprecated -W ignore:easy_install command is deprecated setup.py develop --editable --build-directory /home/rhd0714/robot_ws/build/ah_bot_dashboard/build --no-deps symlink_data
[2.173s] DEBUG:colcon.colcon_core.event_handler.log_command:Invoking command in '/home/rhd0714/robot_ws/build/ah_bot_mujoco': DEBUGINFOD_URLS=https://debuginfod.ubuntu.com PYTHONPATH=/home/rhd0714/robot_ws/build/ah_bot_mujoco/prefix_override:/usr/lib/python3/dist-packages/colcon_core/task/python/colcon_distutils_commands:/home/rhd0714/robot_ws/install/ah_bot_mujoco/lib/python3.12/site-packages:${PYTHONPATH} /usr/bin/python3 -W ignore:setup.py install is deprecated -W ignore:easy_install command is deprecated setup.py develop --editable --build-directory /home/rhd0714/robot_ws/build/ah_bot_mujoco/build --no-deps symlink_data
[2.203s] DEBUG:colcon.colcon_core.event_handler.log_command:Invoking command in '/home/rhd0714/robot_ws/build/ah_bot_driver': DEBUGINFOD_URLS=https://debuginfod.ubuntu.com PYTHONPATH=/home/rhd0714/robot_ws/build/ah_bot_driver/prefix_override:/usr/lib/python3/dist-packages/colcon_core/task/python/colcon_distutils_commands:/home/rhd0714/robot_ws/install/ah_bot_driver/lib/python3.12/site-packages:${PYTHONPATH} /usr/bin/python3 -W ignore:setup.py install is deprecated -W ignore:easy_install command is deprecated setup.py develop --editable --build-directory /home/rhd0714/robot_ws/build/ah_bot_driver/build --no-deps symlink_data
[3.008s] DEBUG:colcon.colcon_core.event_handler.log_command:Invoked command in '/home/rhd0714/robot_ws/build/ah_bot_dashboard' returned '1': DEBUGINFOD_URLS=https://debuginfod.ubuntu.com PYTHONPATH=/home/rhd0714/robot_ws/build/ah_bot_dashboard/prefix_override:/usr/lib/python3/dist-packages/colcon_core/task/python/colcon_distutils_commands:/home/rhd0714/robot_ws/install/ah_bot_dashboard/lib/python3.12/site-packages:${PYTHONPATH} /usr/bin/python3 -W ignore:setup.py install is deprecated -W ignore:easy_install command is deprecated setup.py develop --editable --build-directory /home/rhd0714/robot_ws/build/ah_bot_dashboard/build --no-deps symlink_data
[3.077s] DEBUG:colcon.colcon_parallel_executor.executor.parallel:closing loop
[3.077s] DEBUG:colcon.colcon_parallel_executor.executor.parallel:loop closed
[3.077s] DEBUG:colcon.colcon_parallel_executor.executor.parallel:run_until_complete finished with '1'
[3.077s] DEBUG:colcon.colcon_core.event_reactor:joining thread
[3.084s] INFO:colcon.colcon_core.plugin_system:Skipping extension 'colcon_notification.desktop_notification.terminal_notifier': Not used on non-Darwin systems
[3.084s] INFO:colcon.colcon_core.plugin_system:Skipping extension 'colcon_notification.desktop_notification.win32': Not used on non-Windows systems
[3.084s] INFO:colcon.colcon_notification.desktop_notification:Sending desktop notification using 'notify2'
[3.117s] DEBUG:colcon.colcon_core.event_reactor:joined thread
[3.117s] INFO:colcon.colcon_core.shell:Creating prefix script '/home/rhd0714/robot_ws/install/local_setup.ps1'
[3.119s] INFO:colcon.colcon_core.shell:Creating prefix util module '/home/rhd0714/robot_ws/install/_local_setup_util_ps1.py'
[3.121s] INFO:colcon.colcon_core.shell:Creating prefix chain script '/home/rhd0714/robot_ws/install/setup.ps1'
[3.123s] INFO:colcon.colcon_core.shell:Creating prefix script '/home/rhd0714/robot_ws/install/local_setup.sh'
[3.124s] INFO:colcon.colcon_core.shell:Creating prefix util module '/home/rhd0714/robot_ws/install/_local_setup_util_sh.py'
[3.126s] INFO:colcon.colcon_core.shell:Creating prefix chain script '/home/rhd0714/robot_ws/install/setup.sh'
[3.128s] INFO:colcon.colcon_core.shell:Creating prefix script '/home/rhd0714/robot_ws/install/local_setup.bash'
[3.128s] INFO:colcon.colcon_core.shell:Creating prefix chain script '/home/rhd0714/robot_ws/install/setup.bash'
[3.130s] INFO:colcon.colcon_core.shell:Creating prefix script '/home/rhd0714/robot_ws/install/local_setup.zsh'
[3.130s] INFO:colcon.colcon_core.shell:Creating prefix chain script '/home/rhd0714/robot_ws/install/setup.zsh'
