[0.232s] DEBUG:colcon:Command line arguments: ['/usr/bin/colcon', 'build', '--symlink-install']
[0.233s] DEBUG:colcon:Parsed command line arguments: Namespace(log_base=None, log_level=None, verb_name='build', build_base='build', install_base='install', merge_install=False, symlink_install=True, test_result_base=None, continue_on_error=False, executor='parallel', parallel_workers=8, event_handlers=None, ignore_user_meta=False, metas=['./colcon.meta'], base_paths=['.'], packages_ignore=None, packages_ignore_regex=None, paths=None, packages_up_to=None, packages_up_to_regex=None, packages_above=None, packages_above_and_dependencies=None, packages_above_depth=None, packages_select_by_dep=None, packages_skip_by_dep=None, packages_skip_up_to=None, packages_select_build_failed=False, packages_skip_build_finished=False, packages_select_test_failures=False, packages_skip_test_passed=False, packages_select=None, packages_skip=None, packages_select_regex=None, packages_skip_regex=None, packages_start=None, packages_end=None, cmake_args=None, cmake_target=None, cmake_target_skip_unavailable=False, cmake_clean_cache=False, cmake_clean_first=False, cmake_force_configure=False, ament_cmake_args=None, catkin_cmake_args=None, catkin_skip_building_tests=False, mixin_files=None, mixin=None, verb_parser=<colcon_mixin.mixin.mixin_argument.MixinArgumentDecorator object at 0x748be1288c10>, verb_extension=<colcon_core.verb.build.BuildVerb object at 0x748be14021d0>, main=<bound method BuildVerb.main of <colcon_core.verb.build.BuildVerb object at 0x748be14021d0>>, mixin_verb=('build',))
[0.445s] Level 1:colcon.colcon_core.package_discovery:discover_packages(colcon_meta) check parameters
[0.445s] Level 1:colcon.colcon_core.package_discovery:discover_packages(recursive) check parameters
[0.445s] Level 1:colcon.colcon_core.package_discovery:discover_packages(ignore) check parameters
[0.445s] Level 1:colcon.colcon_core.package_discovery:discover_packages(path) check parameters
[0.445s] Level 1:colcon.colcon_core.package_discovery:discover_packages(colcon_meta) discover
[0.445s] Level 1:colcon.colcon_core.package_discovery:discover_packages(recursive) discover
[0.445s] INFO:colcon.colcon_core.package_discovery:Crawling recursively for packages in '/home/user/robot_ws'
[0.445s] Level 1:colcon.colcon_core.package_identification:_identify(.) by extensions ['ignore', 'ignore_ament_install']
[0.445s] Level 1:colcon.colcon_core.package_identification:_identify(.) by extension 'ignore'
[0.445s] Level 1:colcon.colcon_core.package_identification:_identify(.) by extension 'ignore_ament_install'
[0.445s] Level 1:colcon.colcon_core.package_identification:_identify(.) by extensions ['colcon_pkg']
[0.445s] Level 1:colcon.colcon_core.package_identification:_identify(.) by extension 'colcon_pkg'
[0.445s] Level 1:colcon.colcon_core.package_identification:_identify(.) by extensions ['colcon_meta']
[0.445s] Level 1:colcon.colcon_core.package_identification:_identify(.) by extension 'colcon_meta'
[0.445s] Level 1:colcon.colcon_core.package_identification:_identify(.) by extensions ['ros']
[0.445s] Level 1:colcon.colcon_core.package_identification:_identify(.) by extension 'ros'
[0.461s] Level 1:colcon.colcon_core.package_identification:_identify(.) by extensions ['cmake', 'python']
[0.461s] Level 1:colcon.colcon_core.package_identification:_identify(.) by extension 'cmake'
[0.461s] Level 1:colcon.colcon_core.package_identification:_identify(.) by extension 'python'
[0.461s] Level 1:colcon.colcon_core.package_identification:_identify(.) by extensions ['python_setup_py']
[0.461s] Level 1:colcon.colcon_core.package_identification:_identify(.) by extension 'python_setup_py'
[0.461s] Level 1:colcon.colcon_core.package_identification:_identify(AmazingHand-main) by extensions ['ignore', 'ignore_ament_install']
[0.462s] Level 1:colcon.colcon_core.package_identification:_identify(AmazingHand-main) by extension 'ignore'
[0.462s] Level 1:colcon.colcon_core.package_identification:_identify(AmazingHand-main) by extension 'ignore_ament_install'
[0.462s] Level 1:colcon.colcon_core.package_identification:_identify(AmazingHand-main) by extensions ['colcon_pkg']
[0.462s] Level 1:colcon.colcon_core.package_identification:_identify(AmazingHand-main) by extension 'colcon_pkg'
[0.462s] Level 1:colcon.colcon_core.package_identification:_identify(AmazingHand-main) by extensions ['colcon_meta']
[0.462s] Level 1:colcon.colcon_core.package_identification:_identify(AmazingHand-main) by extension 'colcon_meta'
[0.462s] Level 1:colcon.colcon_core.package_identification:_identify(AmazingHand-main) by extensions ['ros']
[0.462s] Level 1:colcon.colcon_core.package_identification:_identify(AmazingHand-main) by extension 'ros'
[0.462s] Level 1:colcon.colcon_core.package_identification:_identify(AmazingHand-main) by extensions ['cmake', 'python']
[0.462s] Level 1:colcon.colcon_core.package_identification:_identify(AmazingHand-main) by extension 'cmake'
[0.462s] Level 1:colcon.colcon_core.package_identification:_identify(AmazingHand-main) by extension 'python'
[0.462s] Level 1:colcon.colcon_core.package_identification:_identify(AmazingHand-main) by extensions ['python_setup_py']
[0.462s] Level 1:colcon.colcon_core.package_identification:_identify(AmazingHand-main) by extension 'python_setup_py'
[0.462s] Level 1:colcon.colcon_core.package_identification:_identify(AmazingHand-main/ArduinoExample) by extensions ['ignore', 'ignore_ament_install']
[0.462s] Level 1:colcon.colcon_core.package_identification:_identify(AmazingHand-main/ArduinoExample) by extension 'ignore'
[0.462s] Level 1:colcon.colcon_core.package_identification:_identify(AmazingHand-main/ArduinoExample) by extension 'ignore_ament_install'
[0.463s] Level 1:colcon.colcon_core.package_identification:_identify(AmazingHand-main/ArduinoExample) by extensions ['colcon_pkg']
[0.463s] Level 1:colcon.colcon_core.package_identification:_identify(AmazingHand-main/ArduinoExample) by extension 'colcon_pkg'
[0.463s] Level 1:colcon.colcon_core.package_identification:_identify(AmazingHand-main/ArduinoExample) by extensions ['colcon_meta']
[0.463s] Level 1:colcon.colcon_core.package_identification:_identify(AmazingHand-main/ArduinoExample) by extension 'colcon_meta'
[0.463s] Level 1:colcon.colcon_core.package_identification:_identify(AmazingHand-main/ArduinoExample) by extensions ['ros']
[0.463s] Level 1:colcon.colcon_core.package_identification:_identify(AmazingHand-main/ArduinoExample) by extension 'ros'
[0.463s] Level 1:colcon.colcon_core.package_identification:_identify(AmazingHand-main/ArduinoExample) by extensions ['cmake', 'python']
[0.463s] Level 1:colcon.colcon_core.package_identification:_identify(AmazingHand-main/ArduinoExample) by extension 'cmake'
[0.463s] Level 1:colcon.colcon_core.package_identification:_identify(AmazingHand-main/ArduinoExample) by extension 'python'
[0.463s] Level 1:colcon.colcon_core.package_identification:_identify(AmazingHand-main/ArduinoExample) by extensions ['python_setup_py']
[0.463s] Level 1:colcon.colcon_core.package_identification:_identify(AmazingHand-main/ArduinoExample) by extension 'python_setup_py'
[0.463s] Level 1:colcon.colcon_core.package_identification:_identify(AmazingHand-main/Demo) by extensions ['ignore', 'ignore_ament_install']
[0.463s] Level 1:colcon.colcon_core.package_identification:_identify(AmazingHand-main/Demo) by extension 'ignore'
[0.463s] Level 1:colcon.colcon_core.package_identification:_identify(AmazingHand-main/Demo) by extension 'ignore_ament_install'
[0.463s] Level 1:colcon.colcon_core.package_identification:_identify(AmazingHand-main/Demo) by extensions ['colcon_pkg']
[0.463s] Level 1:colcon.colcon_core.package_identification:_identify(AmazingHand-main/Demo) by extension 'colcon_pkg'
[0.463s] Level 1:colcon.colcon_core.package_identification:_identify(AmazingHand-main/Demo) by extensions ['colcon_meta']
[0.463s] Level 1:colcon.colcon_core.package_identification:_identify(AmazingHand-main/Demo) by extension 'colcon_meta'
[0.463s] Level 1:colcon.colcon_core.package_identification:_identify(AmazingHand-main/Demo) by extensions ['ros']
[0.463s] Level 1:colcon.colcon_core.package_identification:_identify(AmazingHand-main/Demo) by extension 'ros'
[0.464s] Level 1:colcon.colcon_core.package_identification:_identify(AmazingHand-main/Demo) by extensions ['cmake', 'python']
[0.464s] Level 1:colcon.colcon_core.package_identification:_identify(AmazingHand-main/Demo) by extension 'cmake'
[0.464s] Level 1:colcon.colcon_core.package_identification:_identify(AmazingHand-main/Demo) by extension 'python'
[0.464s] Level 1:colcon.colcon_core.package_identification:_identify(AmazingHand-main/Demo) by extensions ['python_setup_py']
[0.464s] Level 1:colcon.colcon_core.package_identification:_identify(AmazingHand-main/Demo) by extension 'python_setup_py'
[0.464s] Level 1:colcon.colcon_core.package_identification:_identify(AmazingHand-main/Demo/AHControl) by extensions ['ignore', 'ignore_ament_install']
[0.464s] Level 1:colcon.colcon_core.package_identification:_identify(AmazingHand-main/Demo/AHControl) by extension 'ignore'
[0.464s] Level 1:colcon.colcon_core.package_identification:_identify(AmazingHand-main/Demo/AHControl) by extension 'ignore_ament_install'
[0.464s] Level 1:colcon.colcon_core.package_identification:_identify(AmazingHand-main/Demo/AHControl) by extensions ['colcon_pkg']
[0.464s] Level 1:colcon.colcon_core.package_identification:_identify(AmazingHand-main/Demo/AHControl) by extension 'colcon_pkg'
[0.464s] Level 1:colcon.colcon_core.package_identification:_identify(AmazingHand-main/Demo/AHControl) by extensions ['colcon_meta']
[0.464s] Level 1:colcon.colcon_core.package_identification:_identify(AmazingHand-main/Demo/AHControl) by extension 'colcon_meta'
[0.464s] Level 1:colcon.colcon_core.package_identification:_identify(AmazingHand-main/Demo/AHControl) by extensions ['ros']
[0.464s] Level 1:colcon.colcon_core.package_identification:_identify(AmazingHand-main/Demo/AHControl) by extension 'ros'
[0.464s] Level 1:colcon.colcon_core.package_identification:_identify(AmazingHand-main/Demo/AHControl) by extensions ['cmake', 'python']
[0.464s] Level 1:colcon.colcon_core.package_identification:_identify(AmazingHand-main/Demo/AHControl) by extension 'cmake'
[0.464s] Level 1:colcon.colcon_core.package_identification:_identify(AmazingHand-main/Demo/AHControl) by extension 'python'
[0.464s] Level 1:colcon.colcon_core.package_identification:_identify(AmazingHand-main/Demo/AHControl) by extensions ['python_setup_py']
[0.465s] Level 1:colcon.colcon_core.package_identification:_identify(AmazingHand-main/Demo/AHControl) by extension 'python_setup_py'
[0.465s] Level 1:colcon.colcon_core.package_identification:_identify(AmazingHand-main/Demo/AHControl/config) by extensions ['ignore', 'ignore_ament_install']
[0.465s] Level 1:colcon.colcon_core.package_identification:_identify(AmazingHand-main/Demo/AHControl/config) by extension 'ignore'
[0.465s] Level 1:colcon.colcon_core.package_identification:_identify(AmazingHand-main/Demo/AHControl/config) by extension 'ignore_ament_install'
[0.465s] Level 1:colcon.colcon_core.package_identification:_identify(AmazingHand-main/Demo/AHControl/config) by extensions ['colcon_pkg']
[0.465s] Level 1:colcon.colcon_core.package_identification:_identify(AmazingHand-main/Demo/AHControl/config) by extension 'colcon_pkg'
[0.465s] Level 1:colcon.colcon_core.package_identification:_identify(AmazingHand-main/Demo/AHControl/config) by extensions ['colcon_meta']
[0.465s] Level 1:colcon.colcon_core.package_identification:_identify(AmazingHand-main/Demo/AHControl/config) by extension 'colcon_meta'
[0.465s] Level 1:colcon.colcon_core.package_identification:_identify(AmazingHand-main/Demo/AHControl/config) by extensions ['ros']
[0.465s] Level 1:colcon.colcon_core.package_identification:_identify(AmazingHand-main/Demo/AHControl/config) by extension 'ros'
[0.465s] Level 1:colcon.colcon_core.package_identification:_identify(AmazingHand-main/Demo/AHControl/config) by extensions ['cmake', 'python']
[0.465s] Level 1:colcon.colcon_core.package_identification:_identify(AmazingHand-main/Demo/AHControl/config) by extension 'cmake'
[0.465s] Level 1:colcon.colcon_core.package_identification:_identify(AmazingHand-main/Demo/AHControl/config) by extension 'python'
[0.465s] Level 1:colcon.colcon_core.package_identification:_identify(AmazingHand-main/Demo/AHControl/config) by extensions ['python_setup_py']
[0.465s] Level 1:colcon.colcon_core.package_identification:_identify(AmazingHand-main/Demo/AHControl/config) by extension 'python_setup_py'
[0.466s] Level 1:colcon.colcon_core.package_identification:_identify(AmazingHand-main/Demo/AHControl/src) by extensions ['ignore', 'ignore_ament_install']
[0.466s] Level 1:colcon.colcon_core.package_identification:_identify(AmazingHand-main/Demo/AHControl/src) by extension 'ignore'
[0.466s] Level 1:colcon.colcon_core.package_identification:_identify(AmazingHand-main/Demo/AHControl/src) by extension 'ignore_ament_install'
[0.466s] Level 1:colcon.colcon_core.package_identification:_identify(AmazingHand-main/Demo/AHControl/src) by extensions ['colcon_pkg']
[0.466s] Level 1:colcon.colcon_core.package_identification:_identify(AmazingHand-main/Demo/AHControl/src) by extension 'colcon_pkg'
[0.466s] Level 1:colcon.colcon_core.package_identification:_identify(AmazingHand-main/Demo/AHControl/src) by extensions ['colcon_meta']
[0.466s] Level 1:colcon.colcon_core.package_identification:_identify(AmazingHand-main/Demo/AHControl/src) by extension 'colcon_meta'
[0.466s] Level 1:colcon.colcon_core.package_identification:_identify(AmazingHand-main/Demo/AHControl/src) by extensions ['ros']
[0.466s] Level 1:colcon.colcon_core.package_identification:_identify(AmazingHand-main/Demo/AHControl/src) by extension 'ros'
[0.466s] Level 1:colcon.colcon_core.package_identification:_identify(AmazingHand-main/Demo/AHControl/src) by extensions ['cmake', 'python']
[0.466s] Level 1:colcon.colcon_core.package_identification:_identify(AmazingHand-main/Demo/AHControl/src) by extension 'cmake'
[0.466s] Level 1:colcon.colcon_core.package_identification:_identify(AmazingHand-main/Demo/AHControl/src) by extension 'python'
[0.466s] Level 1:colcon.colcon_core.package_identification:_identify(AmazingHand-main/Demo/AHControl/src) by extensions ['python_setup_py']
[0.466s] Level 1:colcon.colcon_core.package_identification:_identify(AmazingHand-main/Demo/AHControl/src) by extension 'python_setup_py'
[0.467s] Level 1:colcon.colcon_core.package_identification:_identify(AmazingHand-main/Demo/AHControl/src/bin) by extensions ['ignore', 'ignore_ament_install']
[0.467s] Level 1:colcon.colcon_core.package_identification:_identify(AmazingHand-main/Demo/AHControl/src/bin) by extension 'ignore'
[0.467s] Level 1:colcon.colcon_core.package_identification:_identify(AmazingHand-main/Demo/AHControl/src/bin) by extension 'ignore_ament_install'
[0.467s] Level 1:colcon.colcon_core.package_identification:_identify(AmazingHand-main/Demo/AHControl/src/bin) by extensions ['colcon_pkg']
[0.467s] Level 1:colcon.colcon_core.package_identification:_identify(AmazingHand-main/Demo/AHControl/src/bin) by extension 'colcon_pkg'
[0.467s] Level 1:colcon.colcon_core.package_identification:_identify(AmazingHand-main/Demo/AHControl/src/bin) by extensions ['colcon_meta']
[0.467s] Level 1:colcon.colcon_core.package_identification:_identify(AmazingHand-main/Demo/AHControl/src/bin) by extension 'colcon_meta'
[0.467s] Level 1:colcon.colcon_core.package_identification:_identify(AmazingHand-main/Demo/AHControl/src/bin) by extensions ['ros']
[0.467s] Level 1:colcon.colcon_core.package_identification:_identify(AmazingHand-main/Demo/AHControl/src/bin) by extension 'ros'
[0.467s] Level 1:colcon.colcon_core.package_identification:_identify(AmazingHand-main/Demo/AHControl/src/bin) by extensions ['cmake', 'python']
[0.467s] Level 1:colcon.colcon_core.package_identification:_identify(AmazingHand-main/Demo/AHControl/src/bin) by extension 'cmake'
[0.467s] Level 1:colcon.colcon_core.package_identification:_identify(AmazingHand-main/Demo/AHControl/src/bin) by extension 'python'
[0.467s] Level 1:colcon.colcon_core.package_identification:_identify(AmazingHand-main/Demo/AHControl/src/bin) by extensions ['python_setup_py']
[0.467s] Level 1:colcon.colcon_core.package_identification:_identify(AmazingHand-main/Demo/AHControl/src/bin) by extension 'python_setup_py'
[0.468s] Level 1:colcon.colcon_core.package_identification:_identify(AmazingHand-main/Demo/AHSimulation) by extensions ['ignore', 'ignore_ament_install']
[0.468s] Level 1:colcon.colcon_core.package_identification:_identify(AmazingHand-main/Demo/AHSimulation) by extension 'ignore'
[0.468s] Level 1:colcon.colcon_core.package_identification:_identify(AmazingHand-main/Demo/AHSimulation) by extension 'ignore_ament_install'
[0.468s] Level 1:colcon.colcon_core.package_identification:_identify(AmazingHand-main/Demo/AHSimulation) by extensions ['colcon_pkg']
[0.468s] Level 1:colcon.colcon_core.package_identification:_identify(AmazingHand-main/Demo/AHSimulation) by extension 'colcon_pkg'
[0.468s] Level 1:colcon.colcon_core.package_identification:_identify(AmazingHand-main/Demo/AHSimulation) by extensions ['colcon_meta']
[0.468s] Level 1:colcon.colcon_core.package_identification:_identify(AmazingHand-main/Demo/AHSimulation) by extension 'colcon_meta'
[0.468s] Level 1:colcon.colcon_core.package_identification:_identify(AmazingHand-main/Demo/AHSimulation) by extensions ['ros']
[0.468s] Level 1:colcon.colcon_core.package_identification:_identify(AmazingHand-main/Demo/AHSimulation) by extension 'ros'
[0.468s] Level 1:colcon.colcon_core.package_identification:_identify(AmazingHand-main/Demo/AHSimulation) by extensions ['cmake', 'python']
[0.468s] Level 1:colcon.colcon_core.package_identification:_identify(AmazingHand-main/Demo/AHSimulation) by extension 'cmake'
[0.468s] Level 1:colcon.colcon_core.package_identification:_identify(AmazingHand-main/Demo/AHSimulation) by extension 'python'
[0.468s] Level 1:colcon.colcon_core.package_identification:_identify(AmazingHand-main/Demo/AHSimulation) by extensions ['python_setup_py']
[0.468s] Level 1:colcon.colcon_core.package_identification:_identify(AmazingHand-main/Demo/AHSimulation) by extension 'python_setup_py'
[0.469s] Level 1:colcon.colcon_core.package_identification:_identify(AmazingHand-main/Demo/AHSimulation/AHSimulation) by extensions ['ignore', 'ignore_ament_install']
[0.469s] Level 1:colcon.colcon_core.package_identification:_identify(AmazingHand-main/Demo/AHSimulation/AHSimulation) by extension 'ignore'
[0.469s] Level 1:colcon.colcon_core.package_identification:_identify(AmazingHand-main/Demo/AHSimulation/AHSimulation) by extension 'ignore_ament_install'
[0.469s] Level 1:colcon.colcon_core.package_identification:_identify(AmazingHand-main/Demo/AHSimulation/AHSimulation) by extensions ['colcon_pkg']
[0.469s] Level 1:colcon.colcon_core.package_identification:_identify(AmazingHand-main/Demo/AHSimulation/AHSimulation) by extension 'colcon_pkg'
[0.469s] Level 1:colcon.colcon_core.package_identification:_identify(AmazingHand-main/Demo/AHSimulation/AHSimulation) by extensions ['colcon_meta']
[0.469s] Level 1:colcon.colcon_core.package_identification:_identify(AmazingHand-main/Demo/AHSimulation/AHSimulation) by extension 'colcon_meta'
[0.469s] Level 1:colcon.colcon_core.package_identification:_identify(AmazingHand-main/Demo/AHSimulation/AHSimulation) by extensions ['ros']
[0.469s] Level 1:colcon.colcon_core.package_identification:_identify(AmazingHand-main/Demo/AHSimulation/AHSimulation) by extension 'ros'
[0.469s] Level 1:colcon.colcon_core.package_identification:_identify(AmazingHand-main/Demo/AHSimulation/AHSimulation) by extensions ['cmake', 'python']
[0.469s] Level 1:colcon.colcon_core.package_identification:_identify(AmazingHand-main/Demo/AHSimulation/AHSimulation) by extension 'cmake'
[0.469s] Level 1:colcon.colcon_core.package_identification:_identify(AmazingHand-main/Demo/AHSimulation/AHSimulation) by extension 'python'
[0.469s] Level 1:colcon.colcon_core.package_identification:_identify(AmazingHand-main/Demo/AHSimulation/AHSimulation) by extensions ['python_setup_py']
[0.469s] Level 1:colcon.colcon_core.package_identification:_identify(AmazingHand-main/Demo/AHSimulation/AHSimulation) by extension 'python_setup_py'
[0.470s] Level 1:colcon.colcon_core.package_identification:_identify(AmazingHand-main/Demo/AHSimulation/AHSimulation/AH_Left) by extensions ['ignore', 'ignore_ament_install']
[0.470s] Level 1:colcon.colcon_core.package_identification:_identify(AmazingHand-main/Demo/AHSimulation/AHSimulation/AH_Left) by extension 'ignore'
[0.470s] Level 1:colcon.colcon_core.package_identification:_identify(AmazingHand-main/Demo/AHSimulation/AHSimulation/AH_Left) by extension 'ignore_ament_install'
[0.470s] Level 1:colcon.colcon_core.package_identification:_identify(AmazingHand-main/Demo/AHSimulation/AHSimulation/AH_Left) by extensions ['colcon_pkg']
[0.470s] Level 1:colcon.colcon_core.package_identification:_identify(AmazingHand-main/Demo/AHSimulation/AHSimulation/AH_Left) by extension 'colcon_pkg'
[0.470s] Level 1:colcon.colcon_core.package_identification:_identify(AmazingHand-main/Demo/AHSimulation/AHSimulation/AH_Left) by extensions ['colcon_meta']
[0.470s] Level 1:colcon.colcon_core.package_identification:_identify(AmazingHand-main/Demo/AHSimulation/AHSimulation/AH_Left) by extension 'colcon_meta'
[0.470s] Level 1:colcon.colcon_core.package_identification:_identify(AmazingHand-main/Demo/AHSimulation/AHSimulation/AH_Left) by extensions ['ros']
[0.470s] Level 1:colcon.colcon_core.package_identification:_identify(AmazingHand-main/Demo/AHSimulation/AHSimulation/AH_Left) by extension 'ros'
[0.470s] Level 1:colcon.colcon_core.package_identification:_identify(AmazingHand-main/Demo/AHSimulation/AHSimulation/AH_Left) by extensions ['cmake', 'python']
[0.470s] Level 1:colcon.colcon_core.package_identification:_identify(AmazingHand-main/Demo/AHSimulation/AHSimulation/AH_Left) by extension 'cmake'
[0.470s] Level 1:colcon.colcon_core.package_identification:_identify(AmazingHand-main/Demo/AHSimulation/AHSimulation/AH_Left) by extension 'python'
[0.470s] Level 1:colcon.colcon_core.package_identification:_identify(AmazingHand-main/Demo/AHSimulation/AHSimulation/AH_Left) by extensions ['python_setup_py']
[0.470s] Level 1:colcon.colcon_core.package_identification:_identify(AmazingHand-main/Demo/AHSimulation/AHSimulation/AH_Left) by extension 'python_setup_py'
[0.470s] Level 1:colcon.colcon_core.package_identification:_identify(AmazingHand-main/Demo/AHSimulation/AHSimulation/AH_Left/mjcf) by extensions ['ignore', 'ignore_ament_install']
[0.471s] Level 1:colcon.colcon_core.package_identification:_identify(AmazingHand-main/Demo/AHSimulation/AHSimulation/AH_Left/mjcf) by extension 'ignore'
[0.471s] Level 1:colcon.colcon_core.package_identification:_identify(AmazingHand-main/Demo/AHSimulation/AHSimulation/AH_Left/mjcf) by extension 'ignore_ament_install'
[0.471s] Level 1:colcon.colcon_core.package_identification:_identify(AmazingHand-main/Demo/AHSimulation/AHSimulation/AH_Left/mjcf) by extensions ['colcon_pkg']
[0.471s] Level 1:colcon.colcon_core.package_identification:_identify(AmazingHand-main/Demo/AHSimulation/AHSimulation/AH_Left/mjcf) by extension 'colcon_pkg'
[0.471s] Level 1:colcon.colcon_core.package_identification:_identify(AmazingHand-main/Demo/AHSimulation/AHSimulation/AH_Left/mjcf) by extensions ['colcon_meta']
[0.471s] Level 1:colcon.colcon_core.package_identification:_identify(AmazingHand-main/Demo/AHSimulation/AHSimulation/AH_Left/mjcf) by extension 'colcon_meta'
[0.471s] Level 1:colcon.colcon_core.package_identification:_identify(AmazingHand-main/Demo/AHSimulation/AHSimulation/AH_Left/mjcf) by extensions ['ros']
[0.471s] Level 1:colcon.colcon_core.package_identification:_identify(AmazingHand-main/Demo/AHSimulation/AHSimulation/AH_Left/mjcf) by extension 'ros'
[0.471s] Level 1:colcon.colcon_core.package_identification:_identify(AmazingHand-main/Demo/AHSimulation/AHSimulation/AH_Left/mjcf) by extensions ['cmake', 'python']
[0.471s] Level 1:colcon.colcon_core.package_identification:_identify(AmazingHand-main/Demo/AHSimulation/AHSimulation/AH_Left/mjcf) by extension 'cmake'
[0.471s] Level 1:colcon.colcon_core.package_identification:_identify(AmazingHand-main/Demo/AHSimulation/AHSimulation/AH_Left/mjcf) by extension 'python'
[0.471s] Level 1:colcon.colcon_core.package_identification:_identify(AmazingHand-main/Demo/AHSimulation/AHSimulation/AH_Left/mjcf) by extensions ['python_setup_py']
[0.471s] Level 1:colcon.colcon_core.package_identification:_identify(AmazingHand-main/Demo/AHSimulation/AHSimulation/AH_Left/mjcf) by extension 'python_setup_py'
[0.471s] Level 1:colcon.colcon_core.package_identification:_identify(AmazingHand-main/Demo/AHSimulation/AHSimulation/AH_Left/mjcf/assets) by extensions ['ignore', 'ignore_ament_install']
[0.471s] Level 1:colcon.colcon_core.package_identification:_identify(AmazingHand-main/Demo/AHSimulation/AHSimulation/AH_Left/mjcf/assets) by extension 'ignore'
[0.472s] Level 1:colcon.colcon_core.package_identification:_identify(AmazingHand-main/Demo/AHSimulation/AHSimulation/AH_Left/mjcf/assets) by extension 'ignore_ament_install'
[0.472s] Level 1:colcon.colcon_core.package_identification:_identify(AmazingHand-main/Demo/AHSimulation/AHSimulation/AH_Left/mjcf/assets) by extensions ['colcon_pkg']
[0.472s] Level 1:colcon.colcon_core.package_identification:_identify(AmazingHand-main/Demo/AHSimulation/AHSimulation/AH_Left/mjcf/assets) by extension 'colcon_pkg'
[0.472s] Level 1:colcon.colcon_core.package_identification:_identify(AmazingHand-main/Demo/AHSimulation/AHSimulation/AH_Left/mjcf/assets) by extensions ['colcon_meta']
[0.472s] Level 1:colcon.colcon_core.package_identification:_identify(AmazingHand-main/Demo/AHSimulation/AHSimulation/AH_Left/mjcf/assets) by extension 'colcon_meta'
[0.472s] Level 1:colcon.colcon_core.package_identification:_identify(AmazingHand-main/Demo/AHSimulation/AHSimulation/AH_Left/mjcf/assets) by extensions ['ros']
[0.472s] Level 1:colcon.colcon_core.package_identification:_identify(AmazingHand-main/Demo/AHSimulation/AHSimulation/AH_Left/mjcf/assets) by extension 'ros'
[0.472s] Level 1:colcon.colcon_core.package_identification:_identify(AmazingHand-main/Demo/AHSimulation/AHSimulation/AH_Left/mjcf/assets) by extensions ['cmake', 'python']
[0.472s] Level 1:colcon.colcon_core.package_identification:_identify(AmazingHand-main/Demo/AHSimulation/AHSimulation/AH_Left/mjcf/assets) by extension 'cmake'
[0.472s] Level 1:colcon.colcon_core.package_identification:_identify(AmazingHand-main/Demo/AHSimulation/AHSimulation/AH_Left/mjcf/assets) by extension 'python'
[0.472s] Level 1:colcon.colcon_core.package_identification:_identify(AmazingHand-main/Demo/AHSimulation/AHSimulation/AH_Left/mjcf/assets) by extensions ['python_setup_py']
[0.472s] Level 1:colcon.colcon_core.package_identification:_identify(AmazingHand-main/Demo/AHSimulation/AHSimulation/AH_Left/mjcf/assets) by extension 'python_setup_py'
[0.472s] Level 1:colcon.colcon_core.package_identification:_identify(AmazingHand-main/Demo/AHSimulation/AHSimulation/AH_Right) by extensions ['ignore', 'ignore_ament_install']
[0.472s] Level 1:colcon.colcon_core.package_identification:_identify(AmazingHand-main/Demo/AHSimulation/AHSimulation/AH_Right) by extension 'ignore'
[0.472s] Level 1:colcon.colcon_core.package_identification:_identify(AmazingHand-main/Demo/AHSimulation/AHSimulation/AH_Right) by extension 'ignore_ament_install'
[0.472s] Level 1:colcon.colcon_core.package_identification:_identify(AmazingHand-main/Demo/AHSimulation/AHSimulation/AH_Right) by extensions ['colcon_pkg']
[0.472s] Level 1:colcon.colcon_core.package_identification:_identify(AmazingHand-main/Demo/AHSimulation/AHSimulation/AH_Right) by extension 'colcon_pkg'
[0.472s] Level 1:colcon.colcon_core.package_identification:_identify(AmazingHand-main/Demo/AHSimulation/AHSimulation/AH_Right) by extensions ['colcon_meta']
[0.473s] Level 1:colcon.colcon_core.package_identification:_identify(AmazingHand-main/Demo/AHSimulation/AHSimulation/AH_Right) by extension 'colcon_meta'
[0.473s] Level 1:colcon.colcon_core.package_identification:_identify(AmazingHand-main/Demo/AHSimulation/AHSimulation/AH_Right) by extensions ['ros']
[0.473s] Level 1:colcon.colcon_core.package_identification:_identify(AmazingHand-main/Demo/AHSimulation/AHSimulation/AH_Right) by extension 'ros'
[0.473s] Level 1:colcon.colcon_core.package_identification:_identify(AmazingHand-main/Demo/AHSimulation/AHSimulation/AH_Right) by extensions ['cmake', 'python']
[0.473s] Level 1:colcon.colcon_core.package_identification:_identify(AmazingHand-main/Demo/AHSimulation/AHSimulation/AH_Right) by extension 'cmake'
[0.473s] Level 1:colcon.colcon_core.package_identification:_identify(AmazingHand-main/Demo/AHSimulation/AHSimulation/AH_Right) by extension 'python'
[0.473s] Level 1:colcon.colcon_core.package_identification:_identify(AmazingHand-main/Demo/AHSimulation/AHSimulation/AH_Right) by extensions ['python_setup_py']
[0.473s] Level 1:colcon.colcon_core.package_identification:_identify(AmazingHand-main/Demo/AHSimulation/AHSimulation/AH_Right) by extension 'python_setup_py'
[0.473s] Level 1:colcon.colcon_core.package_identification:_identify(AmazingHand-main/Demo/AHSimulation/AHSimulation/AH_Right/mjcf) by extensions ['ignore', 'ignore_ament_install']
[0.473s] Level 1:colcon.colcon_core.package_identification:_identify(AmazingHand-main/Demo/AHSimulation/AHSimulation/AH_Right/mjcf) by extension 'ignore'
[0.473s] Level 1:colcon.colcon_core.package_identification:_identify(AmazingHand-main/Demo/AHSimulation/AHSimulation/AH_Right/mjcf) by extension 'ignore_ament_install'
[0.473s] Level 1:colcon.colcon_core.package_identification:_identify(AmazingHand-main/Demo/AHSimulation/AHSimulation/AH_Right/mjcf) by extensions ['colcon_pkg']
[0.473s] Level 1:colcon.colcon_core.package_identification:_identify(AmazingHand-main/Demo/AHSimulation/AHSimulation/AH_Right/mjcf) by extension 'colcon_pkg'
[0.473s] Level 1:colcon.colcon_core.package_identification:_identify(AmazingHand-main/Demo/AHSimulation/AHSimulation/AH_Right/mjcf) by extensions ['colcon_meta']
[0.473s] Level 1:colcon.colcon_core.package_identification:_identify(AmazingHand-main/Demo/AHSimulation/AHSimulation/AH_Right/mjcf) by extension 'colcon_meta'
[0.473s] Level 1:colcon.colcon_core.package_identification:_identify(AmazingHand-main/Demo/AHSimulation/AHSimulation/AH_Right/mjcf) by extensions ['ros']
[0.474s] Level 1:colcon.colcon_core.package_identification:_identify(AmazingHand-main/Demo/AHSimulation/AHSimulation/AH_Right/mjcf) by extension 'ros'
[0.474s] Level 1:colcon.colcon_core.package_identification:_identify(AmazingHand-main/Demo/AHSimulation/AHSimulation/AH_Right/mjcf) by extensions ['cmake', 'python']
[0.474s] Level 1:colcon.colcon_core.package_identification:_identify(AmazingHand-main/Demo/AHSimulation/AHSimulation/AH_Right/mjcf) by extension 'cmake'
[0.474s] Level 1:colcon.colcon_core.package_identification:_identify(AmazingHand-main/Demo/AHSimulation/AHSimulation/AH_Right/mjcf) by extension 'python'
[0.474s] Level 1:colcon.colcon_core.package_identification:_identify(AmazingHand-main/Demo/AHSimulation/AHSimulation/AH_Right/mjcf) by extensions ['python_setup_py']
[0.474s] Level 1:colcon.colcon_core.package_identification:_identify(AmazingHand-main/Demo/AHSimulation/AHSimulation/AH_Right/mjcf) by extension 'python_setup_py'
[0.474s] Level 1:colcon.colcon_core.package_identification:_identify(AmazingHand-main/Demo/AHSimulation/AHSimulation/AH_Right/mjcf/assets) by extensions ['ignore', 'ignore_ament_install']
[0.474s] Level 1:colcon.colcon_core.package_identification:_identify(AmazingHand-main/Demo/AHSimulation/AHSimulation/AH_Right/mjcf/assets) by extension 'ignore'
[0.474s] Level 1:colcon.colcon_core.package_identification:_identify(AmazingHand-main/Demo/AHSimulation/AHSimulation/AH_Right/mjcf/assets) by extension 'ignore_ament_install'
[0.474s] Level 1:colcon.colcon_core.package_identification:_identify(AmazingHand-main/Demo/AHSimulation/AHSimulation/AH_Right/mjcf/assets) by extensions ['colcon_pkg']
[0.474s] Level 1:colcon.colcon_core.package_identification:_identify(AmazingHand-main/Demo/AHSimulation/AHSimulation/AH_Right/mjcf/assets) by extension 'colcon_pkg'
[0.474s] Level 1:colcon.colcon_core.package_identification:_identify(AmazingHand-main/Demo/AHSimulation/AHSimulation/AH_Right/mjcf/assets) by extensions ['colcon_meta']
[0.474s] Level 1:colcon.colcon_core.package_identification:_identify(AmazingHand-main/Demo/AHSimulation/AHSimulation/AH_Right/mjcf/assets) by extension 'colcon_meta'
[0.474s] Level 1:colcon.colcon_core.package_identification:_identify(AmazingHand-main/Demo/AHSimulation/AHSimulation/AH_Right/mjcf/assets) by extensions ['ros']
[0.474s] Level 1:colcon.colcon_core.package_identification:_identify(AmazingHand-main/Demo/AHSimulation/AHSimulation/AH_Right/mjcf/assets) by extension 'ros'
[0.474s] Level 1:colcon.colcon_core.package_identification:_identify(AmazingHand-main/Demo/AHSimulation/AHSimulation/AH_Right/mjcf/assets) by extensions ['cmake', 'python']
[0.474s] Level 1:colcon.colcon_core.package_identification:_identify(AmazingHand-main/Demo/AHSimulation/AHSimulation/AH_Right/mjcf/assets) by extension 'cmake'
[0.475s] Level 1:colcon.colcon_core.package_identification:_identify(AmazingHand-main/Demo/AHSimulation/AHSimulation/AH_Right/mjcf/assets) by extension 'python'
[0.475s] Level 1:colcon.colcon_core.package_identification:_identify(AmazingHand-main/Demo/AHSimulation/AHSimulation/AH_Right/mjcf/assets) by extensions ['python_setup_py']
[0.475s] Level 1:colcon.colcon_core.package_identification:_identify(AmazingHand-main/Demo/AHSimulation/AHSimulation/AH_Right/mjcf/assets) by extension 'python_setup_py'
[0.475s] Level 1:colcon.colcon_core.package_identification:_identify(AmazingHand-main/Demo/AHSimulation/examples) by extensions ['ignore', 'ignore_ament_install']
[0.475s] Level 1:colcon.colcon_core.package_identification:_identify(AmazingHand-main/Demo/AHSimulation/examples) by extension 'ignore'
[0.475s] Level 1:colcon.colcon_core.package_identification:_identify(AmazingHand-main/Demo/AHSimulation/examples) by extension 'ignore_ament_install'
[0.475s] Level 1:colcon.colcon_core.package_identification:_identify(AmazingHand-main/Demo/AHSimulation/examples) by extensions ['colcon_pkg']
[0.475s] Level 1:colcon.colcon_core.package_identification:_identify(AmazingHand-main/Demo/AHSimulation/examples) by extension 'colcon_pkg'
[0.475s] Level 1:colcon.colcon_core.package_identification:_identify(AmazingHand-main/Demo/AHSimulation/examples) by extensions ['colcon_meta']
[0.475s] Level 1:colcon.colcon_core.package_identification:_identify(AmazingHand-main/Demo/AHSimulation/examples) by extension 'colcon_meta'
[0.475s] Level 1:colcon.colcon_core.package_identification:_identify(AmazingHand-main/Demo/AHSimulation/examples) by extensions ['ros']
[0.475s] Level 1:colcon.colcon_core.package_identification:_identify(AmazingHand-main/Demo/AHSimulation/examples) by extension 'ros'
[0.475s] Level 1:colcon.colcon_core.package_identification:_identify(AmazingHand-main/Demo/AHSimulation/examples) by extensions ['cmake', 'python']
[0.475s] Level 1:colcon.colcon_core.package_identification:_identify(AmazingHand-main/Demo/AHSimulation/examples) by extension 'cmake'
[0.475s] Level 1:colcon.colcon_core.package_identification:_identify(AmazingHand-main/Demo/AHSimulation/examples) by extension 'python'
[0.475s] Level 1:colcon.colcon_core.package_identification:_identify(AmazingHand-main/Demo/AHSimulation/examples) by extensions ['python_setup_py']
[0.475s] Level 1:colcon.colcon_core.package_identification:_identify(AmazingHand-main/Demo/AHSimulation/examples) by extension 'python_setup_py'
[0.476s] Level 1:colcon.colcon_core.package_identification:_identify(AmazingHand-main/Demo/HandTracking) by extensions ['ignore', 'ignore_ament_install']
[0.476s] Level 1:colcon.colcon_core.package_identification:_identify(AmazingHand-main/Demo/HandTracking) by extension 'ignore'
[0.476s] Level 1:colcon.colcon_core.package_identification:_identify(AmazingHand-main/Demo/HandTracking) by extension 'ignore_ament_install'
[0.476s] Level 1:colcon.colcon_core.package_identification:_identify(AmazingHand-main/Demo/HandTracking) by extensions ['colcon_pkg']
[0.476s] Level 1:colcon.colcon_core.package_identification:_identify(AmazingHand-main/Demo/HandTracking) by extension 'colcon_pkg'
[0.476s] Level 1:colcon.colcon_core.package_identification:_identify(AmazingHand-main/Demo/HandTracking) by extensions ['colcon_meta']
[0.476s] Level 1:colcon.colcon_core.package_identification:_identify(AmazingHand-main/Demo/HandTracking) by extension 'colcon_meta'
[0.476s] Level 1:colcon.colcon_core.package_identification:_identify(AmazingHand-main/Demo/HandTracking) by extensions ['ros']
[0.476s] Level 1:colcon.colcon_core.package_identification:_identify(AmazingHand-main/Demo/HandTracking) by extension 'ros'
[0.476s] Level 1:colcon.colcon_core.package_identification:_identify(AmazingHand-main/Demo/HandTracking) by extensions ['cmake', 'python']
[0.476s] Level 1:colcon.colcon_core.package_identification:_identify(AmazingHand-main/Demo/HandTracking) by extension 'cmake'
[0.476s] Level 1:colcon.colcon_core.package_identification:_identify(AmazingHand-main/Demo/HandTracking) by extension 'python'
[0.476s] Level 1:colcon.colcon_core.package_identification:_identify(AmazingHand-main/Demo/HandTracking) by extensions ['python_setup_py']
[0.476s] Level 1:colcon.colcon_core.package_identification:_identify(AmazingHand-main/Demo/HandTracking) by extension 'python_setup_py'
[0.476s] Level 1:colcon.colcon_core.package_identification:_identify(AmazingHand-main/Demo/HandTracking/HandTracking) by extensions ['ignore', 'ignore_ament_install']
[0.477s] Level 1:colcon.colcon_core.package_identification:_identify(AmazingHand-main/Demo/HandTracking/HandTracking) by extension 'ignore'
[0.477s] Level 1:colcon.colcon_core.package_identification:_identify(AmazingHand-main/Demo/HandTracking/HandTracking) by extension 'ignore_ament_install'
[0.477s] Level 1:colcon.colcon_core.package_identification:_identify(AmazingHand-main/Demo/HandTracking/HandTracking) by extensions ['colcon_pkg']
[0.477s] Level 1:colcon.colcon_core.package_identification:_identify(AmazingHand-main/Demo/HandTracking/HandTracking) by extension 'colcon_pkg'
[0.477s] Level 1:colcon.colcon_core.package_identification:_identify(AmazingHand-main/Demo/HandTracking/HandTracking) by extensions ['colcon_meta']
[0.477s] Level 1:colcon.colcon_core.package_identification:_identify(AmazingHand-main/Demo/HandTracking/HandTracking) by extension 'colcon_meta'
[0.477s] Level 1:colcon.colcon_core.package_identification:_identify(AmazingHand-main/Demo/HandTracking/HandTracking) by extensions ['ros']
[0.477s] Level 1:colcon.colcon_core.package_identification:_identify(AmazingHand-main/Demo/HandTracking/HandTracking) by extension 'ros'
[0.477s] Level 1:colcon.colcon_core.package_identification:_identify(AmazingHand-main/Demo/HandTracking/HandTracking) by extensions ['cmake', 'python']
[0.477s] Level 1:colcon.colcon_core.package_identification:_identify(AmazingHand-main/Demo/HandTracking/HandTracking) by extension 'cmake'
[0.477s] Level 1:colcon.colcon_core.package_identification:_identify(AmazingHand-main/Demo/HandTracking/HandTracking) by extension 'python'
[0.477s] Level 1:colcon.colcon_core.package_identification:_identify(AmazingHand-main/Demo/HandTracking/HandTracking) by extensions ['python_setup_py']
[0.477s] Level 1:colcon.colcon_core.package_identification:_identify(AmazingHand-main/Demo/HandTracking/HandTracking) by extension 'python_setup_py'
[0.477s] Level 1:colcon.colcon_core.package_identification:_identify(AmazingHand-main/Demo/docs) by extensions ['ignore', 'ignore_ament_install']
[0.477s] Level 1:colcon.colcon_core.package_identification:_identify(AmazingHand-main/Demo/docs) by extension 'ignore'
[0.477s] Level 1:colcon.colcon_core.package_identification:_identify(AmazingHand-main/Demo/docs) by extension 'ignore_ament_install'
[0.478s] Level 1:colcon.colcon_core.package_identification:_identify(AmazingHand-main/Demo/docs) by extensions ['colcon_pkg']
[0.478s] Level 1:colcon.colcon_core.package_identification:_identify(AmazingHand-main/Demo/docs) by extension 'colcon_pkg'
[0.478s] Level 1:colcon.colcon_core.package_identification:_identify(AmazingHand-main/Demo/docs) by extensions ['colcon_meta']
[0.478s] Level 1:colcon.colcon_core.package_identification:_identify(AmazingHand-main/Demo/docs) by extension 'colcon_meta'
[0.478s] Level 1:colcon.colcon_core.package_identification:_identify(AmazingHand-main/Demo/docs) by extensions ['ros']
[0.478s] Level 1:colcon.colcon_core.package_identification:_identify(AmazingHand-main/Demo/docs) by extension 'ros'
[0.478s] Level 1:colcon.colcon_core.package_identification:_identify(AmazingHand-main/Demo/docs) by extensions ['cmake', 'python']
[0.478s] Level 1:colcon.colcon_core.package_identification:_identify(AmazingHand-main/Demo/docs) by extension 'cmake'
[0.478s] Level 1:colcon.colcon_core.package_identification:_identify(AmazingHand-main/Demo/docs) by extension 'python'
[0.478s] Level 1:colcon.colcon_core.package_identification:_identify(AmazingHand-main/Demo/docs) by extensions ['python_setup_py']
[0.478s] Level 1:colcon.colcon_core.package_identification:_identify(AmazingHand-main/Demo/docs) by extension 'python_setup_py'
[0.478s] Level 1:colcon.colcon_core.package_identification:_identify(AmazingHand-main/PythonExample) by extensions ['ignore', 'ignore_ament_install']
[0.478s] Level 1:colcon.colcon_core.package_identification:_identify(AmazingHand-main/PythonExample) by extension 'ignore'
[0.478s] Level 1:colcon.colcon_core.package_identification:_identify(AmazingHand-main/PythonExample) by extension 'ignore_ament_install'
[0.478s] Level 1:colcon.colcon_core.package_identification:_identify(AmazingHand-main/PythonExample) by extensions ['colcon_pkg']
[0.478s] Level 1:colcon.colcon_core.package_identification:_identify(AmazingHand-main/PythonExample) by extension 'colcon_pkg'
[0.478s] Level 1:colcon.colcon_core.package_identification:_identify(AmazingHand-main/PythonExample) by extensions ['colcon_meta']
[0.478s] Level 1:colcon.colcon_core.package_identification:_identify(AmazingHand-main/PythonExample) by extension 'colcon_meta'
[0.478s] Level 1:colcon.colcon_core.package_identification:_identify(AmazingHand-main/PythonExample) by extensions ['ros']
[0.478s] Level 1:colcon.colcon_core.package_identification:_identify(AmazingHand-main/PythonExample) by extension 'ros'
[0.479s] Level 1:colcon.colcon_core.package_identification:_identify(AmazingHand-main/PythonExample) by extensions ['cmake', 'python']
[0.479s] Level 1:colcon.colcon_core.package_identification:_identify(AmazingHand-main/PythonExample) by extension 'cmake'
[0.479s] Level 1:colcon.colcon_core.package_identification:_identify(AmazingHand-main/PythonExample) by extension 'python'
[0.479s] Level 1:colcon.colcon_core.package_identification:_identify(AmazingHand-main/PythonExample) by extensions ['python_setup_py']
[0.479s] Level 1:colcon.colcon_core.package_identification:_identify(AmazingHand-main/PythonExample) by extension 'python_setup_py'
[0.479s] Level 1:colcon.colcon_core.package_identification:_identify(AmazingHand-main/assets) by extensions ['ignore', 'ignore_ament_install']
[0.479s] Level 1:colcon.colcon_core.package_identification:_identify(AmazingHand-main/assets) by extension 'ignore'
[0.479s] Level 1:colcon.colcon_core.package_identification:_identify(AmazingHand-main/assets) by extension 'ignore_ament_install'
[0.479s] Level 1:colcon.colcon_core.package_identification:_identify(AmazingHand-main/assets) by extensions ['colcon_pkg']
[0.479s] Level 1:colcon.colcon_core.package_identification:_identify(AmazingHand-main/assets) by extension 'colcon_pkg'
[0.479s] Level 1:colcon.colcon_core.package_identification:_identify(AmazingHand-main/assets) by extensions ['colcon_meta']
[0.479s] Level 1:colcon.colcon_core.package_identification:_identify(AmazingHand-main/assets) by extension 'colcon_meta'
[0.479s] Level 1:colcon.colcon_core.package_identification:_identify(AmazingHand-main/assets) by extensions ['ros']
[0.479s] Level 1:colcon.colcon_core.package_identification:_identify(AmazingHand-main/assets) by extension 'ros'
[0.479s] Level 1:colcon.colcon_core.package_identification:_identify(AmazingHand-main/assets) by extensions ['cmake', 'python']
[0.479s] Level 1:colcon.colcon_core.package_identification:_identify(AmazingHand-main/assets) by extension 'cmake'
[0.479s] Level 1:colcon.colcon_core.package_identification:_identify(AmazingHand-main/assets) by extension 'python'
[0.479s] Level 1:colcon.colcon_core.package_identification:_identify(AmazingHand-main/assets) by extensions ['python_setup_py']
[0.479s] Level 1:colcon.colcon_core.package_identification:_identify(AmazingHand-main/assets) by extension 'python_setup_py'
[0.480s] Level 1:colcon.colcon_core.package_identification:_identify(AmazingHand-main/cad) by extensions ['ignore', 'ignore_ament_install']
[0.480s] Level 1:colcon.colcon_core.package_identification:_identify(AmazingHand-main/cad) by extension 'ignore'
[0.480s] Level 1:colcon.colcon_core.package_identification:_identify(AmazingHand-main/cad) by extension 'ignore_ament_install'
[0.480s] Level 1:colcon.colcon_core.package_identification:_identify(AmazingHand-main/cad) by extensions ['colcon_pkg']
[0.480s] Level 1:colcon.colcon_core.package_identification:_identify(AmazingHand-main/cad) by extension 'colcon_pkg'
[0.480s] Level 1:colcon.colcon_core.package_identification:_identify(AmazingHand-main/cad) by extensions ['colcon_meta']
[0.480s] Level 1:colcon.colcon_core.package_identification:_identify(AmazingHand-main/cad) by extension 'colcon_meta'
[0.480s] Level 1:colcon.colcon_core.package_identification:_identify(AmazingHand-main/cad) by extensions ['ros']
[0.480s] Level 1:colcon.colcon_core.package_identification:_identify(AmazingHand-main/cad) by extension 'ros'
[0.480s] Level 1:colcon.colcon_core.package_identification:_identify(AmazingHand-main/cad) by extensions ['cmake', 'python']
[0.480s] Level 1:colcon.colcon_core.package_identification:_identify(AmazingHand-main/cad) by extension 'cmake'
[0.480s] Level 1:colcon.colcon_core.package_identification:_identify(AmazingHand-main/cad) by extension 'python'
[0.480s] Level 1:colcon.colcon_core.package_identification:_identify(AmazingHand-main/cad) by extensions ['python_setup_py']
[0.480s] Level 1:colcon.colcon_core.package_identification:_identify(AmazingHand-main/cad) by extension 'python_setup_py'
[0.480s] Level 1:colcon.colcon_core.package_identification:_identify(AmazingHand-main/cad/step) by extensions ['ignore', 'ignore_ament_install']
[0.481s] Level 1:colcon.colcon_core.package_identification:_identify(AmazingHand-main/cad/step) by extension 'ignore'
[0.481s] Level 1:colcon.colcon_core.package_identification:_identify(AmazingHand-main/cad/step) by extension 'ignore_ament_install'
[0.481s] Level 1:colcon.colcon_core.package_identification:_identify(AmazingHand-main/cad/step) by extensions ['colcon_pkg']
[0.481s] Level 1:colcon.colcon_core.package_identification:_identify(AmazingHand-main/cad/step) by extension 'colcon_pkg'
[0.481s] Level 1:colcon.colcon_core.package_identification:_identify(AmazingHand-main/cad/step) by extensions ['colcon_meta']
[0.481s] Level 1:colcon.colcon_core.package_identification:_identify(AmazingHand-main/cad/step) by extension 'colcon_meta'
[0.481s] Level 1:colcon.colcon_core.package_identification:_identify(AmazingHand-main/cad/step) by extensions ['ros']
[0.481s] Level 1:colcon.colcon_core.package_identification:_identify(AmazingHand-main/cad/step) by extension 'ros'
[0.481s] Level 1:colcon.colcon_core.package_identification:_identify(AmazingHand-main/cad/step) by extensions ['cmake', 'python']
[0.481s] Level 1:colcon.colcon_core.package_identification:_identify(AmazingHand-main/cad/step) by extension 'cmake'
[0.481s] Level 1:colcon.colcon_core.package_identification:_identify(AmazingHand-main/cad/step) by extension 'python'
[0.481s] Level 1:colcon.colcon_core.package_identification:_identify(AmazingHand-main/cad/step) by extensions ['python_setup_py']
[0.481s] Level 1:colcon.colcon_core.package_identification:_identify(AmazingHand-main/cad/step) by extension 'python_setup_py'
[0.481s] Level 1:colcon.colcon_core.package_identification:_identify(AmazingHand-main/cad/stl) by extensions ['ignore', 'ignore_ament_install']
[0.481s] Level 1:colcon.colcon_core.package_identification:_identify(AmazingHand-main/cad/stl) by extension 'ignore'
[0.481s] Level 1:colcon.colcon_core.package_identification:_identify(AmazingHand-main/cad/stl) by extension 'ignore_ament_install'
[0.481s] Level 1:colcon.colcon_core.package_identification:_identify(AmazingHand-main/cad/stl) by extensions ['colcon_pkg']
[0.481s] Level 1:colcon.colcon_core.package_identification:_identify(AmazingHand-main/cad/stl) by extension 'colcon_pkg'
[0.482s] Level 1:colcon.colcon_core.package_identification:_identify(AmazingHand-main/cad/stl) by extensions ['colcon_meta']
[0.482s] Level 1:colcon.colcon_core.package_identification:_identify(AmazingHand-main/cad/stl) by extension 'colcon_meta'
[0.482s] Level 1:colcon.colcon_core.package_identification:_identify(AmazingHand-main/cad/stl) by extensions ['ros']
[0.482s] Level 1:colcon.colcon_core.package_identification:_identify(AmazingHand-main/cad/stl) by extension 'ros'
[0.482s] Level 1:colcon.colcon_core.package_identification:_identify(AmazingHand-main/cad/stl) by extensions ['cmake', 'python']
[0.482s] Level 1:colcon.colcon_core.package_identification:_identify(AmazingHand-main/cad/stl) by extension 'cmake'
[0.482s] Level 1:colcon.colcon_core.package_identification:_identify(AmazingHand-main/cad/stl) by extension 'python'
[0.482s] Level 1:colcon.colcon_core.package_identification:_identify(AmazingHand-main/cad/stl) by extensions ['python_setup_py']
[0.482s] Level 1:colcon.colcon_core.package_identification:_identify(AmazingHand-main/cad/stl) by extension 'python_setup_py'
[0.482s] Level 1:colcon.colcon_core.package_identification:_identify(AmazingHand-main/docs) by extensions ['ignore', 'ignore_ament_install']
[0.482s] Level 1:colcon.colcon_core.package_identification:_identify(AmazingHand-main/docs) by extension 'ignore'
[0.482s] Level 1:colcon.colcon_core.package_identification:_identify(AmazingHand-main/docs) by extension 'ignore_ament_install'
[0.482s] Level 1:colcon.colcon_core.package_identification:_identify(AmazingHand-main/docs) by extensions ['colcon_pkg']
[0.482s] Level 1:colcon.colcon_core.package_identification:_identify(AmazingHand-main/docs) by extension 'colcon_pkg'
[0.482s] Level 1:colcon.colcon_core.package_identification:_identify(AmazingHand-main/docs) by extensions ['colcon_meta']
[0.482s] Level 1:colcon.colcon_core.package_identification:_identify(AmazingHand-main/docs) by extension 'colcon_meta'
[0.482s] Level 1:colcon.colcon_core.package_identification:_identify(AmazingHand-main/docs) by extensions ['ros']
[0.482s] Level 1:colcon.colcon_core.package_identification:_identify(AmazingHand-main/docs) by extension 'ros'
[0.482s] Level 1:colcon.colcon_core.package_identification:_identify(AmazingHand-main/docs) by extensions ['cmake', 'python']
[0.482s] Level 1:colcon.colcon_core.package_identification:_identify(AmazingHand-main/docs) by extension 'cmake'
[0.483s] Level 1:colcon.colcon_core.package_identification:_identify(AmazingHand-main/docs) by extension 'python'
[0.483s] Level 1:colcon.colcon_core.package_identification:_identify(AmazingHand-main/docs) by extensions ['python_setup_py']
[0.483s] Level 1:colcon.colcon_core.package_identification:_identify(AmazingHand-main/docs) by extension 'python_setup_py'
[0.483s] Level 1:colcon.colcon_core.package_identification:_identify(build) by extensions ['ignore', 'ignore_ament_install']
[0.483s] Level 1:colcon.colcon_core.package_identification:_identify(build) by extension 'ignore'
[0.483s] Level 1:colcon.colcon_core.package_identification:_identify(build) ignored
[0.483s] Level 1:colcon.colcon_core.package_identification:_identify(install) by extensions ['ignore', 'ignore_ament_install']
[0.483s] Level 1:colcon.colcon_core.package_identification:_identify(install) by extension 'ignore'
[0.483s] Level 1:colcon.colcon_core.package_identification:_identify(install) ignored
[0.483s] Level 1:colcon.colcon_core.package_identification:_identify(log) by extensions ['ignore', 'ignore_ament_install']
[0.483s] Level 1:colcon.colcon_core.package_identification:_identify(log) by extension 'ignore'
[0.483s] Level 1:colcon.colcon_core.package_identification:_identify(log) ignored
[0.484s] Level 1:colcon.colcon_core.package_identification:_identify(src) by extensions ['ignore', 'ignore_ament_install']
[0.484s] Level 1:colcon.colcon_core.package_identification:_identify(src) by extension 'ignore'
[0.484s] Level 1:colcon.colcon_core.package_identification:_identify(src) by extension 'ignore_ament_install'
[0.484s] Level 1:colcon.colcon_core.package_identification:_identify(src) by extensions ['colcon_pkg']
[0.484s] Level 1:colcon.colcon_core.package_identification:_identify(src) by extension 'colcon_pkg'
[0.484s] Level 1:colcon.colcon_core.package_identification:_identify(src) by extensions ['colcon_meta']
[0.484s] Level 1:colcon.colcon_core.package_identification:_identify(src) by extension 'colcon_meta'
[0.484s] Level 1:colcon.colcon_core.package_identification:_identify(src) by extensions ['ros']
[0.484s] Level 1:colcon.colcon_core.package_identification:_identify(src) by extension 'ros'
[0.484s] Level 1:colcon.colcon_core.package_identification:_identify(src) by extensions ['cmake', 'python']
[0.484s] Level 1:colcon.colcon_core.package_identification:_identify(src) by extension 'cmake'
[0.484s] Level 1:colcon.colcon_core.package_identification:_identify(src) by extension 'python'
[0.484s] Level 1:colcon.colcon_core.package_identification:_identify(src) by extensions ['python_setup_py']
[0.484s] Level 1:colcon.colcon_core.package_identification:_identify(src) by extension 'python_setup_py'
[0.485s] Level 1:colcon.colcon_core.package_identification:_identify(src/ah_bot_dashboard) by extensions ['ignore', 'ignore_ament_install']
[0.485s] Level 1:colcon.colcon_core.package_identification:_identify(src/ah_bot_dashboard) by extension 'ignore'
[0.485s] Level 1:colcon.colcon_core.package_identification:_identify(src/ah_bot_dashboard) by extension 'ignore_ament_install'
[0.485s] Level 1:colcon.colcon_core.package_identification:_identify(src/ah_bot_dashboard) by extensions ['colcon_pkg']
[0.485s] Level 1:colcon.colcon_core.package_identification:_identify(src/ah_bot_dashboard) by extension 'colcon_pkg'
[0.485s] Level 1:colcon.colcon_core.package_identification:_identify(src/ah_bot_dashboard) by extensions ['colcon_meta']
[0.485s] Level 1:colcon.colcon_core.package_identification:_identify(src/ah_bot_dashboard) by extension 'colcon_meta'
[0.485s] Level 1:colcon.colcon_core.package_identification:_identify(src/ah_bot_dashboard) by extensions ['ros']
[0.485s] Level 1:colcon.colcon_core.package_identification:_identify(src/ah_bot_dashboard) by extension 'ros'
[0.489s] DEBUG:colcon.colcon_core.package_identification:Package 'src/ah_bot_dashboard' with type 'ros.ament_python' and name 'ah_bot_dashboard'
[0.489s] Level 1:colcon.colcon_core.package_identification:_identify(src/ah_bot_driver) by extensions ['ignore', 'ignore_ament_install']
[0.490s] Level 1:colcon.colcon_core.package_identification:_identify(src/ah_bot_driver) by extension 'ignore'
[0.490s] Level 1:colcon.colcon_core.package_identification:_identify(src/ah_bot_driver) by extension 'ignore_ament_install'
[0.490s] Level 1:colcon.colcon_core.package_identification:_identify(src/ah_bot_driver) by extensions ['colcon_pkg']
[0.490s] Level 1:colcon.colcon_core.package_identification:_identify(src/ah_bot_driver) by extension 'colcon_pkg'
[0.490s] Level 1:colcon.colcon_core.package_identification:_identify(src/ah_bot_driver) by extensions ['colcon_meta']
[0.490s] Level 1:colcon.colcon_core.package_identification:_identify(src/ah_bot_driver) by extension 'colcon_meta'
[0.490s] Level 1:colcon.colcon_core.package_identification:_identify(src/ah_bot_driver) by extensions ['ros']
[0.490s] Level 1:colcon.colcon_core.package_identification:_identify(src/ah_bot_driver) by extension 'ros'
[0.491s] DEBUG:colcon.colcon_core.package_identification:Package 'src/ah_bot_driver' with type 'ros.ament_python' and name 'ah_bot_driver'
[0.491s] Level 1:colcon.colcon_core.package_identification:_identify(src/ah_bot_mujoco) by extensions ['ignore', 'ignore_ament_install']
[0.491s] Level 1:colcon.colcon_core.package_identification:_identify(src/ah_bot_mujoco) by extension 'ignore'
[0.491s] Level 1:colcon.colcon_core.package_identification:_identify(src/ah_bot_mujoco) by extension 'ignore_ament_install'
[0.491s] Level 1:colcon.colcon_core.package_identification:_identify(src/ah_bot_mujoco) by extensions ['colcon_pkg']
[0.492s] Level 1:colcon.colcon_core.package_identification:_identify(src/ah_bot_mujoco) by extension 'colcon_pkg'
[0.492s] Level 1:colcon.colcon_core.package_identification:_identify(src/ah_bot_mujoco) by extensions ['colcon_meta']
[0.492s] Level 1:colcon.colcon_core.package_identification:_identify(src/ah_bot_mujoco) by extension 'colcon_meta'
[0.492s] Level 1:colcon.colcon_core.package_identification:_identify(src/ah_bot_mujoco) by extensions ['ros']
[0.492s] Level 1:colcon.colcon_core.package_identification:_identify(src/ah_bot_mujoco) by extension 'ros'
[0.493s] DEBUG:colcon.colcon_core.package_identification:Package 'src/ah_bot_mujoco' with type 'ros.ament_python' and name 'ah_bot_mujoco'
[0.493s] Level 1:colcon.colcon_core.package_discovery:discover_packages(recursive) using defaults
[0.493s] Level 1:colcon.colcon_core.package_discovery:discover_packages(ignore) discover
[0.493s] Level 1:colcon.colcon_core.package_discovery:discover_packages(ignore) using defaults
[0.493s] Level 1:colcon.colcon_core.package_discovery:discover_packages(path) discover
[0.493s] Level 1:colcon.colcon_core.package_discovery:discover_packages(path) using defaults
[0.540s] Level 5:colcon.colcon_core.verb:set package 'ah_bot_dashboard' build argument 'cmake_args' from command line to 'None'
[0.541s] Level 5:colcon.colcon_core.verb:set package 'ah_bot_dashboard' build argument 'cmake_target' from command line to 'None'
[0.541s] Level 5:colcon.colcon_core.verb:set package 'ah_bot_dashboard' build argument 'cmake_target_skip_unavailable' from command line to 'False'
[0.541s] Level 5:colcon.colcon_core.verb:set package 'ah_bot_dashboard' build argument 'cmake_clean_cache' from command line to 'False'
[0.541s] Level 5:colcon.colcon_core.verb:set package 'ah_bot_dashboard' build argument 'cmake_clean_first' from command line to 'False'
[0.541s] Level 5:colcon.colcon_core.verb:set package 'ah_bot_dashboard' build argument 'cmake_force_configure' from command line to 'False'
[0.541s] Level 5:colcon.colcon_core.verb:set package 'ah_bot_dashboard' build argument 'ament_cmake_args' from command line to 'None'
[0.541s] Level 5:colcon.colcon_core.verb:set package 'ah_bot_dashboard' build argument 'catkin_cmake_args' from command line to 'None'
[0.541s] Level 5:colcon.colcon_core.verb:set package 'ah_bot_dashboard' build argument 'catkin_skip_building_tests' from command line to 'False'
[0.541s] DEBUG:colcon.colcon_core.verb:Building package 'ah_bot_dashboard' with the following arguments: {'ament_cmake_args': None, 'build_base': '/home/user/robot_ws/build/ah_bot_dashboard', 'catkin_cmake_args': None, 'catkin_skip_building_tests': False, 'cmake_args': None, 'cmake_clean_cache': False, 'cmake_clean_first': False, 'cmake_force_configure': False, 'cmake_target': None, 'cmake_target_skip_unavailable': False, 'install_base': '/home/user/robot_ws/install/ah_bot_dashboard', 'merge_install': False, 'path': '/home/user/robot_ws/src/ah_bot_dashboard', 'symlink_install': True, 'test_result_base': None}
[0.542s] Level 5:colcon.colcon_core.verb:set package 'ah_bot_driver' build argument 'cmake_args' from command line to 'None'
[0.542s] Level 5:colcon.colcon_core.verb:set package 'ah_bot_driver' build argument 'cmake_target' from command line to 'None'
[0.543s] Level 5:colcon.colcon_core.verb:set package 'ah_bot_driver' build argument 'cmake_target_skip_unavailable' from command line to 'False'
[0.543s] Level 5:colcon.colcon_core.verb:set package 'ah_bot_driver' build argument 'cmake_clean_cache' from command line to 'False'
[0.543s] Level 5:colcon.colcon_core.verb:set package 'ah_bot_driver' build argument 'cmake_clean_first' from command line to 'False'
[0.543s] Level 5:colcon.colcon_core.verb:set package 'ah_bot_driver' build argument 'cmake_force_configure' from command line to 'False'
[0.543s] Level 5:colcon.colcon_core.verb:set package 'ah_bot_driver' build argument 'ament_cmake_args' from command line to 'None'
[0.543s] Level 5:colcon.colcon_core.verb:set package 'ah_bot_driver' build argument 'catkin_cmake_args' from command line to 'None'
[0.543s] Level 5:colcon.colcon_core.verb:set package 'ah_bot_driver' build argument 'catkin_skip_building_tests' from command line to 'False'
[0.543s] DEBUG:colcon.colcon_core.verb:Building package 'ah_bot_driver' with the following arguments: {'ament_cmake_args': None, 'build_base': '/home/user/robot_ws/build/ah_bot_driver', 'catkin_cmake_args': None, 'catkin_skip_building_tests': False, 'cmake_args': None, 'cmake_clean_cache': False, 'cmake_clean_first': False, 'cmake_force_configure': False, 'cmake_target': None, 'cmake_target_skip_unavailable': False, 'install_base': '/home/user/robot_ws/install/ah_bot_driver', 'merge_install': False, 'path': '/home/user/robot_ws/src/ah_bot_driver', 'symlink_install': True, 'test_result_base': None}
[0.544s] Level 5:colcon.colcon_core.verb:set package 'ah_bot_mujoco' build argument 'cmake_args' from command line to 'None'
[0.545s] Level 5:colcon.colcon_core.verb:set package 'ah_bot_mujoco' build argument 'cmake_target' from command line to 'None'
[0.545s] Level 5:colcon.colcon_core.verb:set package 'ah_bot_mujoco' build argument 'cmake_target_skip_unavailable' from command line to 'False'
[0.545s] Level 5:colcon.colcon_core.verb:set package 'ah_bot_mujoco' build argument 'cmake_clean_cache' from command line to 'False'
[0.545s] Level 5:colcon.colcon_core.verb:set package 'ah_bot_mujoco' build argument 'cmake_clean_first' from command line to 'False'
[0.545s] Level 5:colcon.colcon_core.verb:set package 'ah_bot_mujoco' build argument 'cmake_force_configure' from command line to 'False'
[0.545s] Level 5:colcon.colcon_core.verb:set package 'ah_bot_mujoco' build argument 'ament_cmake_args' from command line to 'None'
[0.545s] Level 5:colcon.colcon_core.verb:set package 'ah_bot_mujoco' build argument 'catkin_cmake_args' from command line to 'None'
[0.545s] Level 5:colcon.colcon_core.verb:set package 'ah_bot_mujoco' build argument 'catkin_skip_building_tests' from command line to 'False'
[0.545s] DEBUG:colcon.colcon_core.verb:Building package 'ah_bot_mujoco' with the following arguments: {'ament_cmake_args': None, 'build_base': '/home/user/robot_ws/build/ah_bot_mujoco', 'catkin_cmake_args': None, 'catkin_skip_building_tests': False, 'cmake_args': None, 'cmake_clean_cache': False, 'cmake_clean_first': False, 'cmake_force_configure': False, 'cmake_target': None, 'cmake_target_skip_unavailable': False, 'install_base': '/home/user/robot_ws/install/ah_bot_mujoco', 'merge_install': False, 'path': '/home/user/robot_ws/src/ah_bot_mujoco', 'symlink_install': True, 'test_result_base': None}
[0.546s] INFO:colcon.colcon_core.executor:Executing jobs using 'parallel' executor
[0.548s] DEBUG:colcon.colcon_parallel_executor.executor.parallel:run_until_complete
[0.549s] INFO:colcon.colcon_ros.task.ament_python.build:Building ROS package in '/home/user/robot_ws/src/ah_bot_dashboard' with build type 'ament_python'
[0.549s] Level 1:colcon.colcon_core.shell:create_environment_hook('ah_bot_dashboard', 'ament_prefix_path')
[0.556s] INFO:colcon.colcon_core.plugin_system:Skipping extension 'colcon_core.shell.bat': Not used on non-Windows systems
[0.556s] INFO:colcon.colcon_core.shell:Creating environment hook '/home/user/robot_ws/install/ah_bot_dashboard/share/ah_bot_dashboard/hook/ament_prefix_path.ps1'
[0.558s] INFO:colcon.colcon_core.shell:Creating environment descriptor '/home/user/robot_ws/install/ah_bot_dashboard/share/ah_bot_dashboard/hook/ament_prefix_path.dsv'
[0.559s] INFO:colcon.colcon_core.shell:Creating environment hook '/home/user/robot_ws/install/ah_bot_dashboard/share/ah_bot_dashboard/hook/ament_prefix_path.sh'
[0.560s] INFO:colcon.colcon_core.shell:Skip shell extension 'powershell' for command environment: Not usable outside of PowerShell
[0.560s] DEBUG:colcon.colcon_core.shell:Skip shell extension 'dsv' for command environment
[0.574s] INFO:colcon.colcon_ros.task.ament_python.build:Building ROS package in '/home/user/robot_ws/src/ah_bot_driver' with build type 'ament_python'
[0.574s] Level 1:colcon.colcon_core.shell:create_environment_hook('ah_bot_driver', 'ament_prefix_path')
[0.575s] INFO:colcon.colcon_core.shell:Creating environment hook '/home/user/robot_ws/install/ah_bot_driver/share/ah_bot_driver/hook/ament_prefix_path.ps1'
[0.576s] INFO:colcon.colcon_core.shell:Creating environment descriptor '/home/user/robot_ws/install/ah_bot_driver/share/ah_bot_driver/hook/ament_prefix_path.dsv'
[0.577s] INFO:colcon.colcon_core.shell:Creating environment hook '/home/user/robot_ws/install/ah_bot_driver/share/ah_bot_driver/hook/ament_prefix_path.sh'
[0.578s] INFO:colcon.colcon_core.shell:Skip shell extension 'powershell' for command environment: Not usable outside of PowerShell
[0.579s] DEBUG:colcon.colcon_core.shell:Skip shell extension 'dsv' for command environment
[0.584s] INFO:colcon.colcon_ros.task.ament_python.build:Building ROS package in '/home/user/robot_ws/src/ah_bot_mujoco' with build type 'ament_python'
[0.584s] Level 1:colcon.colcon_core.shell:create_environment_hook('ah_bot_mujoco', 'ament_prefix_path')
[0.585s] INFO:colcon.colcon_core.shell:Creating environment hook '/home/user/robot_ws/install/ah_bot_mujoco/share/ah_bot_mujoco/hook/ament_prefix_path.ps1'
[0.586s] INFO:colcon.colcon_core.shell:Creating environment descriptor '/home/user/robot_ws/install/ah_bot_mujoco/share/ah_bot_mujoco/hook/ament_prefix_path.dsv'
[0.587s] INFO:colcon.colcon_core.shell:Creating environment hook '/home/user/robot_ws/install/ah_bot_mujoco/share/ah_bot_mujoco/hook/ament_prefix_path.sh'
[0.588s] INFO:colcon.colcon_core.shell:Skip shell extension 'powershell' for command environment: Not usable outside of PowerShell
[0.589s] DEBUG:colcon.colcon_core.shell:Skip shell extension 'dsv' for command environment
[0.931s] INFO:colcon.colcon_core.task.python.build:Building Python package in '/home/user/robot_ws/src/ah_bot_dashboard'
[0.931s] INFO:colcon.colcon_core.shell:Skip shell extension 'powershell' for command environment: Not usable outside of PowerShell
[0.931s] DEBUG:colcon.colcon_core.shell:Skip shell extension 'dsv' for command environment
[1.248s] INFO:colcon.colcon_core.task.python.build:Building Python package in '/home/user/robot_ws/src/ah_bot_driver'
[1.248s] INFO:colcon.colcon_core.shell:Skip shell extension 'powershell' for command environment: Not usable outside of PowerShell
[1.248s] DEBUG:colcon.colcon_core.shell:Skip shell extension 'dsv' for command environment
[1.574s] INFO:colcon.colcon_core.task.python.build:Building Python package in '/home/user/robot_ws/src/ah_bot_mujoco'
[1.575s] INFO:colcon.colcon_core.shell:Skip shell extension 'powershell' for command environment: Not usable outside of PowerShell
[1.575s] DEBUG:colcon.colcon_core.shell:Skip shell extension 'dsv' for command environment
[2.028s] DEBUG:colcon.colcon_core.event_handler.log_command:Invoking command in '/home/user/robot_ws/build/ah_bot_mujoco': PYTHONPATH=/home/user/robot_ws/build/ah_bot_mujoco/prefix_override:/usr/lib/python3/dist-packages/colcon_core/task/python/colcon_distutils_commands:/home/user/robot_ws/install/ah_bot_mujoco/lib/python3.10/site-packages:${PYTHONPATH} /usr/bin/python3 -W ignore:setup.py install is deprecated -W ignore:easy_install command is deprecated setup.py develop --editable --build-directory /home/user/robot_ws/build/ah_bot_mujoco/build --no-deps symlink_data
[2.041s] DEBUG:colcon.colcon_core.event_handler.log_command:Invoking command in '/home/user/robot_ws/build/ah_bot_dashboard': PYTHONPATH=/home/user/robot_ws/build/ah_bot_dashboard/prefix_override:/usr/lib/python3/dist-packages/colcon_core/task/python/colcon_distutils_commands:/home/user/robot_ws/install/ah_bot_dashboard/lib/python3.10/site-packages:${PYTHONPATH} /usr/bin/python3 -W ignore:setup.py install is deprecated -W ignore:easy_install command is deprecated setup.py develop --editable --build-directory /home/user/robot_ws/build/ah_bot_dashboard/build --no-deps symlink_data
[2.065s] DEBUG:colcon.colcon_core.event_handler.log_command:Invoking command in '/home/user/robot_ws/build/ah_bot_driver': PYTHONPATH=/home/user/robot_ws/build/ah_bot_driver/prefix_override:/usr/lib/python3/dist-packages/colcon_core/task/python/colcon_distutils_commands:/home/user/robot_ws/install/ah_bot_driver/lib/python3.10/site-packages:${PYTHONPATH} /usr/bin/python3 -W ignore:setup.py install is deprecated -W ignore:easy_install command is deprecated setup.py develop --editable --build-directory /home/user/robot_ws/build/ah_bot_driver/build --no-deps symlink_data
[2.606s] Level 1:colcon.colcon_core.shell:create_environment_hook('ah_bot_mujoco', 'pythonpath_develop')
[2.606s] INFO:colcon.colcon_core.shell:Creating environment hook '/home/user/robot_ws/build/ah_bot_mujoco/share/ah_bot_mujoco/hook/pythonpath_develop.ps1'
[2.607s] DEBUG:colcon.colcon_core.event_handler.log_command:Invoked command in '/home/user/robot_ws/build/ah_bot_mujoco' returned '0': PYTHONPATH=/home/user/robot_ws/build/ah_bot_mujoco/prefix_override:/usr/lib/python3/dist-packages/colcon_core/task/python/colcon_distutils_commands:/home/user/robot_ws/install/ah_bot_mujoco/lib/python3.10/site-packages:${PYTHONPATH} /usr/bin/python3 -W ignore:setup.py install is deprecated -W ignore:easy_install command is deprecated setup.py develop --editable --build-directory /home/user/robot_ws/build/ah_bot_mujoco/build --no-deps symlink_data
[2.608s] INFO:colcon.colcon_core.shell:Creating environment descriptor '/home/user/robot_ws/build/ah_bot_mujoco/share/ah_bot_mujoco/hook/pythonpath_develop.dsv'
[2.608s] INFO:colcon.colcon_core.shell:Creating environment hook '/home/user/robot_ws/build/ah_bot_mujoco/share/ah_bot_mujoco/hook/pythonpath_develop.sh'
[2.615s] Level 1:colcon.colcon_core.environment:checking '/home/user/robot_ws/install/ah_bot_mujoco' for CMake module files
[2.616s] Level 1:colcon.colcon_core.environment:checking '/home/user/robot_ws/install/ah_bot_mujoco' for CMake config files
[2.617s] Level 1:colcon.colcon_core.environment:checking '/home/user/robot_ws/install/ah_bot_mujoco/lib'
[2.617s] Level 1:colcon.colcon_core.environment:checking '/home/user/robot_ws/install/ah_bot_mujoco/bin'
[2.617s] Level 1:colcon.colcon_core.environment:checking '/home/user/robot_ws/install/ah_bot_mujoco/lib/pkgconfig/ah_bot_mujoco.pc'
[2.617s] Level 1:colcon.colcon_core.environment:checking '/home/user/robot_ws/install/ah_bot_mujoco/lib/python3.10/site-packages'
[2.618s] Level 1:colcon.colcon_core.shell:create_environment_hook('ah_bot_mujoco', 'pythonpath')
[2.618s] INFO:colcon.colcon_core.shell:Creating environment hook '/home/user/robot_ws/install/ah_bot_mujoco/share/ah_bot_mujoco/hook/pythonpath.ps1'
[2.619s] INFO:colcon.colcon_core.shell:Creating environment descriptor '/home/user/robot_ws/install/ah_bot_mujoco/share/ah_bot_mujoco/hook/pythonpath.dsv'
[2.620s] INFO:colcon.colcon_core.shell:Creating environment hook '/home/user/robot_ws/install/ah_bot_mujoco/share/ah_bot_mujoco/hook/pythonpath.sh'
[2.621s] Level 1:colcon.colcon_core.environment:checking '/home/user/robot_ws/install/ah_bot_mujoco/bin'
[2.621s] Level 1:colcon.colcon_core.environment:create_environment_scripts_only(ah_bot_mujoco)
[2.621s] INFO:colcon.colcon_core.shell:Creating package script '/home/user/robot_ws/install/ah_bot_mujoco/share/ah_bot_mujoco/package.ps1'
[2.623s] INFO:colcon.colcon_core.shell:Creating package descriptor '/home/user/robot_ws/install/ah_bot_mujoco/share/ah_bot_mujoco/package.dsv'
[2.624s] INFO:colcon.colcon_core.shell:Creating package script '/home/user/robot_ws/install/ah_bot_mujoco/share/ah_bot_mujoco/package.sh'
[2.626s] INFO:colcon.colcon_core.shell:Creating package script '/home/user/robot_ws/install/ah_bot_mujoco/share/ah_bot_mujoco/package.bash'
[2.629s] INFO:colcon.colcon_core.shell:Creating package script '/home/user/robot_ws/install/ah_bot_mujoco/share/ah_bot_mujoco/package.zsh'
[2.630s] Level 1:colcon.colcon_core.environment:create_file_with_runtime_dependencies(/home/user/robot_ws/install/ah_bot_mujoco/share/colcon-core/packages/ah_bot_mujoco)
[2.632s] Level 1:colcon.colcon_core.shell:create_environment_hook('ah_bot_dashboard', 'pythonpath_develop')
[2.633s] INFO:colcon.colcon_core.shell:Creating environment hook '/home/user/robot_ws/build/ah_bot_dashboard/share/ah_bot_dashboard/hook/pythonpath_develop.ps1'
[2.633s] DEBUG:colcon.colcon_core.event_handler.log_command:Invoked command in '/home/user/robot_ws/build/ah_bot_dashboard' returned '0': PYTHONPATH=/home/user/robot_ws/build/ah_bot_dashboard/prefix_override:/usr/lib/python3/dist-packages/colcon_core/task/python/colcon_distutils_commands:/home/user/robot_ws/install/ah_bot_dashboard/lib/python3.10/site-packages:${PYTHONPATH} /usr/bin/python3 -W ignore:setup.py install is deprecated -W ignore:easy_install command is deprecated setup.py develop --editable --build-directory /home/user/robot_ws/build/ah_bot_dashboard/build --no-deps symlink_data
[2.634s] INFO:colcon.colcon_core.shell:Creating environment descriptor '/home/user/robot_ws/build/ah_bot_dashboard/share/ah_bot_dashboard/hook/pythonpath_develop.dsv'
[2.634s] INFO:colcon.colcon_core.shell:Creating environment hook '/home/user/robot_ws/build/ah_bot_dashboard/share/ah_bot_dashboard/hook/pythonpath_develop.sh'
[2.635s] Level 1:colcon.colcon_core.environment:checking '/home/user/robot_ws/install/ah_bot_dashboard' for CMake module files
[2.636s] Level 1:colcon.colcon_core.environment:checking '/home/user/robot_ws/install/ah_bot_dashboard' for CMake config files
[2.637s] Level 1:colcon.colcon_core.environment:checking '/home/user/robot_ws/install/ah_bot_dashboard/lib'
[2.637s] Level 1:colcon.colcon_core.environment:checking '/home/user/robot_ws/install/ah_bot_dashboard/bin'
[2.637s] Level 1:colcon.colcon_core.environment:checking '/home/user/robot_ws/install/ah_bot_dashboard/lib/pkgconfig/ah_bot_dashboard.pc'
[2.637s] Level 1:colcon.colcon_core.environment:checking '/home/user/robot_ws/install/ah_bot_dashboard/lib/python3.10/site-packages'
[2.637s] Level 1:colcon.colcon_core.shell:create_environment_hook('ah_bot_dashboard', 'pythonpath')
[2.638s] INFO:colcon.colcon_core.shell:Creating environment hook '/home/user/robot_ws/install/ah_bot_dashboard/share/ah_bot_dashboard/hook/pythonpath.ps1'
[2.638s] INFO:colcon.colcon_core.shell:Creating environment descriptor '/home/user/robot_ws/install/ah_bot_dashboard/share/ah_bot_dashboard/hook/pythonpath.dsv'
[2.639s] INFO:colcon.colcon_core.shell:Creating environment hook '/home/user/robot_ws/install/ah_bot_dashboard/share/ah_bot_dashboard/hook/pythonpath.sh'
[2.640s] Level 1:colcon.colcon_core.environment:checking '/home/user/robot_ws/install/ah_bot_dashboard/bin'
[2.640s] Level 1:colcon.colcon_core.environment:create_environment_scripts_only(ah_bot_dashboard)
[2.640s] INFO:colcon.colcon_core.shell:Creating package script '/home/user/robot_ws/install/ah_bot_dashboard/share/ah_bot_dashboard/package.ps1'
[2.641s] INFO:colcon.colcon_core.shell:Creating package descriptor '/home/user/robot_ws/install/ah_bot_dashboard/share/ah_bot_dashboard/package.dsv'
[2.641s] INFO:colcon.colcon_core.shell:Creating package script '/home/user/robot_ws/install/ah_bot_dashboard/share/ah_bot_dashboard/package.sh'
[2.642s] INFO:colcon.colcon_core.shell:Creating package script '/home/user/robot_ws/install/ah_bot_dashboard/share/ah_bot_dashboard/package.bash'
[2.642s] INFO:colcon.colcon_core.shell:Creating package script '/home/user/robot_ws/install/ah_bot_dashboard/share/ah_bot_dashboard/package.zsh'
[2.643s] Level 1:colcon.colcon_core.environment:create_file_with_runtime_dependencies(/home/user/robot_ws/install/ah_bot_dashboard/share/colcon-core/packages/ah_bot_dashboard)
[2.643s] Level 1:colcon.colcon_core.shell:create_environment_hook('ah_bot_driver', 'pythonpath_develop')
[2.644s] INFO:colcon.colcon_core.shell:Creating environment hook '/home/user/robot_ws/build/ah_bot_driver/share/ah_bot_driver/hook/pythonpath_develop.ps1'
[2.645s] INFO:colcon.colcon_core.shell:Creating environment descriptor '/home/user/robot_ws/build/ah_bot_driver/share/ah_bot_driver/hook/pythonpath_develop.dsv'
[2.645s] DEBUG:colcon.colcon_core.event_handler.log_command:Invoked command in '/home/user/robot_ws/build/ah_bot_driver' returned '0': PYTHONPATH=/home/user/robot_ws/build/ah_bot_driver/prefix_override:/usr/lib/python3/dist-packages/colcon_core/task/python/colcon_distutils_commands:/home/user/robot_ws/install/ah_bot_driver/lib/python3.10/site-packages:${PYTHONPATH} /usr/bin/python3 -W ignore:setup.py install is deprecated -W ignore:easy_install command is deprecated setup.py develop --editable --build-directory /home/user/robot_ws/build/ah_bot_driver/build --no-deps symlink_data
[2.646s] INFO:colcon.colcon_core.shell:Creating environment hook '/home/user/robot_ws/build/ah_bot_driver/share/ah_bot_driver/hook/pythonpath_develop.sh'
[2.647s] Level 1:colcon.colcon_core.environment:checking '/home/user/robot_ws/install/ah_bot_driver' for CMake module files
[2.647s] Level 1:colcon.colcon_core.environment:checking '/home/user/robot_ws/install/ah_bot_driver' for CMake config files
[2.648s] Level 1:colcon.colcon_core.environment:checking '/home/user/robot_ws/install/ah_bot_driver/lib'
[2.648s] Level 1:colcon.colcon_core.environment:checking '/home/user/robot_ws/install/ah_bot_driver/bin'
[2.648s] Level 1:colcon.colcon_core.environment:checking '/home/user/robot_ws/install/ah_bot_driver/lib/pkgconfig/ah_bot_driver.pc'
[2.649s] Level 1:colcon.colcon_core.environment:checking '/home/user/robot_ws/install/ah_bot_driver/lib/python3.10/site-packages'
[2.649s] Level 1:colcon.colcon_core.shell:create_environment_hook('ah_bot_driver', 'pythonpath')
[2.649s] INFO:colcon.colcon_core.shell:Creating environment hook '/home/user/robot_ws/install/ah_bot_driver/share/ah_bot_driver/hook/pythonpath.ps1'
[2.650s] INFO:colcon.colcon_core.shell:Creating environment descriptor '/home/user/robot_ws/install/ah_bot_driver/share/ah_bot_driver/hook/pythonpath.dsv'
[2.650s] INFO:colcon.colcon_core.shell:Creating environment hook '/home/user/robot_ws/install/ah_bot_driver/share/ah_bot_driver/hook/pythonpath.sh'
[2.652s] Level 1:colcon.colcon_core.environment:checking '/home/user/robot_ws/install/ah_bot_driver/bin'
[2.652s] Level 1:colcon.colcon_core.environment:create_environment_scripts_only(ah_bot_driver)
[2.653s] INFO:colcon.colcon_core.shell:Creating package script '/home/user/robot_ws/install/ah_bot_driver/share/ah_bot_driver/package.ps1'
[2.654s] INFO:colcon.colcon_core.shell:Creating package descriptor '/home/user/robot_ws/install/ah_bot_driver/share/ah_bot_driver/package.dsv'
[2.654s] INFO:colcon.colcon_core.shell:Creating package script '/home/user/robot_ws/install/ah_bot_driver/share/ah_bot_driver/package.sh'
[2.655s] INFO:colcon.colcon_core.shell:Creating package script '/home/user/robot_ws/install/ah_bot_driver/share/ah_bot_driver/package.bash'
[2.655s] INFO:colcon.colcon_core.shell:Creating package script '/home/user/robot_ws/install/ah_bot_driver/share/ah_bot_driver/package.zsh'
[2.655s] Level 1:colcon.colcon_core.environment:create_file_with_runtime_dependencies(/home/user/robot_ws/install/ah_bot_driver/share/colcon-core/packages/ah_bot_driver)
[2.656s] DEBUG:colcon.colcon_parallel_executor.executor.parallel:closing loop
[2.656s] DEBUG:colcon.colcon_parallel_executor.executor.parallel:loop closed
[2.656s] DEBUG:colcon.colcon_parallel_executor.executor.parallel:run_until_complete finished with '0'
[2.656s] DEBUG:colcon.colcon_core.event_reactor:joining thread
[2.670s] INFO:colcon.colcon_core.plugin_system:Skipping extension 'colcon_notification.desktop_notification.notify_send': Could not find 'notify-send'
[2.670s] INFO:colcon.colcon_core.plugin_system:Skipping extension 'colcon_notification.desktop_notification.terminal_notifier': Not used on non-Darwin systems
[2.670s] INFO:colcon.colcon_core.plugin_system:Skipping extension 'colcon_notification.desktop_notification.win32': Not used on non-Windows systems
[2.670s] INFO:colcon.colcon_notification.desktop_notification:Sending desktop notification using 'notify2'
[2.674s] DEBUG:colcon.colcon_notification.desktop_notification.notify2:Failed to initialize notify2: org.freedesktop.DBus.Error.Spawn.ExecFailed: /usr/bin/dbus-launch terminated abnormally without any error message
[2.675s] DEBUG:colcon.colcon_core.event_reactor:joined thread
[2.675s] INFO:colcon.colcon_core.shell:Creating prefix script '/home/user/robot_ws/install/local_setup.ps1'
[2.677s] INFO:colcon.colcon_core.shell:Creating prefix util module '/home/user/robot_ws/install/_local_setup_util_ps1.py'
[2.679s] INFO:colcon.colcon_core.shell:Creating prefix chain script '/home/user/robot_ws/install/setup.ps1'
[2.681s] INFO:colcon.colcon_core.shell:Creating prefix script '/home/user/robot_ws/install/local_setup.sh'
[2.682s] INFO:colcon.colcon_core.shell:Creating prefix util module '/home/user/robot_ws/install/_local_setup_util_sh.py'
[2.683s] INFO:colcon.colcon_core.shell:Creating prefix chain script '/home/user/robot_ws/install/setup.sh'
[2.684s] INFO:colcon.colcon_core.shell:Creating prefix script '/home/user/robot_ws/install/local_setup.bash'
[2.685s] INFO:colcon.colcon_core.shell:Creating prefix chain script '/home/user/robot_ws/install/setup.bash'
[2.686s] INFO:colcon.colcon_core.shell:Creating prefix script '/home/user/robot_ws/install/local_setup.zsh'
[2.687s] INFO:colcon.colcon_core.shell:Creating prefix chain script '/home/user/robot_ws/install/setup.zsh'
