[1.836s] Invoking command in '/home/rhd0714/robot_ws/build/ah_bot_dashboard': DEBUGINFOD_URLS=https://debuginfod.ubuntu.com PYTHONPATH=/home/rhd0714/robot_ws/build/ah_bot_dashboard/prefix_override:/usr/lib/python3/dist-packages/colcon_core/task/python/colcon_distutils_commands:/home/rhd0714/robot_ws/install/ah_bot_dashboard/lib/python3.12/site-packages:${PYTHONPATH} /usr/bin/python3 -W ignore:setup.py install is deprecated -W ignore:easy_install command is deprecated setup.py develop --editable --build-directory /home/rhd0714/robot_ws/build/ah_bot_dashboard/build --no-deps symlink_data
[2.259s] running develop
[2.537s] running egg_info
[2.567s] writing ah_bot_dashboard.egg-info/PKG-INFO
[2.567s] writing dependency_links to ah_bot_dashboard.egg-info/dependency_links.txt
[2.567s] writing entry points to ah_bot_dashboard.egg-info/entry_points.txt
[2.567s] writing requirements to ah_bot_dashboard.egg-info/requires.txt
[2.567s] writing top-level names to ah_bot_dashboard.egg-info/top_level.txt
[2.610s] reading manifest file 'ah_bot_dashboard.egg-info/SOURCES.txt'
[2.611s] writing manifest file 'ah_bot_dashboard.egg-info/SOURCES.txt'
[2.635s] running build_ext
[2.635s] Creating /home/rhd0714/robot_ws/install/ah_bot_dashboard/lib/python3.12/site-packages/ah-bot-dashboard.egg-link (link to .)
[2.636s] Installing controller script to /home/rhd0714/robot_ws/install/ah_bot_dashboard/lib/ah_bot_dashboard
[2.636s] Installing dashboard script to /home/rhd0714/robot_ws/install/ah_bot_dashboard/lib/ah_bot_dashboard
[2.636s] Installing vision_node script to /home/rhd0714/robot_ws/install/ah_bot_dashboard/lib/ah_bot_dashboard
[2.636s] 
[2.637s] Installed /home/rhd0714/robot_ws/build/ah_bot_dashboard
[2.637s] running symlink_data
[2.637s] error: [Errno 17] File exists: '/home/rhd0714/robot_ws/build/ah_bot_dashboard/resource/ah_bot_dashboard' -> '/home/rhd0714/robot_ws/install/ah_bot_dashboard/share/ament_index/resource_index/packages/ah_bot_dashboard'
[2.637s] symbolically linking /home/rhd0714/robot_ws/build/ah_bot_dashboard/resource/ah_bot_dashboard -> /home/rhd0714/robot_ws/install/ah_bot_dashboard/share/ament_index/resource_index/packages
[2.692s] Invoked command in '/home/rhd0714/robot_ws/build/ah_bot_dashboard' returned '1': DEBUGINFOD_URLS=https://debuginfod.ubuntu.com PYTHONPATH=/home/rhd0714/robot_ws/build/ah_bot_dashboard/prefix_override:/usr/lib/python3/dist-packages/colcon_core/task/python/colcon_distutils_commands:/home/rhd0714/robot_ws/install/ah_bot_dashboard/lib/python3.12/site-packages:${PYTHONPATH} /usr/bin/python3 -W ignore:setup.py install is deprecated -W ignore:easy_install command is deprecated setup.py develop --editable --build-directory /home/rhd0714/robot_ws/build/ah_bot_dashboard/build --no-deps symlink_data
