running develop
running egg_info
creating ah_bot_driver.egg-info
writing ah_bot_driver.egg-info/PKG-INFO
writing dependency_links to ah_bot_driver.egg-info/dependency_links.txt
writing entry points to ah_bot_driver.egg-info/entry_points.txt
writing requirements to ah_bot_driver.egg-info/requires.txt
writing top-level names to ah_bot_driver.egg-info/top_level.txt
writing manifest file 'ah_bot_driver.egg-info/SOURCES.txt'
reading manifest file 'ah_bot_driver.egg-info/SOURCES.txt'
writing manifest file 'ah_bot_driver.egg-info/SOURCES.txt'
running build_ext
Creating /home/user/robot_ws/install/ah_bot_driver/lib/python3.10/site-packages/ah-bot-driver.egg-link (link to .)
Installing driver_node script to /home/user/robot_ws/install/ah_bot_driver/lib/ah_bot_driver

Installed /home/user/robot_ws/build/ah_bot_driver
running symlink_data
creating /home/user/robot_ws/install/ah_bot_driver/share/ament_index
creating /home/user/robot_ws/install/ah_bot_driver/share/ament_index/resource_index
creating /home/user/robot_ws/install/ah_bot_driver/share/ament_index/resource_index/packages
symbolically linking /home/user/robot_ws/build/ah_bot_driver/resource/ah_bot_driver -> /home/user/robot_ws/install/ah_bot_driver/share/ament_index/resource_index/packages
symbolically linking /home/user/robot_ws/build/ah_bot_driver/package.xml -> /home/user/robot_ws/install/ah_bot_driver/share/ah_bot_driver
