[0.112s] DEBUG:colcon:Command line arguments: ['/usr/bin/colcon', 'build', '--symlink-install']
[0.112s] DEBUG:colcon:Parsed command line arguments: Namespace(log_base=None, log_level=None, verb_name='build', build_base='build', install_base='install', merge_install=False, symlink_install=True, test_result_base=None, continue_on_error=False, executor='parallel', parallel_workers=8, event_handlers=None, ignore_user_meta=False, metas=['./colcon.meta'], base_paths=['.'], packages_ignore=None, packages_ignore_regex=None, paths=None, packages_up_to=None, packages_up_to_regex=None, packages_above=None, packages_above_and_dependencies=None, packages_above_depth=None, packages_select_by_dep=None, packages_skip_by_dep=None, packages_skip_up_to=None, packages_select_build_failed=False, packages_skip_build_finished=False, packages_select_test_failures=False, packages_skip_test_passed=False, packages_select=None, packages_skip=None, packages_select_regex=None, packages_skip_regex=None, packages_start=None, packages_end=None, cmake_args=None, cmake_target=None, cmake_target_skip_unavailable=False, cmake_clean_cache=False, cmake_clean_first=False, cmake_force_configure=False, ament_cmake_args=None, catkin_cmake_args=None, catkin_skip_building_tests=False, mixin_files=None, mixin=None, verb_parser=<colcon_mixin.mixin.mixin_argument.MixinArgumentDecorator object at 0x7616ed518c10>, verb_extension=<colcon_core.verb.build.BuildVerb object at 0x7616ed6921d0>, main=<bound method BuildVerb.main of <colcon_core.verb.build.BuildVerb object at 0x7616ed6921d0>>, mixin_verb=('build',))
[0.277s] Level 1:colcon.colcon_core.package_discovery:discover_packages(colcon_meta) check parameters
[0.277s] Level 1:colcon.colcon_core.package_discovery:discover_packages(recursive) check parameters
[0.277s] Level 1:colcon.colcon_core.package_discovery:discover_packages(ignore) check parameters
[0.277s] Level 1:colcon.colcon_core.package_discovery:discover_packages(path) check parameters
[0.277s] Level 1:colcon.colcon_core.package_discovery:discover_packages(colcon_meta) discover
[0.277s] Level 1:colcon.colcon_core.package_discovery:discover_packages(recursive) discover
[0.278s] INFO:colcon.colcon_core.package_discovery:Crawling recursively for packages in '/home/user/robot_ws'
[0.278s] Level 1:colcon.colcon_core.package_identification:_identify(.) by extensions ['ignore', 'ignore_ament_install']
[0.278s] Level 1:colcon.colcon_core.package_identification:_identify(.) by extension 'ignore'
[0.278s] Level 1:colcon.colcon_core.package_identification:_identify(.) by extension 'ignore_ament_install'
[0.278s] Level 1:colcon.colcon_core.package_identification:_identify(.) by extensions ['colcon_pkg']
[0.278s] Level 1:colcon.colcon_core.package_identification:_identify(.) by extension 'colcon_pkg'
[0.278s] Level 1:colcon.colcon_core.package_identification:_identify(.) by extensions ['colcon_meta']
[0.278s] Level 1:colcon.colcon_core.package_identification:_identify(.) by extension 'colcon_meta'
[0.278s] Level 1:colcon.colcon_core.package_identification:_identify(.) by extensions ['ros']
[0.278s] Level 1:colcon.colcon_core.package_identification:_identify(.) by extension 'ros'
[0.292s] Level 1:colcon.colcon_core.package_identification:_identify(.) by extensions ['cmake', 'python']
[0.292s] Level 1:colcon.colcon_core.package_identification:_identify(.) by extension 'cmake'
[0.292s] Level 1:colcon.colcon_core.package_identification:_identify(.) by extension 'python'
[0.292s] Level 1:colcon.colcon_core.package_identification:_identify(.) by extensions ['python_setup_py']
[0.292s] Level 1:colcon.colcon_core.package_identification:_identify(.) by extension 'python_setup_py'
[0.292s] Level 1:colcon.colcon_core.package_identification:_identify(AmazingHand-main) by extensions ['ignore', 'ignore_ament_install']
[0.292s] Level 1:colcon.colcon_core.package_identification:_identify(AmazingHand-main) by extension 'ignore'
[0.292s] Level 1:colcon.colcon_core.package_identification:_identify(AmazingHand-main) by extension 'ignore_ament_install'
[0.292s] Level 1:colcon.colcon_core.package_identification:_identify(AmazingHand-main) by extensions ['colcon_pkg']
[0.292s] Level 1:colcon.colcon_core.package_identification:_identify(AmazingHand-main) by extension 'colcon_pkg'
[0.292s] Level 1:colcon.colcon_core.package_identification:_identify(AmazingHand-main) by extensions ['colcon_meta']
[0.293s] Level 1:colcon.colcon_core.package_identification:_identify(AmazingHand-main) by extension 'colcon_meta'
[0.293s] Level 1:colcon.colcon_core.package_identification:_identify(AmazingHand-main) by extensions ['ros']
[0.293s] Level 1:colcon.colcon_core.package_identification:_identify(AmazingHand-main) by extension 'ros'
[0.293s] Level 1:colcon.colcon_core.package_identification:_identify(AmazingHand-main) by extensions ['cmake', 'python']
[0.293s] Level 1:colcon.colcon_core.package_identification:_identify(AmazingHand-main) by extension 'cmake'
[0.293s] Level 1:colcon.colcon_core.package_identification:_identify(AmazingHand-main) by extension 'python'
[0.293s] Level 1:colcon.colcon_core.package_identification:_identify(AmazingHand-main) by extensions ['python_setup_py']
[0.293s] Level 1:colcon.colcon_core.package_identification:_identify(AmazingHand-main) by extension 'python_setup_py'
[0.293s] Level 1:colcon.colcon_core.package_identification:_identify(AmazingHand-main/ArduinoExample) by extensions ['ignore', 'ignore_ament_install']
[0.293s] Level 1:colcon.colcon_core.package_identification:_identify(AmazingHand-main/ArduinoExample) by extension 'ignore'
[0.293s] Level 1:colcon.colcon_core.package_identification:_identify(AmazingHand-main/ArduinoExample) by extension 'ignore_ament_install'
[0.293s] Level 1:colcon.colcon_core.package_identification:_identify(AmazingHand-main/ArduinoExample) by extensions ['colcon_pkg']
[0.293s] Level 1:colcon.colcon_core.package_identification:_identify(AmazingHand-main/ArduinoExample) by extension 'colcon_pkg'
[0.293s] Level 1:colcon.colcon_core.package_identification:_identify(AmazingHand-main/ArduinoExample) by extensions ['colcon_meta']
[0.293s] Level 1:colcon.colcon_core.package_identification:_identify(AmazingHand-main/ArduinoExample) by extension 'colcon_meta'
[0.293s] Level 1:colcon.colcon_core.package_identification:_identify(AmazingHand-main/ArduinoExample) by extensions ['ros']
[0.293s] Level 1:colcon.colcon_core.package_identification:_identify(AmazingHand-main/ArduinoExample) by extension 'ros'
[0.293s] Level 1:colcon.colcon_core.package_identification:_identify(AmazingHand-main/ArduinoExample) by extensions ['cmake', 'python']
[0.293s] Level 1:colcon.colcon_core.package_identification:_identify(AmazingHand-main/ArduinoExample) by extension 'cmake'
[0.294s] Level 1:colcon.colcon_core.package_identification:_identify(AmazingHand-main/ArduinoExample) by extension 'python'
[0.294s] Level 1:colcon.colcon_core.package_identification:_identify(AmazingHand-main/ArduinoExample) by extensions ['python_setup_py']
[0.294s] Level 1:colcon.colcon_core.package_identification:_identify(AmazingHand-main/ArduinoExample) by extension 'python_setup_py'
[0.294s] Level 1:colcon.colcon_core.package_identification:_identify(AmazingHand-main/Demo) by extensions ['ignore', 'ignore_ament_install']
[0.294s] Level 1:colcon.colcon_core.package_identification:_identify(AmazingHand-main/Demo) by extension 'ignore'
[0.294s] Level 1:colcon.colcon_core.package_identification:_identify(AmazingHand-main/Demo) by extension 'ignore_ament_install'
[0.294s] Level 1:colcon.colcon_core.package_identification:_identify(AmazingHand-main/Demo) by extensions ['colcon_pkg']
[0.294s] Level 1:colcon.colcon_core.package_identification:_identify(AmazingHand-main/Demo) by extension 'colcon_pkg'
[0.294s] Level 1:colcon.colcon_core.package_identification:_identify(AmazingHand-main/Demo) by extensions ['colcon_meta']
[0.294s] Level 1:colcon.colcon_core.package_identification:_identify(AmazingHand-main/Demo) by extension 'colcon_meta'
[0.294s] Level 1:colcon.colcon_core.package_identification:_identify(AmazingHand-main/Demo) by extensions ['ros']
[0.294s] Level 1:colcon.colcon_core.package_identification:_identify(AmazingHand-main/Demo) by extension 'ros'
[0.294s] Level 1:colcon.colcon_core.package_identification:_identify(AmazingHand-main/Demo) by extensions ['cmake', 'python']
[0.294s] Level 1:colcon.colcon_core.package_identification:_identify(AmazingHand-main/Demo) by extension 'cmake'
[0.294s] Level 1:colcon.colcon_core.package_identification:_identify(AmazingHand-main/Demo) by extension 'python'
[0.294s] Level 1:colcon.colcon_core.package_identification:_identify(AmazingHand-main/Demo) by extensions ['python_setup_py']
[0.294s] Level 1:colcon.colcon_core.package_identification:_identify(AmazingHand-main/Demo) by extension 'python_setup_py'
[0.294s] Level 1:colcon.colcon_core.package_identification:_identify(AmazingHand-main/Demo/AHControl) by extensions ['ignore', 'ignore_ament_install']
[0.295s] Level 1:colcon.colcon_core.package_identification:_identify(AmazingHand-main/Demo/AHControl) by extension 'ignore'
[0.295s] Level 1:colcon.colcon_core.package_identification:_identify(AmazingHand-main/Demo/AHControl) by extension 'ignore_ament_install'
[0.295s] Level 1:colcon.colcon_core.package_identification:_identify(AmazingHand-main/Demo/AHControl) by extensions ['colcon_pkg']
[0.295s] Level 1:colcon.colcon_core.package_identification:_identify(AmazingHand-main/Demo/AHControl) by extension 'colcon_pkg'
[0.295s] Level 1:colcon.colcon_core.package_identification:_identify(AmazingHand-main/Demo/AHControl) by extensions ['colcon_meta']
[0.295s] Level 1:colcon.colcon_core.package_identification:_identify(AmazingHand-main/Demo/AHControl) by extension 'colcon_meta'
[0.295s] Level 1:colcon.colcon_core.package_identification:_identify(AmazingHand-main/Demo/AHControl) by extensions ['ros']
[0.295s] Level 1:colcon.colcon_core.package_identification:_identify(AmazingHand-main/Demo/AHControl) by extension 'ros'
[0.295s] Level 1:colcon.colcon_core.package_identification:_identify(AmazingHand-main/Demo/AHControl) by extensions ['cmake', 'python']
[0.295s] Level 1:colcon.colcon_core.package_identification:_identify(AmazingHand-main/Demo/AHControl) by extension 'cmake'
[0.295s] Level 1:colcon.colcon_core.package_identification:_identify(AmazingHand-main/Demo/AHControl) by extension 'python'
[0.295s] Level 1:colcon.colcon_core.package_identification:_identify(AmazingHand-main/Demo/AHControl) by extensions ['python_setup_py']
[0.295s] Level 1:colcon.colcon_core.package_identification:_identify(AmazingHand-main/Demo/AHControl) by extension 'python_setup_py'
[0.295s] Level 1:colcon.colcon_core.package_identification:_identify(AmazingHand-main/Demo/AHControl/config) by extensions ['ignore', 'ignore_ament_install']
[0.295s] Level 1:colcon.colcon_core.package_identification:_identify(AmazingHand-main/Demo/AHControl/config) by extension 'ignore'
[0.295s] Level 1:colcon.colcon_core.package_identification:_identify(AmazingHand-main/Demo/AHControl/config) by extension 'ignore_ament_install'
[0.295s] Level 1:colcon.colcon_core.package_identification:_identify(AmazingHand-main/Demo/AHControl/config) by extensions ['colcon_pkg']
[0.295s] Level 1:colcon.colcon_core.package_identification:_identify(AmazingHand-main/Demo/AHControl/config) by extension 'colcon_pkg'
[0.295s] Level 1:colcon.colcon_core.package_identification:_identify(AmazingHand-main/Demo/AHControl/config) by extensions ['colcon_meta']
[0.295s] Level 1:colcon.colcon_core.package_identification:_identify(AmazingHand-main/Demo/AHControl/config) by extension 'colcon_meta'
[0.295s] Level 1:colcon.colcon_core.package_identification:_identify(AmazingHand-main/Demo/AHControl/config) by extensions ['ros']
[0.295s] Level 1:colcon.colcon_core.package_identification:_identify(AmazingHand-main/Demo/AHControl/config) by extension 'ros'
[0.295s] Level 1:colcon.colcon_core.package_identification:_identify(AmazingHand-main/Demo/AHControl/config) by extensions ['cmake', 'python']
[0.296s] Level 1:colcon.colcon_core.package_identification:_identify(AmazingHand-main/Demo/AHControl/config) by extension 'cmake'
[0.296s] Level 1:colcon.colcon_core.package_identification:_identify(AmazingHand-main/Demo/AHControl/config) by extension 'python'
[0.296s] Level 1:colcon.colcon_core.package_identification:_identify(AmazingHand-main/Demo/AHControl/config) by extensions ['python_setup_py']
[0.296s] Level 1:colcon.colcon_core.package_identification:_identify(AmazingHand-main/Demo/AHControl/config) by extension 'python_setup_py'
[0.296s] Level 1:colcon.colcon_core.package_identification:_identify(AmazingHand-main/Demo/AHControl/src) by extensions ['ignore', 'ignore_ament_install']
[0.296s] Level 1:colcon.colcon_core.package_identification:_identify(AmazingHand-main/Demo/AHControl/src) by extension 'ignore'
[0.296s] Level 1:colcon.colcon_core.package_identification:_identify(AmazingHand-main/Demo/AHControl/src) by extension 'ignore_ament_install'
[0.296s] Level 1:colcon.colcon_core.package_identification:_identify(AmazingHand-main/Demo/AHControl/src) by extensions ['colcon_pkg']
[0.296s] Level 1:colcon.colcon_core.package_identification:_identify(AmazingHand-main/Demo/AHControl/src) by extension 'colcon_pkg'
[0.296s] Level 1:colcon.colcon_core.package_identification:_identify(AmazingHand-main/Demo/AHControl/src) by extensions ['colcon_meta']
[0.296s] Level 1:colcon.colcon_core.package_identification:_identify(AmazingHand-main/Demo/AHControl/src) by extension 'colcon_meta'
[0.296s] Level 1:colcon.colcon_core.package_identification:_identify(AmazingHand-main/Demo/AHControl/src) by extensions ['ros']
[0.296s] Level 1:colcon.colcon_core.package_identification:_identify(AmazingHand-main/Demo/AHControl/src) by extension 'ros'
[0.296s] Level 1:colcon.colcon_core.package_identification:_identify(AmazingHand-main/Demo/AHControl/src) by extensions ['cmake', 'python']
[0.296s] Level 1:colcon.colcon_core.package_identification:_identify(AmazingHand-main/Demo/AHControl/src) by extension 'cmake'
[0.296s] Level 1:colcon.colcon_core.package_identification:_identify(AmazingHand-main/Demo/AHControl/src) by extension 'python'
[0.296s] Level 1:colcon.colcon_core.package_identification:_identify(AmazingHand-main/Demo/AHControl/src) by extensions ['python_setup_py']
[0.296s] Level 1:colcon.colcon_core.package_identification:_identify(AmazingHand-main/Demo/AHControl/src) by extension 'python_setup_py'
[0.296s] Level 1:colcon.colcon_core.package_identification:_identify(AmazingHand-main/Demo/AHControl/src/bin) by extensions ['ignore', 'ignore_ament_install']
[0.296s] Level 1:colcon.colcon_core.package_identification:_identify(AmazingHand-main/Demo/AHControl/src/bin) by extension 'ignore'
[0.296s] Level 1:colcon.colcon_core.package_identification:_identify(AmazingHand-main/Demo/AHControl/src/bin) by extension 'ignore_ament_install'
[0.297s] Level 1:colcon.colcon_core.package_identification:_identify(AmazingHand-main/Demo/AHControl/src/bin) by extensions ['colcon_pkg']
[0.297s] Level 1:colcon.colcon_core.package_identification:_identify(AmazingHand-main/Demo/AHControl/src/bin) by extension 'colcon_pkg'
[0.297s] Level 1:colcon.colcon_core.package_identification:_identify(AmazingHand-main/Demo/AHControl/src/bin) by extensions ['colcon_meta']
[0.297s] Level 1:colcon.colcon_core.package_identification:_identify(AmazingHand-main/Demo/AHControl/src/bin) by extension 'colcon_meta'
[0.297s] Level 1:colcon.colcon_core.package_identification:_identify(AmazingHand-main/Demo/AHControl/src/bin) by extensions ['ros']
[0.297s] Level 1:colcon.colcon_core.package_identification:_identify(AmazingHand-main/Demo/AHControl/src/bin) by extension 'ros'
[0.297s] Level 1:colcon.colcon_core.package_identification:_identify(AmazingHand-main/Demo/AHControl/src/bin) by extensions ['cmake', 'python']
[0.297s] Level 1:colcon.colcon_core.package_identification:_identify(AmazingHand-main/Demo/AHControl/src/bin) by extension 'cmake'
[0.297s] Level 1:colcon.colcon_core.package_identification:_identify(AmazingHand-main/Demo/AHControl/src/bin) by extension 'python'
[0.297s] Level 1:colcon.colcon_core.package_identification:_identify(AmazingHand-main/Demo/AHControl/src/bin) by extensions ['python_setup_py']
[0.297s] Level 1:colcon.colcon_core.package_identification:_identify(AmazingHand-main/Demo/AHControl/src/bin) by extension 'python_setup_py'
[0.297s] Level 1:colcon.colcon_core.package_identification:_identify(AmazingHand-main/Demo/AHSimulation) by extensions ['ignore', 'ignore_ament_install']
[0.297s] Level 1:colcon.colcon_core.package_identification:_identify(AmazingHand-main/Demo/AHSimulation) by extension 'ignore'
[0.297s] Level 1:colcon.colcon_core.package_identification:_identify(AmazingHand-main/Demo/AHSimulation) by extension 'ignore_ament_install'
[0.297s] Level 1:colcon.colcon_core.package_identification:_identify(AmazingHand-main/Demo/AHSimulation) by extensions ['colcon_pkg']
[0.297s] Level 1:colcon.colcon_core.package_identification:_identify(AmazingHand-main/Demo/AHSimulation) by extension 'colcon_pkg'
[0.297s] Level 1:colcon.colcon_core.package_identification:_identify(AmazingHand-main/Demo/AHSimulation) by extensions ['colcon_meta']
[0.297s] Level 1:colcon.colcon_core.package_identification:_identify(AmazingHand-main/Demo/AHSimulation) by extension 'colcon_meta'
[0.297s] Level 1:colcon.colcon_core.package_identification:_identify(AmazingHand-main/Demo/AHSimulation) by extensions ['ros']
[0.297s] Level 1:colcon.colcon_core.package_identification:_identify(AmazingHand-main/Demo/AHSimulation) by extension 'ros'
[0.297s] Level 1:colcon.colcon_core.package_identification:_identify(AmazingHand-main/Demo/AHSimulation) by extensions ['cmake', 'python']
[0.297s] Level 1:colcon.colcon_core.package_identification:_identify(AmazingHand-main/Demo/AHSimulation) by extension 'cmake'
[0.298s] Level 1:colcon.colcon_core.package_identification:_identify(AmazingHand-main/Demo/AHSimulation) by extension 'python'
[0.298s] Level 1:colcon.colcon_core.package_identification:_identify(AmazingHand-main/Demo/AHSimulation) by extensions ['python_setup_py']
[0.298s] Level 1:colcon.colcon_core.package_identification:_identify(AmazingHand-main/Demo/AHSimulation) by extension 'python_setup_py'
[0.298s] Level 1:colcon.colcon_core.package_identification:_identify(AmazingHand-main/Demo/AHSimulation/AHSimulation) by extensions ['ignore', 'ignore_ament_install']
[0.298s] Level 1:colcon.colcon_core.package_identification:_identify(AmazingHand-main/Demo/AHSimulation/AHSimulation) by extension 'ignore'
[0.298s] Level 1:colcon.colcon_core.package_identification:_identify(AmazingHand-main/Demo/AHSimulation/AHSimulation) by extension 'ignore_ament_install'
[0.298s] Level 1:colcon.colcon_core.package_identification:_identify(AmazingHand-main/Demo/AHSimulation/AHSimulation) by extensions ['colcon_pkg']
[0.298s] Level 1:colcon.colcon_core.package_identification:_identify(AmazingHand-main/Demo/AHSimulation/AHSimulation) by extension 'colcon_pkg'
[0.298s] Level 1:colcon.colcon_core.package_identification:_identify(AmazingHand-main/Demo/AHSimulation/AHSimulation) by extensions ['colcon_meta']
[0.298s] Level 1:colcon.colcon_core.package_identification:_identify(AmazingHand-main/Demo/AHSimulation/AHSimulation) by extension 'colcon_meta'
[0.298s] Level 1:colcon.colcon_core.package_identification:_identify(AmazingHand-main/Demo/AHSimulation/AHSimulation) by extensions ['ros']
[0.298s] Level 1:colcon.colcon_core.package_identification:_identify(AmazingHand-main/Demo/AHSimulation/AHSimulation) by extension 'ros'
[0.298s] Level 1:colcon.colcon_core.package_identification:_identify(AmazingHand-main/Demo/AHSimulation/AHSimulation) by extensions ['cmake', 'python']
[0.298s] Level 1:colcon.colcon_core.package_identification:_identify(AmazingHand-main/Demo/AHSimulation/AHSimulation) by extension 'cmake'
[0.298s] Level 1:colcon.colcon_core.package_identification:_identify(AmazingHand-main/Demo/AHSimulation/AHSimulation) by extension 'python'
[0.298s] Level 1:colcon.colcon_core.package_identification:_identify(AmazingHand-main/Demo/AHSimulation/AHSimulation) by extensions ['python_setup_py']
[0.298s] Level 1:colcon.colcon_core.package_identification:_identify(AmazingHand-main/Demo/AHSimulation/AHSimulation) by extension 'python_setup_py'
[0.298s] Level 1:colcon.colcon_core.package_identification:_identify(AmazingHand-main/Demo/AHSimulation/AHSimulation/AH_Left) by extensions ['ignore', 'ignore_ament_install']
[0.298s] Level 1:colcon.colcon_core.package_identification:_identify(AmazingHand-main/Demo/AHSimulation/AHSimulation/AH_Left) by extension 'ignore'
[0.298s] Level 1:colcon.colcon_core.package_identification:_identify(AmazingHand-main/Demo/AHSimulation/AHSimulation/AH_Left) by extension 'ignore_ament_install'
[0.299s] Level 1:colcon.colcon_core.package_identification:_identify(AmazingHand-main/Demo/AHSimulation/AHSimulation/AH_Left) by extensions ['colcon_pkg']
[0.299s] Level 1:colcon.colcon_core.package_identification:_identify(AmazingHand-main/Demo/AHSimulation/AHSimulation/AH_Left) by extension 'colcon_pkg'
[0.299s] Level 1:colcon.colcon_core.package_identification:_identify(AmazingHand-main/Demo/AHSimulation/AHSimulation/AH_Left) by extensions ['colcon_meta']
[0.299s] Level 1:colcon.colcon_core.package_identification:_identify(AmazingHand-main/Demo/AHSimulation/AHSimulation/AH_Left) by extension 'colcon_meta'
[0.299s] Level 1:colcon.colcon_core.package_identification:_identify(AmazingHand-main/Demo/AHSimulation/AHSimulation/AH_Left) by extensions ['ros']
[0.299s] Level 1:colcon.colcon_core.package_identification:_identify(AmazingHand-main/Demo/AHSimulation/AHSimulation/AH_Left) by extension 'ros'
[0.299s] Level 1:colcon.colcon_core.package_identification:_identify(AmazingHand-main/Demo/AHSimulation/AHSimulation/AH_Left) by extensions ['cmake', 'python']
[0.299s] Level 1:colcon.colcon_core.package_identification:_identify(AmazingHand-main/Demo/AHSimulation/AHSimulation/AH_Left) by extension 'cmake'
[0.299s] Level 1:colcon.colcon_core.package_identification:_identify(AmazingHand-main/Demo/AHSimulation/AHSimulation/AH_Left) by extension 'python'
[0.299s] Level 1:colcon.colcon_core.package_identification:_identify(AmazingHand-main/Demo/AHSimulation/AHSimulation/AH_Left) by extensions ['python_setup_py']
[0.299s] Level 1:colcon.colcon_core.package_identification:_identify(AmazingHand-main/Demo/AHSimulation/AHSimulation/AH_Left) by extension 'python_setup_py'
[0.299s] Level 1:colcon.colcon_core.package_identification:_identify(AmazingHand-main/Demo/AHSimulation/AHSimulation/AH_Left/mjcf) by extensions ['ignore', 'ignore_ament_install']
[0.299s] Level 1:colcon.colcon_core.package_identification:_identify(AmazingHand-main/Demo/AHSimulation/AHSimulation/AH_Left/mjcf) by extension 'ignore'
[0.299s] Level 1:colcon.colcon_core.package_identification:_identify(AmazingHand-main/Demo/AHSimulation/AHSimulation/AH_Left/mjcf) by extension 'ignore_ament_install'
[0.299s] Level 1:colcon.colcon_core.package_identification:_identify(AmazingHand-main/Demo/AHSimulation/AHSimulation/AH_Left/mjcf) by extensions ['colcon_pkg']
[0.299s] Level 1:colcon.colcon_core.package_identification:_identify(AmazingHand-main/Demo/AHSimulation/AHSimulation/AH_Left/mjcf) by extension 'colcon_pkg'
[0.299s] Level 1:colcon.colcon_core.package_identification:_identify(AmazingHand-main/Demo/AHSimulation/AHSimulation/AH_Left/mjcf) by extensions ['colcon_meta']
[0.299s] Level 1:colcon.colcon_core.package_identification:_identify(AmazingHand-main/Demo/AHSimulation/AHSimulation/AH_Left/mjcf) by extension 'colcon_meta'
[0.299s] Level 1:colcon.colcon_core.package_identification:_identify(AmazingHand-main/Demo/AHSimulation/AHSimulation/AH_Left/mjcf) by extensions ['ros']
[0.299s] Level 1:colcon.colcon_core.package_identification:_identify(AmazingHand-main/Demo/AHSimulation/AHSimulation/AH_Left/mjcf) by extension 'ros'
[0.300s] Level 1:colcon.colcon_core.package_identification:_identify(AmazingHand-main/Demo/AHSimulation/AHSimulation/AH_Left/mjcf) by extensions ['cmake', 'python']
[0.300s] Level 1:colcon.colcon_core.package_identification:_identify(AmazingHand-main/Demo/AHSimulation/AHSimulation/AH_Left/mjcf) by extension 'cmake'
[0.300s] Level 1:colcon.colcon_core.package_identification:_identify(AmazingHand-main/Demo/AHSimulation/AHSimulation/AH_Left/mjcf) by extension 'python'
[0.300s] Level 1:colcon.colcon_core.package_identification:_identify(AmazingHand-main/Demo/AHSimulation/AHSimulation/AH_Left/mjcf) by extensions ['python_setup_py']
[0.300s] Level 1:colcon.colcon_core.package_identification:_identify(AmazingHand-main/Demo/AHSimulation/AHSimulation/AH_Left/mjcf) by extension 'python_setup_py'
[0.300s] Level 1:colcon.colcon_core.package_identification:_identify(AmazingHand-main/Demo/AHSimulation/AHSimulation/AH_Left/mjcf/assets) by extensions ['ignore', 'ignore_ament_install']
[0.300s] Level 1:colcon.colcon_core.package_identification:_identify(AmazingHand-main/Demo/AHSimulation/AHSimulation/AH_Left/mjcf/assets) by extension 'ignore'
[0.300s] Level 1:colcon.colcon_core.package_identification:_identify(AmazingHand-main/Demo/AHSimulation/AHSimulation/AH_Left/mjcf/assets) by extension 'ignore_ament_install'
[0.300s] Level 1:colcon.colcon_core.package_identification:_identify(AmazingHand-main/Demo/AHSimulation/AHSimulation/AH_Left/mjcf/assets) by extensions ['colcon_pkg']
[0.300s] Level 1:colcon.colcon_core.package_identification:_identify(AmazingHand-main/Demo/AHSimulation/AHSimulation/AH_Left/mjcf/assets) by extension 'colcon_pkg'
[0.300s] Level 1:colcon.colcon_core.package_identification:_identify(AmazingHand-main/Demo/AHSimulation/AHSimulation/AH_Left/mjcf/assets) by extensions ['colcon_meta']
[0.301s] Level 1:colcon.colcon_core.package_identification:_identify(AmazingHand-main/Demo/AHSimulation/AHSimulation/AH_Left/mjcf/assets) by extension 'colcon_meta'
[0.301s] Level 1:colcon.colcon_core.package_identification:_identify(AmazingHand-main/Demo/AHSimulation/AHSimulation/AH_Left/mjcf/assets) by extensions ['ros']
[0.301s] Level 1:colcon.colcon_core.package_identification:_identify(AmazingHand-main/Demo/AHSimulation/AHSimulation/AH_Left/mjcf/assets) by extension 'ros'
[0.301s] Level 1:colcon.colcon_core.package_identification:_identify(AmazingHand-main/Demo/AHSimulation/AHSimulation/AH_Left/mjcf/assets) by extensions ['cmake', 'python']
[0.301s] Level 1:colcon.colcon_core.package_identification:_identify(AmazingHand-main/Demo/AHSimulation/AHSimulation/AH_Left/mjcf/assets) by extension 'cmake'
[0.301s] Level 1:colcon.colcon_core.package_identification:_identify(AmazingHand-main/Demo/AHSimulation/AHSimulation/AH_Left/mjcf/assets) by extension 'python'
[0.301s] Level 1:colcon.colcon_core.package_identification:_identify(AmazingHand-main/Demo/AHSimulation/AHSimulation/AH_Left/mjcf/assets) by extensions ['python_setup_py']
[0.301s] Level 1:colcon.colcon_core.package_identification:_identify(AmazingHand-main/Demo/AHSimulation/AHSimulation/AH_Left/mjcf/assets) by extension 'python_setup_py'
[0.301s] Level 1:colcon.colcon_core.package_identification:_identify(AmazingHand-main/Demo/AHSimulation/AHSimulation/AH_Right) by extensions ['ignore', 'ignore_ament_install']
[0.301s] Level 1:colcon.colcon_core.package_identification:_identify(AmazingHand-main/Demo/AHSimulation/AHSimulation/AH_Right) by extension 'ignore'
[0.301s] Level 1:colcon.colcon_core.package_identification:_identify(AmazingHand-main/Demo/AHSimulation/AHSimulation/AH_Right) by extension 'ignore_ament_install'
[0.301s] Level 1:colcon.colcon_core.package_identification:_identify(AmazingHand-main/Demo/AHSimulation/AHSimulation/AH_Right) by extensions ['colcon_pkg']
[0.301s] Level 1:colcon.colcon_core.package_identification:_identify(AmazingHand-main/Demo/AHSimulation/AHSimulation/AH_Right) by extension 'colcon_pkg'
[0.301s] Level 1:colcon.colcon_core.package_identification:_identify(AmazingHand-main/Demo/AHSimulation/AHSimulation/AH_Right) by extensions ['colcon_meta']
[0.301s] Level 1:colcon.colcon_core.package_identification:_identify(AmazingHand-main/Demo/AHSimulation/AHSimulation/AH_Right) by extension 'colcon_meta'
[0.301s] Level 1:colcon.colcon_core.package_identification:_identify(AmazingHand-main/Demo/AHSimulation/AHSimulation/AH_Right) by extensions ['ros']
[0.301s] Level 1:colcon.colcon_core.package_identification:_identify(AmazingHand-main/Demo/AHSimulation/AHSimulation/AH_Right) by extension 'ros'
[0.302s] Level 1:colcon.colcon_core.package_identification:_identify(AmazingHand-main/Demo/AHSimulation/AHSimulation/AH_Right) by extensions ['cmake', 'python']
[0.302s] Level 1:colcon.colcon_core.package_identification:_identify(AmazingHand-main/Demo/AHSimulation/AHSimulation/AH_Right) by extension 'cmake'
[0.302s] Level 1:colcon.colcon_core.package_identification:_identify(AmazingHand-main/Demo/AHSimulation/AHSimulation/AH_Right) by extension 'python'
[0.302s] Level 1:colcon.colcon_core.package_identification:_identify(AmazingHand-main/Demo/AHSimulation/AHSimulation/AH_Right) by extensions ['python_setup_py']
[0.302s] Level 1:colcon.colcon_core.package_identification:_identify(AmazingHand-main/Demo/AHSimulation/AHSimulation/AH_Right) by extension 'python_setup_py'
[0.302s] Level 1:colcon.colcon_core.package_identification:_identify(AmazingHand-main/Demo/AHSimulation/AHSimulation/AH_Right/mjcf) by extensions ['ignore', 'ignore_ament_install']
[0.302s] Level 1:colcon.colcon_core.package_identification:_identify(AmazingHand-main/Demo/AHSimulation/AHSimulation/AH_Right/mjcf) by extension 'ignore'
[0.302s] Level 1:colcon.colcon_core.package_identification:_identify(AmazingHand-main/Demo/AHSimulation/AHSimulation/AH_Right/mjcf) by extension 'ignore_ament_install'
[0.302s] Level 1:colcon.colcon_core.package_identification:_identify(AmazingHand-main/Demo/AHSimulation/AHSimulation/AH_Right/mjcf) by extensions ['colcon_pkg']
[0.302s] Level 1:colcon.colcon_core.package_identification:_identify(AmazingHand-main/Demo/AHSimulation/AHSimulation/AH_Right/mjcf) by extension 'colcon_pkg'
[0.302s] Level 1:colcon.colcon_core.package_identification:_identify(AmazingHand-main/Demo/AHSimulation/AHSimulation/AH_Right/mjcf) by extensions ['colcon_meta']
[0.302s] Level 1:colcon.colcon_core.package_identification:_identify(AmazingHand-main/Demo/AHSimulation/AHSimulation/AH_Right/mjcf) by extension 'colcon_meta'
[0.302s] Level 1:colcon.colcon_core.package_identification:_identify(AmazingHand-main/Demo/AHSimulation/AHSimulation/AH_Right/mjcf) by extensions ['ros']
[0.302s] Level 1:colcon.colcon_core.package_identification:_identify(AmazingHand-main/Demo/AHSimulation/AHSimulation/AH_Right/mjcf) by extension 'ros'
[0.302s] Level 1:colcon.colcon_core.package_identification:_identify(AmazingHand-main/Demo/AHSimulation/AHSimulation/AH_Right/mjcf) by extensions ['cmake', 'python']
[0.302s] Level 1:colcon.colcon_core.package_identification:_identify(AmazingHand-main/Demo/AHSimulation/AHSimulation/AH_Right/mjcf) by extension 'cmake'
[0.302s] Level 1:colcon.colcon_core.package_identification:_identify(AmazingHand-main/Demo/AHSimulation/AHSimulation/AH_Right/mjcf) by extension 'python'
[0.302s] Level 1:colcon.colcon_core.package_identification:_identify(AmazingHand-main/Demo/AHSimulation/AHSimulation/AH_Right/mjcf) by extensions ['python_setup_py']
[0.302s] Level 1:colcon.colcon_core.package_identification:_identify(AmazingHand-main/Demo/AHSimulation/AHSimulation/AH_Right/mjcf) by extension 'python_setup_py'
[0.303s] Level 1:colcon.colcon_core.package_identification:_identify(AmazingHand-main/Demo/AHSimulation/AHSimulation/AH_Right/mjcf/assets) by extensions ['ignore', 'ignore_ament_install']
[0.303s] Level 1:colcon.colcon_core.package_identification:_identify(AmazingHand-main/Demo/AHSimulation/AHSimulation/AH_Right/mjcf/assets) by extension 'ignore'
[0.303s] Level 1:colcon.colcon_core.package_identification:_identify(AmazingHand-main/Demo/AHSimulation/AHSimulation/AH_Right/mjcf/assets) by extension 'ignore_ament_install'
[0.303s] Level 1:colcon.colcon_core.package_identification:_identify(AmazingHand-main/Demo/AHSimulation/AHSimulation/AH_Right/mjcf/assets) by extensions ['colcon_pkg']
[0.303s] Level 1:colcon.colcon_core.package_identification:_identify(AmazingHand-main/Demo/AHSimulation/AHSimulation/AH_Right/mjcf/assets) by extension 'colcon_pkg'
[0.303s] Level 1:colcon.colcon_core.package_identification:_identify(AmazingHand-main/Demo/AHSimulation/AHSimulation/AH_Right/mjcf/assets) by extensions ['colcon_meta']
[0.303s] Level 1:colcon.colcon_core.package_identification:_identify(AmazingHand-main/Demo/AHSimulation/AHSimulation/AH_Right/mjcf/assets) by extension 'colcon_meta'
[0.303s] Level 1:colcon.colcon_core.package_identification:_identify(AmazingHand-main/Demo/AHSimulation/AHSimulation/AH_Right/mjcf/assets) by extensions ['ros']
[0.303s] Level 1:colcon.colcon_core.package_identification:_identify(AmazingHand-main/Demo/AHSimulation/AHSimulation/AH_Right/mjcf/assets) by extension 'ros'
[0.303s] Level 1:colcon.colcon_core.package_identification:_identify(AmazingHand-main/Demo/AHSimulation/AHSimulation/AH_Right/mjcf/assets) by extensions ['cmake', 'python']
[0.303s] Level 1:colcon.colcon_core.package_identification:_identify(AmazingHand-main/Demo/AHSimulation/AHSimulation/AH_Right/mjcf/assets) by extension 'cmake'
[0.303s] Level 1:colcon.colcon_core.package_identification:_identify(AmazingHand-main/Demo/AHSimulation/AHSimulation/AH_Right/mjcf/assets) by extension 'python'
[0.303s] Level 1:colcon.colcon_core.package_identification:_identify(AmazingHand-main/Demo/AHSimulation/AHSimulation/AH_Right/mjcf/assets) by extensions ['python_setup_py']
[0.303s] Level 1:colcon.colcon_core.package_identification:_identify(AmazingHand-main/Demo/AHSimulation/AHSimulation/AH_Right/mjcf/assets) by extension 'python_setup_py'
[0.304s] Level 1:colcon.colcon_core.package_identification:_identify(AmazingHand-main/Demo/AHSimulation/examples) by extensions ['ignore', 'ignore_ament_install']
[0.304s] Level 1:colcon.colcon_core.package_identification:_identify(AmazingHand-main/Demo/AHSimulation/examples) by extension 'ignore'
[0.304s] Level 1:colcon.colcon_core.package_identification:_identify(AmazingHand-main/Demo/AHSimulation/examples) by extension 'ignore_ament_install'
[0.304s] Level 1:colcon.colcon_core.package_identification:_identify(AmazingHand-main/Demo/AHSimulation/examples) by extensions ['colcon_pkg']
[0.304s] Level 1:colcon.colcon_core.package_identification:_identify(AmazingHand-main/Demo/AHSimulation/examples) by extension 'colcon_pkg'
[0.304s] Level 1:colcon.colcon_core.package_identification:_identify(AmazingHand-main/Demo/AHSimulation/examples) by extensions ['colcon_meta']
[0.304s] Level 1:colcon.colcon_core.package_identification:_identify(AmazingHand-main/Demo/AHSimulation/examples) by extension 'colcon_meta'
[0.304s] Level 1:colcon.colcon_core.package_identification:_identify(AmazingHand-main/Demo/AHSimulation/examples) by extensions ['ros']
[0.304s] Level 1:colcon.colcon_core.package_identification:_identify(AmazingHand-main/Demo/AHSimulation/examples) by extension 'ros'
[0.304s] Level 1:colcon.colcon_core.package_identification:_identify(AmazingHand-main/Demo/AHSimulation/examples) by extensions ['cmake', 'python']
[0.304s] Level 1:colcon.colcon_core.package_identification:_identify(AmazingHand-main/Demo/AHSimulation/examples) by extension 'cmake'
[0.304s] Level 1:colcon.colcon_core.package_identification:_identify(AmazingHand-main/Demo/AHSimulation/examples) by extension 'python'
[0.305s] Level 1:colcon.colcon_core.package_identification:_identify(AmazingHand-main/Demo/AHSimulation/examples) by extensions ['python_setup_py']
[0.305s] Level 1:colcon.colcon_core.package_identification:_identify(AmazingHand-main/Demo/AHSimulation/examples) by extension 'python_setup_py'
[0.305s] Level 1:colcon.colcon_core.package_identification:_identify(AmazingHand-main/Demo/HandTracking) by extensions ['ignore', 'ignore_ament_install']
[0.305s] Level 1:colcon.colcon_core.package_identification:_identify(AmazingHand-main/Demo/HandTracking) by extension 'ignore'
[0.305s] Level 1:colcon.colcon_core.package_identification:_identify(AmazingHand-main/Demo/HandTracking) by extension 'ignore_ament_install'
[0.305s] Level 1:colcon.colcon_core.package_identification:_identify(AmazingHand-main/Demo/HandTracking) by extensions ['colcon_pkg']
[0.305s] Level 1:colcon.colcon_core.package_identification:_identify(AmazingHand-main/Demo/HandTracking) by extension 'colcon_pkg'
[0.305s] Level 1:colcon.colcon_core.package_identification:_identify(AmazingHand-main/Demo/HandTracking) by extensions ['colcon_meta']
[0.305s] Level 1:colcon.colcon_core.package_identification:_identify(AmazingHand-main/Demo/HandTracking) by extension 'colcon_meta'
[0.305s] Level 1:colcon.colcon_core.package_identification:_identify(AmazingHand-main/Demo/HandTracking) by extensions ['ros']
[0.305s] Level 1:colcon.colcon_core.package_identification:_identify(AmazingHand-main/Demo/HandTracking) by extension 'ros'
[0.305s] Level 1:colcon.colcon_core.package_identification:_identify(AmazingHand-main/Demo/HandTracking) by extensions ['cmake', 'python']
[0.305s] Level 1:colcon.colcon_core.package_identification:_identify(AmazingHand-main/Demo/HandTracking) by extension 'cmake'
[0.305s] Level 1:colcon.colcon_core.package_identification:_identify(AmazingHand-main/Demo/HandTracking) by extension 'python'
[0.305s] Level 1:colcon.colcon_core.package_identification:_identify(AmazingHand-main/Demo/HandTracking) by extensions ['python_setup_py']
[0.305s] Level 1:colcon.colcon_core.package_identification:_identify(AmazingHand-main/Demo/HandTracking) by extension 'python_setup_py'
[0.305s] Level 1:colcon.colcon_core.package_identification:_identify(AmazingHand-main/Demo/HandTracking/HandTracking) by extensions ['ignore', 'ignore_ament_install']
[0.305s] Level 1:colcon.colcon_core.package_identification:_identify(AmazingHand-main/Demo/HandTracking/HandTracking) by extension 'ignore'
[0.305s] Level 1:colcon.colcon_core.package_identification:_identify(AmazingHand-main/Demo/HandTracking/HandTracking) by extension 'ignore_ament_install'
[0.306s] Level 1:colcon.colcon_core.package_identification:_identify(AmazingHand-main/Demo/HandTracking/HandTracking) by extensions ['colcon_pkg']
[0.306s] Level 1:colcon.colcon_core.package_identification:_identify(AmazingHand-main/Demo/HandTracking/HandTracking) by extension 'colcon_pkg'
[0.306s] Level 1:colcon.colcon_core.package_identification:_identify(AmazingHand-main/Demo/HandTracking/HandTracking) by extensions ['colcon_meta']
[0.306s] Level 1:colcon.colcon_core.package_identification:_identify(AmazingHand-main/Demo/HandTracking/HandTracking) by extension 'colcon_meta'
[0.306s] Level 1:colcon.colcon_core.package_identification:_identify(AmazingHand-main/Demo/HandTracking/HandTracking) by extensions ['ros']
[0.306s] Level 1:colcon.colcon_core.package_identification:_identify(AmazingHand-main/Demo/HandTracking/HandTracking) by extension 'ros'
[0.306s] Level 1:colcon.colcon_core.package_identification:_identify(AmazingHand-main/Demo/HandTracking/HandTracking) by extensions ['cmake', 'python']
[0.306s] Level 1:colcon.colcon_core.package_identification:_identify(AmazingHand-main/Demo/HandTracking/HandTracking) by extension 'cmake'
[0.306s] Level 1:colcon.colcon_core.package_identification:_identify(AmazingHand-main/Demo/HandTracking/HandTracking) by extension 'python'
[0.306s] Level 1:colcon.colcon_core.package_identification:_identify(AmazingHand-main/Demo/HandTracking/HandTracking) by extensions ['python_setup_py']
[0.306s] Level 1:colcon.colcon_core.package_identification:_identify(AmazingHand-main/Demo/HandTracking/HandTracking) by extension 'python_setup_py'
[0.306s] Level 1:colcon.colcon_core.package_identification:_identify(AmazingHand-main/Demo/docs) by extensions ['ignore', 'ignore_ament_install']
[0.306s] Level 1:colcon.colcon_core.package_identification:_identify(AmazingHand-main/Demo/docs) by extension 'ignore'
[0.306s] Level 1:colcon.colcon_core.package_identification:_identify(AmazingHand-main/Demo/docs) by extension 'ignore_ament_install'
[0.306s] Level 1:colcon.colcon_core.package_identification:_identify(AmazingHand-main/Demo/docs) by extensions ['colcon_pkg']
[0.306s] Level 1:colcon.colcon_core.package_identification:_identify(AmazingHand-main/Demo/docs) by extension 'colcon_pkg'
[0.306s] Level 1:colcon.colcon_core.package_identification:_identify(AmazingHand-main/Demo/docs) by extensions ['colcon_meta']
[0.306s] Level 1:colcon.colcon_core.package_identification:_identify(AmazingHand-main/Demo/docs) by extension 'colcon_meta'
[0.306s] Level 1:colcon.colcon_core.package_identification:_identify(AmazingHand-main/Demo/docs) by extensions ['ros']
[0.306s] Level 1:colcon.colcon_core.package_identification:_identify(AmazingHand-main/Demo/docs) by extension 'ros'
[0.306s] Level 1:colcon.colcon_core.package_identification:_identify(AmazingHand-main/Demo/docs) by extensions ['cmake', 'python']
[0.306s] Level 1:colcon.colcon_core.package_identification:_identify(AmazingHand-main/Demo/docs) by extension 'cmake'
[0.307s] Level 1:colcon.colcon_core.package_identification:_identify(AmazingHand-main/Demo/docs) by extension 'python'
[0.307s] Level 1:colcon.colcon_core.package_identification:_identify(AmazingHand-main/Demo/docs) by extensions ['python_setup_py']
[0.307s] Level 1:colcon.colcon_core.package_identification:_identify(AmazingHand-main/Demo/docs) by extension 'python_setup_py'
[0.307s] Level 1:colcon.colcon_core.package_identification:_identify(AmazingHand-main/PythonExample) by extensions ['ignore', 'ignore_ament_install']
[0.307s] Level 1:colcon.colcon_core.package_identification:_identify(AmazingHand-main/PythonExample) by extension 'ignore'
[0.307s] Level 1:colcon.colcon_core.package_identification:_identify(AmazingHand-main/PythonExample) by extension 'ignore_ament_install'
[0.307s] Level 1:colcon.colcon_core.package_identification:_identify(AmazingHand-main/PythonExample) by extensions ['colcon_pkg']
[0.307s] Level 1:colcon.colcon_core.package_identification:_identify(AmazingHand-main/PythonExample) by extension 'colcon_pkg'
[0.307s] Level 1:colcon.colcon_core.package_identification:_identify(AmazingHand-main/PythonExample) by extensions ['colcon_meta']
[0.307s] Level 1:colcon.colcon_core.package_identification:_identify(AmazingHand-main/PythonExample) by extension 'colcon_meta'
[0.307s] Level 1:colcon.colcon_core.package_identification:_identify(AmazingHand-main/PythonExample) by extensions ['ros']
[0.307s] Level 1:colcon.colcon_core.package_identification:_identify(AmazingHand-main/PythonExample) by extension 'ros'
[0.307s] Level 1:colcon.colcon_core.package_identification:_identify(AmazingHand-main/PythonExample) by extensions ['cmake', 'python']
[0.307s] Level 1:colcon.colcon_core.package_identification:_identify(AmazingHand-main/PythonExample) by extension 'cmake'
[0.307s] Level 1:colcon.colcon_core.package_identification:_identify(AmazingHand-main/PythonExample) by extension 'python'
[0.307s] Level 1:colcon.colcon_core.package_identification:_identify(AmazingHand-main/PythonExample) by extensions ['python_setup_py']
[0.307s] Level 1:colcon.colcon_core.package_identification:_identify(AmazingHand-main/PythonExample) by extension 'python_setup_py'
[0.307s] Level 1:colcon.colcon_core.package_identification:_identify(AmazingHand-main/assets) by extensions ['ignore', 'ignore_ament_install']
[0.307s] Level 1:colcon.colcon_core.package_identification:_identify(AmazingHand-main/assets) by extension 'ignore'
[0.307s] Level 1:colcon.colcon_core.package_identification:_identify(AmazingHand-main/assets) by extension 'ignore_ament_install'
[0.308s] Level 1:colcon.colcon_core.package_identification:_identify(AmazingHand-main/assets) by extensions ['colcon_pkg']
[0.308s] Level 1:colcon.colcon_core.package_identification:_identify(AmazingHand-main/assets) by extension 'colcon_pkg'
[0.308s] Level 1:colcon.colcon_core.package_identification:_identify(AmazingHand-main/assets) by extensions ['colcon_meta']
[0.308s] Level 1:colcon.colcon_core.package_identification:_identify(AmazingHand-main/assets) by extension 'colcon_meta'
[0.308s] Level 1:colcon.colcon_core.package_identification:_identify(AmazingHand-main/assets) by extensions ['ros']
[0.308s] Level 1:colcon.colcon_core.package_identification:_identify(AmazingHand-main/assets) by extension 'ros'
[0.308s] Level 1:colcon.colcon_core.package_identification:_identify(AmazingHand-main/assets) by extensions ['cmake', 'python']
[0.308s] Level 1:colcon.colcon_core.package_identification:_identify(AmazingHand-main/assets) by extension 'cmake'
[0.308s] Level 1:colcon.colcon_core.package_identification:_identify(AmazingHand-main/assets) by extension 'python'
[0.308s] Level 1:colcon.colcon_core.package_identification:_identify(AmazingHand-main/assets) by extensions ['python_setup_py']
[0.308s] Level 1:colcon.colcon_core.package_identification:_identify(AmazingHand-main/assets) by extension 'python_setup_py'
[0.308s] Level 1:colcon.colcon_core.package_identification:_identify(AmazingHand-main/cad) by extensions ['ignore', 'ignore_ament_install']
[0.308s] Level 1:colcon.colcon_core.package_identification:_identify(AmazingHand-main/cad) by extension 'ignore'
[0.308s] Level 1:colcon.colcon_core.package_identification:_identify(AmazingHand-main/cad) by extension 'ignore_ament_install'
[0.308s] Level 1:colcon.colcon_core.package_identification:_identify(AmazingHand-main/cad) by extensions ['colcon_pkg']
[0.308s] Level 1:colcon.colcon_core.package_identification:_identify(AmazingHand-main/cad) by extension 'colcon_pkg'
[0.308s] Level 1:colcon.colcon_core.package_identification:_identify(AmazingHand-main/cad) by extensions ['colcon_meta']
[0.308s] Level 1:colcon.colcon_core.package_identification:_identify(AmazingHand-main/cad) by extension 'colcon_meta'
[0.308s] Level 1:colcon.colcon_core.package_identification:_identify(AmazingHand-main/cad) by extensions ['ros']
[0.308s] Level 1:colcon.colcon_core.package_identification:_identify(AmazingHand-main/cad) by extension 'ros'
[0.308s] Level 1:colcon.colcon_core.package_identification:_identify(AmazingHand-main/cad) by extensions ['cmake', 'python']
[0.308s] Level 1:colcon.colcon_core.package_identification:_identify(AmazingHand-main/cad) by extension 'cmake'
[0.308s] Level 1:colcon.colcon_core.package_identification:_identify(AmazingHand-main/cad) by extension 'python'
[0.308s] Level 1:colcon.colcon_core.package_identification:_identify(AmazingHand-main/cad) by extensions ['python_setup_py']
[0.308s] Level 1:colcon.colcon_core.package_identification:_identify(AmazingHand-main/cad) by extension 'python_setup_py'
[0.309s] Level 1:colcon.colcon_core.package_identification:_identify(AmazingHand-main/cad/step) by extensions ['ignore', 'ignore_ament_install']
[0.309s] Level 1:colcon.colcon_core.package_identification:_identify(AmazingHand-main/cad/step) by extension 'ignore'
[0.309s] Level 1:colcon.colcon_core.package_identification:_identify(AmazingHand-main/cad/step) by extension 'ignore_ament_install'
[0.309s] Level 1:colcon.colcon_core.package_identification:_identify(AmazingHand-main/cad/step) by extensions ['colcon_pkg']
[0.309s] Level 1:colcon.colcon_core.package_identification:_identify(AmazingHand-main/cad/step) by extension 'colcon_pkg'
[0.309s] Level 1:colcon.colcon_core.package_identification:_identify(AmazingHand-main/cad/step) by extensions ['colcon_meta']
[0.309s] Level 1:colcon.colcon_core.package_identification:_identify(AmazingHand-main/cad/step) by extension 'colcon_meta'
[0.309s] Level 1:colcon.colcon_core.package_identification:_identify(AmazingHand-main/cad/step) by extensions ['ros']
[0.309s] Level 1:colcon.colcon_core.package_identification:_identify(AmazingHand-main/cad/step) by extension 'ros'
[0.309s] Level 1:colcon.colcon_core.package_identification:_identify(AmazingHand-main/cad/step) by extensions ['cmake', 'python']
[0.309s] Level 1:colcon.colcon_core.package_identification:_identify(AmazingHand-main/cad/step) by extension 'cmake'
[0.309s] Level 1:colcon.colcon_core.package_identification:_identify(AmazingHand-main/cad/step) by extension 'python'
[0.309s] Level 1:colcon.colcon_core.package_identification:_identify(AmazingHand-main/cad/step) by extensions ['python_setup_py']
[0.309s] Level 1:colcon.colcon_core.package_identification:_identify(AmazingHand-main/cad/step) by extension 'python_setup_py'
[0.309s] Level 1:colcon.colcon_core.package_identification:_identify(AmazingHand-main/cad/stl) by extensions ['ignore', 'ignore_ament_install']
[0.309s] Level 1:colcon.colcon_core.package_identification:_identify(AmazingHand-main/cad/stl) by extension 'ignore'
[0.309s] Level 1:colcon.colcon_core.package_identification:_identify(AmazingHand-main/cad/stl) by extension 'ignore_ament_install'
[0.309s] Level 1:colcon.colcon_core.package_identification:_identify(AmazingHand-main/cad/stl) by extensions ['colcon_pkg']
[0.309s] Level 1:colcon.colcon_core.package_identification:_identify(AmazingHand-main/cad/stl) by extension 'colcon_pkg'
[0.310s] Level 1:colcon.colcon_core.package_identification:_identify(AmazingHand-main/cad/stl) by extensions ['colcon_meta']
[0.310s] Level 1:colcon.colcon_core.package_identification:_identify(AmazingHand-main/cad/stl) by extension 'colcon_meta'
[0.310s] Level 1:colcon.colcon_core.package_identification:_identify(AmazingHand-main/cad/stl) by extensions ['ros']
[0.310s] Level 1:colcon.colcon_core.package_identification:_identify(AmazingHand-main/cad/stl) by extension 'ros'
[0.310s] Level 1:colcon.colcon_core.package_identification:_identify(AmazingHand-main/cad/stl) by extensions ['cmake', 'python']
[0.310s] Level 1:colcon.colcon_core.package_identification:_identify(AmazingHand-main/cad/stl) by extension 'cmake'
[0.310s] Level 1:colcon.colcon_core.package_identification:_identify(AmazingHand-main/cad/stl) by extension 'python'
[0.310s] Level 1:colcon.colcon_core.package_identification:_identify(AmazingHand-main/cad/stl) by extensions ['python_setup_py']
[0.310s] Level 1:colcon.colcon_core.package_identification:_identify(AmazingHand-main/cad/stl) by extension 'python_setup_py'
[0.310s] Level 1:colcon.colcon_core.package_identification:_identify(AmazingHand-main/docs) by extensions ['ignore', 'ignore_ament_install']
[0.310s] Level 1:colcon.colcon_core.package_identification:_identify(AmazingHand-main/docs) by extension 'ignore'
[0.310s] Level 1:colcon.colcon_core.package_identification:_identify(AmazingHand-main/docs) by extension 'ignore_ament_install'
[0.310s] Level 1:colcon.colcon_core.package_identification:_identify(AmazingHand-main/docs) by extensions ['colcon_pkg']
[0.310s] Level 1:colcon.colcon_core.package_identification:_identify(AmazingHand-main/docs) by extension 'colcon_pkg'
[0.310s] Level 1:colcon.colcon_core.package_identification:_identify(AmazingHand-main/docs) by extensions ['colcon_meta']
[0.310s] Level 1:colcon.colcon_core.package_identification:_identify(AmazingHand-main/docs) by extension 'colcon_meta'
[0.310s] Level 1:colcon.colcon_core.package_identification:_identify(AmazingHand-main/docs) by extensions ['ros']
[0.310s] Level 1:colcon.colcon_core.package_identification:_identify(AmazingHand-main/docs) by extension 'ros'
[0.310s] Level 1:colcon.colcon_core.package_identification:_identify(AmazingHand-main/docs) by extensions ['cmake', 'python']
[0.311s] Level 1:colcon.colcon_core.package_identification:_identify(AmazingHand-main/docs) by extension 'cmake'
[0.311s] Level 1:colcon.colcon_core.package_identification:_identify(AmazingHand-main/docs) by extension 'python'
[0.311s] Level 1:colcon.colcon_core.package_identification:_identify(AmazingHand-main/docs) by extensions ['python_setup_py']
[0.311s] Level 1:colcon.colcon_core.package_identification:_identify(AmazingHand-main/docs) by extension 'python_setup_py'
[0.311s] Level 1:colcon.colcon_core.package_identification:_identify(build) by extensions ['ignore', 'ignore_ament_install']
[0.311s] Level 1:colcon.colcon_core.package_identification:_identify(build) by extension 'ignore'
[0.311s] Level 1:colcon.colcon_core.package_identification:_identify(build) ignored
[0.311s] Level 1:colcon.colcon_core.package_identification:_identify(install) by extensions ['ignore', 'ignore_ament_install']
[0.311s] Level 1:colcon.colcon_core.package_identification:_identify(install) by extension 'ignore'
[0.311s] Level 1:colcon.colcon_core.package_identification:_identify(install) ignored
[0.311s] Level 1:colcon.colcon_core.package_identification:_identify(log) by extensions ['ignore', 'ignore_ament_install']
[0.311s] Level 1:colcon.colcon_core.package_identification:_identify(log) by extension 'ignore'
[0.311s] Level 1:colcon.colcon_core.package_identification:_identify(log) ignored
[0.311s] Level 1:colcon.colcon_core.package_identification:_identify(src) by extensions ['ignore', 'ignore_ament_install']
[0.312s] Level 1:colcon.colcon_core.package_identification:_identify(src) by extension 'ignore'
[0.312s] Level 1:colcon.colcon_core.package_identification:_identify(src) by extension 'ignore_ament_install'
[0.312s] Level 1:colcon.colcon_core.package_identification:_identify(src) by extensions ['colcon_pkg']
[0.312s] Level 1:colcon.colcon_core.package_identification:_identify(src) by extension 'colcon_pkg'
[0.312s] Level 1:colcon.colcon_core.package_identification:_identify(src) by extensions ['colcon_meta']
[0.312s] Level 1:colcon.colcon_core.package_identification:_identify(src) by extension 'colcon_meta'
[0.312s] Level 1:colcon.colcon_core.package_identification:_identify(src) by extensions ['ros']
[0.312s] Level 1:colcon.colcon_core.package_identification:_identify(src) by extension 'ros'
[0.312s] Level 1:colcon.colcon_core.package_identification:_identify(src) by extensions ['cmake', 'python']
[0.312s] Level 1:colcon.colcon_core.package_identification:_identify(src) by extension 'cmake'
[0.312s] Level 1:colcon.colcon_core.package_identification:_identify(src) by extension 'python'
[0.312s] Level 1:colcon.colcon_core.package_identification:_identify(src) by extensions ['python_setup_py']
[0.312s] Level 1:colcon.colcon_core.package_identification:_identify(src) by extension 'python_setup_py'
[0.312s] Level 1:colcon.colcon_core.package_identification:_identify(src/ah_bot_dashboard) by extensions ['ignore', 'ignore_ament_install']
[0.312s] Level 1:colcon.colcon_core.package_identification:_identify(src/ah_bot_dashboard) by extension 'ignore'
[0.312s] Level 1:colcon.colcon_core.package_identification:_identify(src/ah_bot_dashboard) by extension 'ignore_ament_install'
[0.312s] Level 1:colcon.colcon_core.package_identification:_identify(src/ah_bot_dashboard) by extensions ['colcon_pkg']
[0.312s] Level 1:colcon.colcon_core.package_identification:_identify(src/ah_bot_dashboard) by extension 'colcon_pkg'
[0.312s] Level 1:colcon.colcon_core.package_identification:_identify(src/ah_bot_dashboard) by extensions ['colcon_meta']
[0.312s] Level 1:colcon.colcon_core.package_identification:_identify(src/ah_bot_dashboard) by extension 'colcon_meta'
[0.312s] Level 1:colcon.colcon_core.package_identification:_identify(src/ah_bot_dashboard) by extensions ['ros']
[0.312s] Level 1:colcon.colcon_core.package_identification:_identify(src/ah_bot_dashboard) by extension 'ros'
[0.315s] DEBUG:colcon.colcon_core.package_identification:Package 'src/ah_bot_dashboard' with type 'ros.ament_python' and name 'ah_bot_dashboard'
[0.315s] Level 1:colcon.colcon_core.package_identification:_identify(src/ah_bot_driver) by extensions ['ignore', 'ignore_ament_install']
[0.315s] Level 1:colcon.colcon_core.package_identification:_identify(src/ah_bot_driver) by extension 'ignore'
[0.315s] Level 1:colcon.colcon_core.package_identification:_identify(src/ah_bot_driver) by extension 'ignore_ament_install'
[0.316s] Level 1:colcon.colcon_core.package_identification:_identify(src/ah_bot_driver) by extensions ['colcon_pkg']
[0.316s] Level 1:colcon.colcon_core.package_identification:_identify(src/ah_bot_driver) by extension 'colcon_pkg'
[0.316s] Level 1:colcon.colcon_core.package_identification:_identify(src/ah_bot_driver) by extensions ['colcon_meta']
[0.316s] Level 1:colcon.colcon_core.package_identification:_identify(src/ah_bot_driver) by extension 'colcon_meta'
[0.316s] Level 1:colcon.colcon_core.package_identification:_identify(src/ah_bot_driver) by extensions ['ros']
[0.316s] Level 1:colcon.colcon_core.package_identification:_identify(src/ah_bot_driver) by extension 'ros'
[0.316s] DEBUG:colcon.colcon_core.package_identification:Package 'src/ah_bot_driver' with type 'ros.ament_python' and name 'ah_bot_driver'
[0.317s] Level 1:colcon.colcon_core.package_identification:_identify(src/ah_bot_mujoco) by extensions ['ignore', 'ignore_ament_install']
[0.317s] Level 1:colcon.colcon_core.package_identification:_identify(src/ah_bot_mujoco) by extension 'ignore'
[0.317s] Level 1:colcon.colcon_core.package_identification:_identify(src/ah_bot_mujoco) by extension 'ignore_ament_install'
[0.317s] Level 1:colcon.colcon_core.package_identification:_identify(src/ah_bot_mujoco) by extensions ['colcon_pkg']
[0.317s] Level 1:colcon.colcon_core.package_identification:_identify(src/ah_bot_mujoco) by extension 'colcon_pkg'
[0.317s] Level 1:colcon.colcon_core.package_identification:_identify(src/ah_bot_mujoco) by extensions ['colcon_meta']
[0.317s] Level 1:colcon.colcon_core.package_identification:_identify(src/ah_bot_mujoco) by extension 'colcon_meta'
[0.317s] Level 1:colcon.colcon_core.package_identification:_identify(src/ah_bot_mujoco) by extensions ['ros']
[0.317s] Level 1:colcon.colcon_core.package_identification:_identify(src/ah_bot_mujoco) by extension 'ros'
[0.318s] DEBUG:colcon.colcon_core.package_identification:Package 'src/ah_bot_mujoco' with type 'ros.ament_python' and name 'ah_bot_mujoco'
[0.318s] Level 1:colcon.colcon_core.package_discovery:discover_packages(recursive) using defaults
[0.318s] Level 1:colcon.colcon_core.package_discovery:discover_packages(ignore) discover
[0.318s] Level 1:colcon.colcon_core.package_discovery:discover_packages(ignore) using defaults
[0.318s] Level 1:colcon.colcon_core.package_discovery:discover_packages(path) discover
[0.318s] Level 1:colcon.colcon_core.package_discovery:discover_packages(path) using defaults
[0.343s] Level 5:colcon.colcon_core.verb:set package 'ah_bot_dashboard' build argument 'cmake_args' from command line to 'None'
[0.343s] Level 5:colcon.colcon_core.verb:set package 'ah_bot_dashboard' build argument 'cmake_target' from command line to 'None'
[0.343s] Level 5:colcon.colcon_core.verb:set package 'ah_bot_dashboard' build argument 'cmake_target_skip_unavailable' from command line to 'False'
[0.343s] Level 5:colcon.colcon_core.verb:set package 'ah_bot_dashboard' build argument 'cmake_clean_cache' from command line to 'False'
[0.343s] Level 5:colcon.colcon_core.verb:set package 'ah_bot_dashboard' build argument 'cmake_clean_first' from command line to 'False'
[0.343s] Level 5:colcon.colcon_core.verb:set package 'ah_bot_dashboard' build argument 'cmake_force_configure' from command line to 'False'
[0.343s] Level 5:colcon.colcon_core.verb:set package 'ah_bot_dashboard' build argument 'ament_cmake_args' from command line to 'None'
[0.343s] Level 5:colcon.colcon_core.verb:set package 'ah_bot_dashboard' build argument 'catkin_cmake_args' from command line to 'None'
[0.343s] Level 5:colcon.colcon_core.verb:set package 'ah_bot_dashboard' build argument 'catkin_skip_building_tests' from command line to 'False'
[0.343s] DEBUG:colcon.colcon_core.verb:Building package 'ah_bot_dashboard' with the following arguments: {'ament_cmake_args': None, 'build_base': '/home/user/robot_ws/build/ah_bot_dashboard', 'catkin_cmake_args': None, 'catkin_skip_building_tests': False, 'cmake_args': None, 'cmake_clean_cache': False, 'cmake_clean_first': False, 'cmake_force_configure': False, 'cmake_target': None, 'cmake_target_skip_unavailable': False, 'install_base': '/home/user/robot_ws/install/ah_bot_dashboard', 'merge_install': False, 'path': '/home/user/robot_ws/src/ah_bot_dashboard', 'symlink_install': True, 'test_result_base': None}
[0.344s] Level 5:colcon.colcon_core.verb:set package 'ah_bot_driver' build argument 'cmake_args' from command line to 'None'
[0.344s] Level 5:colcon.colcon_core.verb:set package 'ah_bot_driver' build argument 'cmake_target' from command line to 'None'
[0.344s] Level 5:colcon.colcon_core.verb:set package 'ah_bot_driver' build argument 'cmake_target_skip_unavailable' from command line to 'False'
[0.344s] Level 5:colcon.colcon_core.verb:set package 'ah_bot_driver' build argument 'cmake_clean_cache' from command line to 'False'
[0.344s] Level 5:colcon.colcon_core.verb:set package 'ah_bot_driver' build argument 'cmake_clean_first' from command line to 'False'
[0.344s] Level 5:colcon.colcon_core.verb:set package 'ah_bot_driver' build argument 'cmake_force_configure' from command line to 'False'
[0.344s] Level 5:colcon.colcon_core.verb:set package 'ah_bot_driver' build argument 'ament_cmake_args' from command line to 'None'
[0.344s] Level 5:colcon.colcon_core.verb:set package 'ah_bot_driver' build argument 'catkin_cmake_args' from command line to 'None'
[0.344s] Level 5:colcon.colcon_core.verb:set package 'ah_bot_driver' build argument 'catkin_skip_building_tests' from command line to 'False'
[0.344s] DEBUG:colcon.colcon_core.verb:Building package 'ah_bot_driver' with the following arguments: {'ament_cmake_args': None, 'build_base': '/home/user/robot_ws/build/ah_bot_driver', 'catkin_cmake_args': None, 'catkin_skip_building_tests': False, 'cmake_args': None, 'cmake_clean_cache': False, 'cmake_clean_first': False, 'cmake_force_configure': False, 'cmake_target': None, 'cmake_target_skip_unavailable': False, 'install_base': '/home/user/robot_ws/install/ah_bot_driver', 'merge_install': False, 'path': '/home/user/robot_ws/src/ah_bot_driver', 'symlink_install': True, 'test_result_base': None}
[0.344s] Level 5:colcon.colcon_core.verb:set package 'ah_bot_mujoco' build argument 'cmake_args' from command line to 'None'
[0.344s] Level 5:colcon.colcon_core.verb:set package 'ah_bot_mujoco' build argument 'cmake_target' from command line to 'None'
[0.344s] Level 5:colcon.colcon_core.verb:set package 'ah_bot_mujoco' build argument 'cmake_target_skip_unavailable' from command line to 'False'
[0.344s] Level 5:colcon.colcon_core.verb:set package 'ah_bot_mujoco' build argument 'cmake_clean_cache' from command line to 'False'
[0.344s] Level 5:colcon.colcon_core.verb:set package 'ah_bot_mujoco' build argument 'cmake_clean_first' from command line to 'False'
[0.344s] Level 5:colcon.colcon_core.verb:set package 'ah_bot_mujoco' build argument 'cmake_force_configure' from command line to 'False'
[0.345s] Level 5:colcon.colcon_core.verb:set package 'ah_bot_mujoco' build argument 'ament_cmake_args' from command line to 'None'
[0.345s] Level 5:colcon.colcon_core.verb:set package 'ah_bot_mujoco' build argument 'catkin_cmake_args' from command line to 'None'
[0.345s] Level 5:colcon.colcon_core.verb:set package 'ah_bot_mujoco' build argument 'catkin_skip_building_tests' from command line to 'False'
[0.345s] DEBUG:colcon.colcon_core.verb:Building package 'ah_bot_mujoco' with the following arguments: {'ament_cmake_args': None, 'build_base': '/home/user/robot_ws/build/ah_bot_mujoco', 'catkin_cmake_args': None, 'catkin_skip_building_tests': False, 'cmake_args': None, 'cmake_clean_cache': False, 'cmake_clean_first': False, 'cmake_force_configure': False, 'cmake_target': None, 'cmake_target_skip_unavailable': False, 'install_base': '/home/user/robot_ws/install/ah_bot_mujoco', 'merge_install': False, 'path': '/home/user/robot_ws/src/ah_bot_mujoco', 'symlink_install': True, 'test_result_base': None}
[0.345s] INFO:colcon.colcon_core.executor:Executing jobs using 'parallel' executor
[0.346s] DEBUG:colcon.colcon_parallel_executor.executor.parallel:run_until_complete
[0.347s] INFO:colcon.colcon_ros.task.ament_python.build:Building ROS package in '/home/user/robot_ws/src/ah_bot_dashboard' with build type 'ament_python'
[0.347s] Level 1:colcon.colcon_core.shell:create_environment_hook('ah_bot_dashboard', 'ament_prefix_path')
[0.350s] INFO:colcon.colcon_core.plugin_system:Skipping extension 'colcon_core.shell.bat': Not used on non-Windows systems
[0.350s] INFO:colcon.colcon_core.shell:Creating environment hook '/home/user/robot_ws/install/ah_bot_dashboard/share/ah_bot_dashboard/hook/ament_prefix_path.ps1'
[0.352s] INFO:colcon.colcon_core.shell:Creating environment descriptor '/home/user/robot_ws/install/ah_bot_dashboard/share/ah_bot_dashboard/hook/ament_prefix_path.dsv'
[0.352s] INFO:colcon.colcon_core.shell:Creating environment hook '/home/user/robot_ws/install/ah_bot_dashboard/share/ah_bot_dashboard/hook/ament_prefix_path.sh'
[0.354s] INFO:colcon.colcon_core.shell:Skip shell extension 'powershell' for command environment: Not usable outside of PowerShell
[0.354s] DEBUG:colcon.colcon_core.shell:Skip shell extension 'dsv' for command environment
[0.360s] INFO:colcon.colcon_ros.task.ament_python.build:Building ROS package in '/home/user/robot_ws/src/ah_bot_driver' with build type 'ament_python'
[0.360s] Level 1:colcon.colcon_core.shell:create_environment_hook('ah_bot_driver', 'ament_prefix_path')
[0.360s] INFO:colcon.colcon_core.shell:Creating environment hook '/home/user/robot_ws/install/ah_bot_driver/share/ah_bot_driver/hook/ament_prefix_path.ps1'
[0.361s] INFO:colcon.colcon_core.shell:Creating environment descriptor '/home/user/robot_ws/install/ah_bot_driver/share/ah_bot_driver/hook/ament_prefix_path.dsv'
[0.362s] INFO:colcon.colcon_core.shell:Creating environment hook '/home/user/robot_ws/install/ah_bot_driver/share/ah_bot_driver/hook/ament_prefix_path.sh'
[0.362s] INFO:colcon.colcon_core.shell:Skip shell extension 'powershell' for command environment: Not usable outside of PowerShell
[0.362s] DEBUG:colcon.colcon_core.shell:Skip shell extension 'dsv' for command environment
[0.365s] INFO:colcon.colcon_ros.task.ament_python.build:Building ROS package in '/home/user/robot_ws/src/ah_bot_mujoco' with build type 'ament_python'
[0.365s] Level 1:colcon.colcon_core.shell:create_environment_hook('ah_bot_mujoco', 'ament_prefix_path')
[0.365s] INFO:colcon.colcon_core.shell:Creating environment hook '/home/user/robot_ws/install/ah_bot_mujoco/share/ah_bot_mujoco/hook/ament_prefix_path.ps1'
[0.366s] INFO:colcon.colcon_core.shell:Creating environment descriptor '/home/user/robot_ws/install/ah_bot_mujoco/share/ah_bot_mujoco/hook/ament_prefix_path.dsv'
[0.366s] INFO:colcon.colcon_core.shell:Creating environment hook '/home/user/robot_ws/install/ah_bot_mujoco/share/ah_bot_mujoco/hook/ament_prefix_path.sh'
[0.367s] INFO:colcon.colcon_core.shell:Skip shell extension 'powershell' for command environment: Not usable outside of PowerShell
[0.367s] DEBUG:colcon.colcon_core.shell:Skip shell extension 'dsv' for command environment
[0.676s] INFO:colcon.colcon_core.task.python.build:Building Python package in '/home/user/robot_ws/src/ah_bot_dashboard'
[0.676s] INFO:colcon.colcon_core.shell:Skip shell extension 'powershell' for command environment: Not usable outside of PowerShell
[0.676s] DEBUG:colcon.colcon_core.shell:Skip shell extension 'dsv' for command environment
[0.956s] INFO:colcon.colcon_core.task.python.build:Building Python package in '/home/user/robot_ws/src/ah_bot_driver'
[0.956s] INFO:colcon.colcon_core.shell:Skip shell extension 'powershell' for command environment: Not usable outside of PowerShell
[0.956s] DEBUG:colcon.colcon_core.shell:Skip shell extension 'dsv' for command environment
[1.319s] INFO:colcon.colcon_core.task.python.build:Building Python package in '/home/user/robot_ws/src/ah_bot_mujoco'
[1.320s] INFO:colcon.colcon_core.shell:Skip shell extension 'powershell' for command environment: Not usable outside of PowerShell
[1.320s] DEBUG:colcon.colcon_core.shell:Skip shell extension 'dsv' for command environment
[1.693s] DEBUG:colcon.colcon_core.event_handler.log_command:Invoking command in '/home/user/robot_ws/build/ah_bot_driver': PYTHONPATH=/home/user/robot_ws/build/ah_bot_driver/prefix_override:/usr/lib/python3/dist-packages/colcon_core/task/python/colcon_distutils_commands:/home/user/robot_ws/install/ah_bot_driver/lib/python3.10/site-packages:${PYTHONPATH} /usr/bin/python3 -W ignore:setup.py install is deprecated -W ignore:easy_install command is deprecated setup.py develop --editable --build-directory /home/user/robot_ws/build/ah_bot_driver/build --no-deps symlink_data
[1.698s] DEBUG:colcon.colcon_core.event_handler.log_command:Invoking command in '/home/user/robot_ws/build/ah_bot_dashboard': PYTHONPATH=/home/user/robot_ws/build/ah_bot_dashboard/prefix_override:/usr/lib/python3/dist-packages/colcon_core/task/python/colcon_distutils_commands:/home/user/robot_ws/install/ah_bot_dashboard/lib/python3.10/site-packages:${PYTHONPATH} /usr/bin/python3 -W ignore:setup.py install is deprecated -W ignore:easy_install command is deprecated setup.py develop --editable --build-directory /home/user/robot_ws/build/ah_bot_dashboard/build --no-deps symlink_data
[1.721s] DEBUG:colcon.colcon_core.event_handler.log_command:Invoking command in '/home/user/robot_ws/build/ah_bot_mujoco': PYTHONPATH=/home/user/robot_ws/build/ah_bot_mujoco/prefix_override:/usr/lib/python3/dist-packages/colcon_core/task/python/colcon_distutils_commands:/home/user/robot_ws/install/ah_bot_mujoco/lib/python3.10/site-packages:${PYTHONPATH} /usr/bin/python3 -W ignore:setup.py install is deprecated -W ignore:easy_install command is deprecated setup.py develop --editable --build-directory /home/user/robot_ws/build/ah_bot_mujoco/build --no-deps symlink_data
[2.205s] Level 1:colcon.colcon_core.shell:create_environment_hook('ah_bot_driver', 'pythonpath_develop')
[2.205s] INFO:colcon.colcon_core.shell:Creating environment hook '/home/user/robot_ws/build/ah_bot_driver/share/ah_bot_driver/hook/pythonpath_develop.ps1'
[2.206s] DEBUG:colcon.colcon_core.event_handler.log_command:Invoked command in '/home/user/robot_ws/build/ah_bot_driver' returned '0': PYTHONPATH=/home/user/robot_ws/build/ah_bot_driver/prefix_override:/usr/lib/python3/dist-packages/colcon_core/task/python/colcon_distutils_commands:/home/user/robot_ws/install/ah_bot_driver/lib/python3.10/site-packages:${PYTHONPATH} /usr/bin/python3 -W ignore:setup.py install is deprecated -W ignore:easy_install command is deprecated setup.py develop --editable --build-directory /home/user/robot_ws/build/ah_bot_driver/build --no-deps symlink_data
[2.207s] INFO:colcon.colcon_core.shell:Creating environment descriptor '/home/user/robot_ws/build/ah_bot_driver/share/ah_bot_driver/hook/pythonpath_develop.dsv'
[2.207s] INFO:colcon.colcon_core.shell:Creating environment hook '/home/user/robot_ws/build/ah_bot_driver/share/ah_bot_driver/hook/pythonpath_develop.sh'
[2.211s] Level 1:colcon.colcon_core.environment:checking '/home/user/robot_ws/install/ah_bot_driver' for CMake module files
[2.211s] Level 1:colcon.colcon_core.environment:checking '/home/user/robot_ws/install/ah_bot_driver' for CMake config files
[2.212s] Level 1:colcon.colcon_core.environment:checking '/home/user/robot_ws/install/ah_bot_driver/lib'
[2.212s] Level 1:colcon.colcon_core.environment:checking '/home/user/robot_ws/install/ah_bot_driver/bin'
[2.212s] Level 1:colcon.colcon_core.environment:checking '/home/user/robot_ws/install/ah_bot_driver/lib/pkgconfig/ah_bot_driver.pc'
[2.213s] Level 1:colcon.colcon_core.environment:checking '/home/user/robot_ws/install/ah_bot_driver/lib/python3.10/site-packages'
[2.213s] Level 1:colcon.colcon_core.shell:create_environment_hook('ah_bot_driver', 'pythonpath')
[2.213s] INFO:colcon.colcon_core.shell:Creating environment hook '/home/user/robot_ws/install/ah_bot_driver/share/ah_bot_driver/hook/pythonpath.ps1'
[2.214s] INFO:colcon.colcon_core.shell:Creating environment descriptor '/home/user/robot_ws/install/ah_bot_driver/share/ah_bot_driver/hook/pythonpath.dsv'
[2.215s] INFO:colcon.colcon_core.shell:Creating environment hook '/home/user/robot_ws/install/ah_bot_driver/share/ah_bot_driver/hook/pythonpath.sh'
[2.217s] Level 1:colcon.colcon_core.environment:checking '/home/user/robot_ws/install/ah_bot_driver/bin'
[2.218s] Level 1:colcon.colcon_core.environment:create_environment_scripts_only(ah_bot_driver)
[2.218s] INFO:colcon.colcon_core.shell:Creating package script '/home/user/robot_ws/install/ah_bot_driver/share/ah_bot_driver/package.ps1'
[2.220s] INFO:colcon.colcon_core.shell:Creating package descriptor '/home/user/robot_ws/install/ah_bot_driver/share/ah_bot_driver/package.dsv'
[2.221s] INFO:colcon.colcon_core.shell:Creating package script '/home/user/robot_ws/install/ah_bot_driver/share/ah_bot_driver/package.sh'
[2.222s] INFO:colcon.colcon_core.shell:Creating package script '/home/user/robot_ws/install/ah_bot_driver/share/ah_bot_driver/package.bash'
[2.223s] INFO:colcon.colcon_core.shell:Creating package script '/home/user/robot_ws/install/ah_bot_driver/share/ah_bot_driver/package.zsh'
[2.223s] Level 1:colcon.colcon_core.environment:create_file_with_runtime_dependencies(/home/user/robot_ws/install/ah_bot_driver/share/colcon-core/packages/ah_bot_driver)
[2.225s] Level 1:colcon.colcon_core.shell:create_environment_hook('ah_bot_dashboard', 'pythonpath_develop')
[2.225s] INFO:colcon.colcon_core.shell:Creating environment hook '/home/user/robot_ws/build/ah_bot_dashboard/share/ah_bot_dashboard/hook/pythonpath_develop.ps1'
[2.225s] DEBUG:colcon.colcon_core.event_handler.log_command:Invoked command in '/home/user/robot_ws/build/ah_bot_dashboard' returned '0': PYTHONPATH=/home/user/robot_ws/build/ah_bot_dashboard/prefix_override:/usr/lib/python3/dist-packages/colcon_core/task/python/colcon_distutils_commands:/home/user/robot_ws/install/ah_bot_dashboard/lib/python3.10/site-packages:${PYTHONPATH} /usr/bin/python3 -W ignore:setup.py install is deprecated -W ignore:easy_install command is deprecated setup.py develop --editable --build-directory /home/user/robot_ws/build/ah_bot_dashboard/build --no-deps symlink_data
[2.226s] INFO:colcon.colcon_core.shell:Creating environment descriptor '/home/user/robot_ws/build/ah_bot_dashboard/share/ah_bot_dashboard/hook/pythonpath_develop.dsv'
[2.227s] INFO:colcon.colcon_core.shell:Creating environment hook '/home/user/robot_ws/build/ah_bot_dashboard/share/ah_bot_dashboard/hook/pythonpath_develop.sh'
[2.228s] Level 1:colcon.colcon_core.environment:checking '/home/user/robot_ws/install/ah_bot_dashboard' for CMake module files
[2.228s] Level 1:colcon.colcon_core.environment:checking '/home/user/robot_ws/install/ah_bot_dashboard' for CMake config files
[2.229s] Level 1:colcon.colcon_core.environment:checking '/home/user/robot_ws/install/ah_bot_dashboard/lib'
[2.229s] Level 1:colcon.colcon_core.environment:checking '/home/user/robot_ws/install/ah_bot_dashboard/bin'
[2.230s] Level 1:colcon.colcon_core.environment:checking '/home/user/robot_ws/install/ah_bot_dashboard/lib/pkgconfig/ah_bot_dashboard.pc'
[2.230s] Level 1:colcon.colcon_core.environment:checking '/home/user/robot_ws/install/ah_bot_dashboard/lib/python3.10/site-packages'
[2.230s] Level 1:colcon.colcon_core.shell:create_environment_hook('ah_bot_dashboard', 'pythonpath')
[2.231s] INFO:colcon.colcon_core.shell:Creating environment hook '/home/user/robot_ws/install/ah_bot_dashboard/share/ah_bot_dashboard/hook/pythonpath.ps1'
[2.232s] INFO:colcon.colcon_core.shell:Creating environment descriptor '/home/user/robot_ws/install/ah_bot_dashboard/share/ah_bot_dashboard/hook/pythonpath.dsv'
[2.234s] INFO:colcon.colcon_core.shell:Creating environment hook '/home/user/robot_ws/install/ah_bot_dashboard/share/ah_bot_dashboard/hook/pythonpath.sh'
[2.236s] Level 1:colcon.colcon_core.environment:checking '/home/user/robot_ws/install/ah_bot_dashboard/bin'
[2.236s] Level 1:colcon.colcon_core.environment:create_environment_scripts_only(ah_bot_dashboard)
[2.237s] INFO:colcon.colcon_core.shell:Creating package script '/home/user/robot_ws/install/ah_bot_dashboard/share/ah_bot_dashboard/package.ps1'
[2.238s] INFO:colcon.colcon_core.shell:Creating package descriptor '/home/user/robot_ws/install/ah_bot_dashboard/share/ah_bot_dashboard/package.dsv'
[2.239s] INFO:colcon.colcon_core.shell:Creating package script '/home/user/robot_ws/install/ah_bot_dashboard/share/ah_bot_dashboard/package.sh'
[2.240s] INFO:colcon.colcon_core.shell:Creating package script '/home/user/robot_ws/install/ah_bot_dashboard/share/ah_bot_dashboard/package.bash'
[2.240s] INFO:colcon.colcon_core.shell:Creating package script '/home/user/robot_ws/install/ah_bot_dashboard/share/ah_bot_dashboard/package.zsh'
[2.241s] Level 1:colcon.colcon_core.environment:create_file_with_runtime_dependencies(/home/user/robot_ws/install/ah_bot_dashboard/share/colcon-core/packages/ah_bot_dashboard)
[2.245s] Level 1:colcon.colcon_core.shell:create_environment_hook('ah_bot_mujoco', 'pythonpath_develop')
[2.246s] INFO:colcon.colcon_core.shell:Creating environment hook '/home/user/robot_ws/build/ah_bot_mujoco/share/ah_bot_mujoco/hook/pythonpath_develop.ps1'
[2.246s] DEBUG:colcon.colcon_core.event_handler.log_command:Invoked command in '/home/user/robot_ws/build/ah_bot_mujoco' returned '0': PYTHONPATH=/home/user/robot_ws/build/ah_bot_mujoco/prefix_override:/usr/lib/python3/dist-packages/colcon_core/task/python/colcon_distutils_commands:/home/user/robot_ws/install/ah_bot_mujoco/lib/python3.10/site-packages:${PYTHONPATH} /usr/bin/python3 -W ignore:setup.py install is deprecated -W ignore:easy_install command is deprecated setup.py develop --editable --build-directory /home/user/robot_ws/build/ah_bot_mujoco/build --no-deps symlink_data
[2.247s] INFO:colcon.colcon_core.shell:Creating environment descriptor '/home/user/robot_ws/build/ah_bot_mujoco/share/ah_bot_mujoco/hook/pythonpath_develop.dsv'
[2.249s] INFO:colcon.colcon_core.shell:Creating environment hook '/home/user/robot_ws/build/ah_bot_mujoco/share/ah_bot_mujoco/hook/pythonpath_develop.sh'
[2.251s] Level 1:colcon.colcon_core.environment:checking '/home/user/robot_ws/install/ah_bot_mujoco' for CMake module files
[2.253s] Level 1:colcon.colcon_core.environment:checking '/home/user/robot_ws/install/ah_bot_mujoco' for CMake config files
[2.253s] Level 1:colcon.colcon_core.environment:checking '/home/user/robot_ws/install/ah_bot_mujoco/lib'
[2.253s] Level 1:colcon.colcon_core.environment:checking '/home/user/robot_ws/install/ah_bot_mujoco/bin'
[2.253s] Level 1:colcon.colcon_core.environment:checking '/home/user/robot_ws/install/ah_bot_mujoco/lib/pkgconfig/ah_bot_mujoco.pc'
[2.254s] Level 1:colcon.colcon_core.environment:checking '/home/user/robot_ws/install/ah_bot_mujoco/lib/python3.10/site-packages'
[2.254s] Level 1:colcon.colcon_core.shell:create_environment_hook('ah_bot_mujoco', 'pythonpath')
[2.254s] INFO:colcon.colcon_core.shell:Creating environment hook '/home/user/robot_ws/install/ah_bot_mujoco/share/ah_bot_mujoco/hook/pythonpath.ps1'
[2.255s] INFO:colcon.colcon_core.shell:Creating environment descriptor '/home/user/robot_ws/install/ah_bot_mujoco/share/ah_bot_mujoco/hook/pythonpath.dsv'
[2.256s] INFO:colcon.colcon_core.shell:Creating environment hook '/home/user/robot_ws/install/ah_bot_mujoco/share/ah_bot_mujoco/hook/pythonpath.sh'
[2.257s] Level 1:colcon.colcon_core.environment:checking '/home/user/robot_ws/install/ah_bot_mujoco/bin'
[2.257s] Level 1:colcon.colcon_core.environment:create_environment_scripts_only(ah_bot_mujoco)
[2.257s] INFO:colcon.colcon_core.shell:Creating package script '/home/user/robot_ws/install/ah_bot_mujoco/share/ah_bot_mujoco/package.ps1'
[2.258s] INFO:colcon.colcon_core.shell:Creating package descriptor '/home/user/robot_ws/install/ah_bot_mujoco/share/ah_bot_mujoco/package.dsv'
[2.259s] INFO:colcon.colcon_core.shell:Creating package script '/home/user/robot_ws/install/ah_bot_mujoco/share/ah_bot_mujoco/package.sh'
[2.260s] INFO:colcon.colcon_core.shell:Creating package script '/home/user/robot_ws/install/ah_bot_mujoco/share/ah_bot_mujoco/package.bash'
[2.261s] INFO:colcon.colcon_core.shell:Creating package script '/home/user/robot_ws/install/ah_bot_mujoco/share/ah_bot_mujoco/package.zsh'
[2.261s] Level 1:colcon.colcon_core.environment:create_file_with_runtime_dependencies(/home/user/robot_ws/install/ah_bot_mujoco/share/colcon-core/packages/ah_bot_mujoco)
[2.262s] DEBUG:colcon.colcon_parallel_executor.executor.parallel:closing loop
[2.262s] DEBUG:colcon.colcon_parallel_executor.executor.parallel:loop closed
[2.262s] DEBUG:colcon.colcon_parallel_executor.executor.parallel:run_until_complete finished with '0'
[2.262s] DEBUG:colcon.colcon_core.event_reactor:joining thread
[2.274s] INFO:colcon.colcon_core.plugin_system:Skipping extension 'colcon_notification.desktop_notification.notify_send': Could not find 'notify-send'
[2.274s] INFO:colcon.colcon_core.plugin_system:Skipping extension 'colcon_notification.desktop_notification.terminal_notifier': Not used on non-Darwin systems
[2.274s] INFO:colcon.colcon_core.plugin_system:Skipping extension 'colcon_notification.desktop_notification.win32': Not used on non-Windows systems
[2.274s] INFO:colcon.colcon_notification.desktop_notification:Sending desktop notification using 'notify2'
[2.278s] DEBUG:colcon.colcon_notification.desktop_notification.notify2:Failed to initialize notify2: org.freedesktop.DBus.Error.Spawn.ExecFailed: /usr/bin/dbus-launch terminated abnormally without any error message
[2.279s] DEBUG:colcon.colcon_core.event_reactor:joined thread
[2.280s] INFO:colcon.colcon_core.shell:Creating prefix script '/home/user/robot_ws/install/local_setup.ps1'
[2.284s] INFO:colcon.colcon_core.shell:Creating prefix util module '/home/user/robot_ws/install/_local_setup_util_ps1.py'
[2.287s] INFO:colcon.colcon_core.shell:Creating prefix chain script '/home/user/robot_ws/install/setup.ps1'
[2.290s] INFO:colcon.colcon_core.shell:Creating prefix script '/home/user/robot_ws/install/local_setup.sh'
[2.291s] INFO:colcon.colcon_core.shell:Creating prefix util module '/home/user/robot_ws/install/_local_setup_util_sh.py'
[2.292s] INFO:colcon.colcon_core.shell:Creating prefix chain script '/home/user/robot_ws/install/setup.sh'
[2.294s] INFO:colcon.colcon_core.shell:Creating prefix script '/home/user/robot_ws/install/local_setup.bash'
[2.295s] INFO:colcon.colcon_core.shell:Creating prefix chain script '/home/user/robot_ws/install/setup.bash'
[2.297s] INFO:colcon.colcon_core.shell:Creating prefix script '/home/user/robot_ws/install/local_setup.zsh'
[2.298s] INFO:colcon.colcon_core.shell:Creating prefix chain script '/home/user/robot_ws/install/setup.zsh'
