running develop
running egg_info
creating ah_bot_mujoco.egg-info
writing ah_bot_mujoco.egg-info/PKG-INFO
writing dependency_links to ah_bot_mujoco.egg-info/dependency_links.txt
writing entry points to ah_bot_mujoco.egg-info/entry_points.txt
writing requirements to ah_bot_mujoco.egg-info/requires.txt
writing top-level names to ah_bot_mujoco.egg-info/top_level.txt
writing manifest file 'ah_bot_mujoco.egg-info/SOURCES.txt'
reading manifest file 'ah_bot_mujoco.egg-info/SOURCES.txt'
writing manifest file 'ah_bot_mujoco.egg-info/SOURCES.txt'
running build_ext
Creating /home/user/robot_ws/install/ah_bot_mujoco/lib/python3.10/site-packages/ah-bot-mujoco.egg-link (link to .)
Installing mujoco_node script to /home/user/robot_ws/install/ah_bot_mujoco/lib/ah_bot_mujoco

Installed /home/user/robot_ws/build/ah_bot_mujoco
running symlink_data
creating /home/user/robot_ws/install/ah_bot_mujoco/share/ament_index
creating /home/user/robot_ws/install/ah_bot_mujoco/share/ament_index/resource_index
creating /home/user/robot_ws/install/ah_bot_mujoco/share/ament_index/resource_index/packages
symbolically linking /home/user/robot_ws/build/ah_bot_mujoco/resource/ah_bot_mujoco -> /home/user/robot_ws/install/ah_bot_mujoco/share/ament_index/resource_index/packages
symbolically linking /home/user/robot_ws/build/ah_bot_mujoco/package.xml -> /home/user/robot_ws/install/ah_bot_mujoco/share/ah_bot_mujoco
